# JRE version: OpenJDK Runtime Environment (8.0_252-b09) (build 1.8.0_252-b09)
# Java VM: OpenJDK 64-Bit Server VM (25.252-b09 mixed mode linux-amd64 compressed oops)
Heap:
 par new generation   total 306688K, used 0K [0x0000000505c00000, 0x000000051a8c0000, 0x000000051a8c0000)
  eden space 272640K,   0% used [0x0000000505c00000, 0x0000000505c00000, 0x0000000516640000)
  from space 34048K,   0% used [0x0000000516640000, 0x0000000516640000, 0x0000000518780000)
  to   space 34048K,   0% used [0x0000000518780000, 0x0000000518780000, 0x000000051a8c0000)
 concurrent mark-sweep generation total 7443492K, used 7252677K [0x000000051a8c0000, 0x00000006e0dc9000, 0x00000007c0000000)
 Metaspace       used 119921K, capacity 121846K, committed 122088K, reserved 1155072K
  class space    used 16157K, capacity 16535K, committed 16628K, reserved 1048576K
GC Heap History (250 events):
Event: 77.286 GC heap after
Heap after GC invocations=49 (full 11):
 par new generation   total 74944K, used 4762K [0x0000000505c00000, 0x000000050ad50000, 0x000000051a8c0000)
  eden space 66624K,   0% used [0x0000000505c00000, 0x0000000505c00000, 0x0000000509d10000)
  from space 8320K,  57% used [0x000000050a530000, 0x000000050a9d6bd8, 0x000000050ad50000)
  to   space 8320K,   0% used [0x0000000509d10000, 0x0000000509d10000, 0x000000050a530000)
 concurrent mark-sweep generation total 166592K, used 111639K [0x000000051a8c0000, 0x0000000524b70000, 0x00000007c0000000)
 Metaspace       used 101559K, capacity 102344K, committed 102760K, reserved 1138688K
  class space    used 13963K, capacity 14154K, committed 14196K, reserved 1048576K
}
Event: 77.433 GC heap before
{Heap before GC invocations=49 (full 11):
 par new generation   total 74944K, used 71386K [0x0000000505c00000, 0x000000050ad50000, 0x000000051a8c0000)
  eden space 66624K, 100% used [0x0000000505c00000, 0x0000000509d10000, 0x0000000509d10000)
  from space 8320K,  57% used [0x000000050a530000, 0x000000050a9d6bd8, 0x000000050ad50000)
  to   space 8320K,   0% used [0x0000000509d10000, 0x0000000509d10000, 0x000000050a530000)
 concurrent mark-sweep generation total 166592K, used 111639K [0x000000051a8c0000, 0x0000000524b70000, 0x00000007c0000000)
 Metaspace       used 101934K, capacity 102670K, committed 103144K, reserved 1138688K
  class space    used 14029K, capacity 14203K, committed 14324K, reserved 1048576K
Event: 77.439 GC heap after
Heap after GC invocations=50 (full 11):
 par new generation   total 74944K, used 4401K [0x0000000505c00000, 0x000000050ad50000, 0x000000051a8c0000)
  eden space 66624K,   0% used [0x0000000505c00000, 0x0000000505c00000, 0x0000000509d10000)
  from space 8320K,  52% used [0x0000000509d10000, 0x000000050a15c780, 0x000000050a530000)
  to   space 8320K,   0% used [0x000000050a530000, 0x000000050a530000, 0x000000050ad50000)
 concurrent mark-sweep generation total 166592K, used 112625K [0x000000051a8c0000, 0x0000000524b70000, 0x00000007c0000000)
 Metaspace       used 101934K, capacity 102670K, committed 103144K, reserved 1138688K
  class space    used 14029K, capacity 14203K, committed 14324K, reserved 1048576K
}
Event: 83.881 GC heap before
{Heap before GC invocations=50 (full 11):
 par new generation   total 74944K, used 71025K [0x0000000505c00000, 0x000000050ad50000, 0x000000051a8c0000)
  eden space 66624K, 100% used [0x0000000505c00000, 0x0000000509d10000, 0x0000000509d10000)
  from space 8320K,  52% used [0x0000000509d10000, 0x000000050a15c780, 0x000000050a530000)
  to   space 8320K,   0% used [0x000000050a530000, 0x000000050a530000, 0x000000050ad50000)
 concurrent mark-sweep generation total 186760K, used 112055K [0x000000051a8c0000, 0x0000000525f22000, 0x00000007c0000000)
 Metaspace       used 102335K, capacity 103184K, committed 103400K, reserved 1138688K
  class space    used 14061K, capacity 14262K, committed 14324K, reserved 1048576K
Event: 83.900 GC heap after
Heap after GC invocations=51 (full 11):
 par new generation   total 74944K, used 5864K [0x0000000505c00000, 0x000000050ad50000, 0x000000051a8c0000)
  eden space 66624K,   0% used [0x0000000505c00000, 0x0000000505c00000, 0x0000000509d10000)
  from space 8320K,  70% used [0x000000050a530000, 0x000000050aaea2b8, 0x000000050ad50000)
  to   space 8320K,   0% used [0x0000000509d10000, 0x0000000509d10000, 0x000000050a530000)
 concurrent mark-sweep generation total 186760K, used 128833K [0x000000051a8c0000, 0x0000000525f22000, 0x00000007c0000000)
 Metaspace       used 102335K, capacity 103184K, committed 103400K, reserved 1138688K
  class space    used 14061K, capacity 14262K, committed 14324K, reserved 1048576K
}
Event: 84.107 GC heap before
{Heap before GC invocations=51 (full 11):
 par new generation   total 74944K, used 72488K [0x0000000505c00000, 0x000000050ad50000, 0x000000051a8c0000)
  eden space 66624K, 100% used [0x0000000505c00000, 0x0000000509d10000, 0x0000000509d10000)
  from space 8320K,  70% used [0x000000050a530000, 0x000000050aaea2b8, 0x000000050ad50000)
  to   space 8320K,   0% used [0x0000000509d10000, 0x0000000509d10000, 0x000000050a530000)
 concurrent mark-sweep generation total 186760K, used 128833K [0x000000051a8c0000, 0x0000000525f22000, 0x00000007c0000000)
 Metaspace       used 102445K, capacity 103248K, committed 103656K, reserved 1138688K
  class space    used 14061K, capacity 14262K, committed 14324K, reserved 1048576K
Event: 84.112 GC heap after
Heap after GC invocations=52 (full 11):
 par new generation   total 74944K, used 5615K [0x0000000505c00000, 0x000000050ad50000, 0x000000051a8c0000)
  eden space 66624K,   0% used [0x0000000505c00000, 0x0000000505c00000, 0x0000000509d10000)
  from space 8320K,  67% used [0x0000000509d10000, 0x000000050a28bed8, 0x000000050a530000)
  to   space 8320K,   0% used [0x000000050a530000, 0x000000050a530000, 0x000000050ad50000)
 concurrent mark-sweep generation total 186760K, used 129083K [0x000000051a8c0000, 0x0000000525f22000, 0x00000007c0000000)
 Metaspace       used 102445K, capacity 103248K, committed 103656K, reserved 1138688K
  class space    used 14061K, capacity 14262K, committed 14324K, reserved 1048576K
}
Event: 84.832 GC heap before
{Heap before GC invocations=52 (full 11):
 par new generation   total 74944K, used 60875K [0x0000000505c00000, 0x000000050ad50000, 0x000000051a8c0000)
  eden space 66624K,  82% used [0x0000000505c00000, 0x00000005091f70b8, 0x0000000509d10000)
  from space 8320K,  67% used [0x0000000509d10000, 0x000000050a28bed8, 0x000000050a530000)
  to   space 8320K,   0% used [0x000000050a530000, 0x000000050a530000, 0x000000050ad50000)
 concurrent mark-sweep generation total 186760K, used 129083K [0x000000051a8c0000, 0x0000000525f22000, 0x00000007c0000000)
 Metaspace       used 102482K, capacity 103312K, committed 103656K, reserved 1138688K
  class space    used 14061K, capacity 14262K, committed 14324K, reserved 1048576K
Event: 84.837 GC heap after
Heap after GC invocations=53 (full 11):
 par new generation   total 74944K, used 4901K [0x0000000505c00000, 0x000000050ad50000, 0x000000051a8c0000)
  eden space 66624K,   0% used [0x0000000505c00000, 0x0000000505c00000, 0x0000000509d10000)
  from space 8320K,  58% used [0x000000050a530000, 0x000000050a9f9520, 0x000000050ad50000)
  to   space 8320K,   0% used [0x0000000509d10000, 0x0000000509d10000, 0x000000050a530000)
 concurrent mark-sweep generation total 186760K, used 129672K [0x000000051a8c0000, 0x0000000525f22000, 0x00000007c0000000)
 Metaspace       used 102482K, capacity 103312K, committed 103656K, reserved 1138688K
  class space    used 14061K, capacity 14262K, committed 14324K, reserved 1048576K
}
Event: 106.456 GC heap before
{Heap before GC invocations=53 (full 11):
 par new generation   total 74944K, used 71525K [0x0000000505c00000, 0x000000050ad50000, 0x000000051a8c0000)
  eden space 66624K, 100% used [0x0000000505c00000, 0x0000000509d10000, 0x0000000509d10000)
  from space 8320K,  58% used [0x000000050a530000, 0x000000050a9f9520, 0x000000050ad50000)
  to   space 8320K,   0% used [0x0000000509d10000, 0x0000000509d10000, 0x000000050a530000)
 concurrent mark-sweep generation total 186760K, used 129672K [0x000000051a8c0000, 0x0000000525f22000, 0x00000007c0000000)
 Metaspace       used 103717K, capacity 104566K, committed 104808K, reserved 1140736K
  class space    used 14196K, capacity 14409K, committed 14452K, reserved 1048576K
Event: 106.474 GC heap after
Heap after GC invocations=54 (full 11):
 par new generation   total 74944K, used 5396K [0x0000000505c00000, 0x000000050ad50000, 0x000000051a8c0000)
  eden space 66624K,   0% used [0x0000000505c00000, 0x0000000505c00000, 0x0000000509d10000)
  from space 8320K,  64% used [0x0000000509d10000, 0x000000050a255298, 0x000000050a530000)
  to   space 8320K,   0% used [0x000000050a530000, 0x000000050a530000, 0x000000050ad50000)
 concurrent mark-sweep generation total 186760K, used 146597K [0x000000051a8c0000, 0x0000000525f22000, 0x00000007c0000000)
 Metaspace       used 103717K, capacity 104566K, committed 104808K, reserved 1140736K
  class space    used 14196K, capacity 14409K, committed 14452K, reserved 1048576K
}
Event: 127.496 GC heap before
{Heap before GC invocations=54 (full 12):
 par new generation   total 74944K, used 72020K [0x0000000505c00000, 0x000000050ad50000, 0x000000051a8c0000)
  eden space 66624K, 100% used [0x0000000505c00000, 0x0000000509d10000, 0x0000000509d10000)
  from space 8320K,  64% used [0x0000000509d10000, 0x000000050a255298, 0x000000050a530000)
  to   space 8320K,   0% used [0x000000050a530000, 0x000000050a530000, 0x000000050ad50000)
 concurrent mark-sweep generation total 243924K, used 146353K [0x000000051a8c0000, 0x00000005296f5000, 0x00000007c0000000)
 Metaspace       used 105179K, capacity 106082K, committed 106344K, reserved 1140736K
  class space    used 14412K, capacity 14635K, committed 14708K, reserved 1048576K
Event: 127.501 GC heap after
Heap after GC invocations=55 (full 12):
 par new generation   total 74944K, used 6629K [0x0000000505c00000, 0x000000050ad50000, 0x000000051a8c0000)
  eden space 66624K,   0% used [0x0000000505c00000, 0x0000000505c00000, 0x0000000509d10000)
  from space 8320K,  79% used [0x000000050a530000, 0x000000050aba94e0, 0x000000050ad50000)
  to   space 8320K,   0% used [0x0000000509d10000, 0x0000000509d10000, 0x000000050a530000)
 concurrent mark-sweep generation total 243924K, used 146836K [0x000000051a8c0000, 0x00000005296f5000, 0x00000007c0000000)
 Metaspace       used 105179K, capacity 106082K, committed 106344K, reserved 1140736K
  class space    used 14412K, capacity 14635K, committed 14708K, reserved 1048576K
}
Event: 127.711 GC heap before
{Heap before GC invocations=55 (full 12):
 par new generation   total 74944K, used 73253K [0x0000000505c00000, 0x000000050ad50000, 0x000000051a8c0000)
  eden space 66624K, 100% used [0x0000000505c00000, 0x0000000509d10000, 0x0000000509d10000)
  from space 8320K,  79% used [0x000000050a530000, 0x000000050aba94e0, 0x000000050ad50000)
  to   space 8320K,   0% used [0x0000000509d10000, 0x0000000509d10000, 0x000000050a530000)
 concurrent mark-sweep generation total 243924K, used 146836K [0x000000051a8c0000, 0x00000005296f5000, 0x00000007c0000000)
 Metaspace       used 106820K, capacity 107688K, committed 107880K, reserved 1142784K
  class space    used 14676K, capacity 14892K, committed 14964K, reserved 1048576K
Event: 127.719 GC heap after
Heap after GC invocations=56 (full 12):
 par new generation   total 74944K, used 6519K [0x0000000505c00000, 0x000000050ad50000, 0x000000051a8c0000)
  eden space 66624K,   0% used [0x0000000505c00000, 0x0000000505c00000, 0x0000000509d10000)
  from space 8320K,  78% used [0x0000000509d10000, 0x000000050a36dcd8, 0x000000050a530000)
  to   space 8320K,   0% used [0x000000050a530000, 0x000000050a530000, 0x000000050ad50000)
 concurrent mark-sweep generation total 243924K, used 148578K [0x000000051a8c0000, 0x00000005296f5000, 0x00000007c0000000)
 Metaspace       used 106820K, capacity 107688K, committed 107880K, reserved 1142784K
  class space    used 14676K, capacity 14892K, committed 14964K, reserved 1048576K
}
Event: 128.301 GC heap before
{Heap before GC invocations=56 (full 12):
 par new generation   total 74944K, used 73143K [0x0000000505c00000, 0x000000050ad50000, 0x000000051a8c0000)
  eden space 66624K, 100% used [0x0000000505c00000, 0x0000000509d10000, 0x0000000509d10000)
  from space 8320K,  78% used [0x0000000509d10000, 0x000000050a36dcd8, 0x000000050a530000)
  to   space 8320K,   0% used [0x000000050a530000, 0x000000050a530000, 0x000000050ad50000)
 concurrent mark-sweep generation total 243924K, used 148578K [0x000000051a8c0000, 0x00000005296f5000, 0x00000007c0000000)
 Metaspace       used 108732K, capacity 109682K, committed 110184K, reserved 1144832K
  class space    used 14908K, capacity 15124K, committed 15220K, reserved 1048576K
Event: 128.318 GC heap after
Heap after GC invocations=57 (full 12):
 par new generation   total 74944K, used 5820K [0x0000000505c00000, 0x000000050ad50000, 0x000000051a8c0000)
  eden space 66624K,   0% used [0x0000000505c00000, 0x0000000505c00000, 0x0000000509d10000)
  from space 8320K,  69% used [0x000000050a530000, 0x000000050aadf328, 0x000000050ad50000)
  to   space 8320K,   0% used [0x0000000509d10000, 0x0000000509d10000, 0x000000050a530000)
 concurrent mark-sweep generation total 243924K, used 149121K [0x000000051a8c0000, 0x00000005296f5000, 0x00000007c0000000)
 Metaspace       used 108732K, capacity 109682K, committed 110184K, reserved 1144832K
  class space    used 14908K, capacity 15124K, committed 15220K, reserved 1048576K
}
Event: 128.603 GC heap before
{Heap before GC invocations=57 (full 12):
 par new generation   total 74944K, used 72444K [0x0000000505c00000, 0x000000050ad50000, 0x000000051a8c0000)
  eden space 66624K, 100% used [0x0000000505c00000, 0x0000000509d10000, 0x0000000509d10000)
  from space 8320K,  69% used [0x000000050a530000, 0x000000050aadf328, 0x000000050ad50000)
  to   space 8320K,   0% used [0x0000000509d10000, 0x0000000509d10000, 0x000000050a530000)
 concurrent mark-sweep generation total 243924K, used 149121K [0x000000051a8c0000, 0x00000005296f5000, 0x00000007c0000000)
 Metaspace       used 110177K, capacity 111146K, committed 111464K, reserved 1144832K
  class space    used 15124K, capacity 15352K, committed 15476K, reserved 1048576K
Event: 128.615 GC heap after
Heap after GC invocations=58 (full 12):
 par new generation   total 74944K, used 5893K [0x0000000505c00000, 0x000000050ad50000, 0x000000051a8c0000)
  eden space 66624K,   0% used [0x0000000505c00000, 0x0000000505c00000, 0x0000000509d10000)
  from space 8320K,  70% used [0x0000000509d10000, 0x000000050a2d1508, 0x000000050a530000)
  to   space 8320K,   0% used [0x000000050a530000, 0x000000050a530000, 0x000000050ad50000)
 concurrent mark-sweep generation total 243924K, used 150187K [0x000000051a8c0000, 0x00000005296f5000, 0x00000007c0000000)
 Metaspace       used 110177K, capacity 111146K, committed 111464K, reserved 1144832K
  class space    used 15124K, capacity 15352K, committed 15476K, reserved 1048576K
}
Event: 168.418 GC heap before
{Heap before GC invocations=58 (full 12):
 par new generation   total 74944K, used 72517K [0x0000000505c00000, 0x000000050ad50000, 0x000000051a8c0000)
  eden space 66624K, 100% used [0x0000000505c00000, 0x0000000509d10000, 0x0000000509d10000)
  from space 8320K,  70% used [0x0000000509d10000, 0x000000050a2d1508, 0x000000050a530000)
  to   space 8320K,   0% used [0x000000050a530000, 0x000000050a530000, 0x000000050ad50000)
 concurrent mark-sweep generation total 243924K, used 150187K [0x000000051a8c0000, 0x00000005296f5000, 0x00000007c0000000)
 Metaspace       used 111425K, capacity 112600K, committed 112872K, reserved 1146880K
  class space    used 15252K, capacity 15511K, committed 15604K, reserved 1048576K
Event: 168.425 GC heap after
Heap after GC invocations=59 (full 12):
 par new generation   total 74944K, used 5870K [0x0000000505c00000, 0x000000050ad50000, 0x000000051a8c0000)
  eden space 66624K,   0% used [0x0000000505c00000, 0x0000000505c00000, 0x0000000509d10000)
  from space 8320K,  70% used [0x000000050a530000, 0x000000050aaeb898, 0x000000050ad50000)
  to   space 8320K,   0% used [0x0000000509d10000, 0x0000000509d10000, 0x000000050a530000)
 concurrent mark-sweep generation total 243924K, used 150846K [0x000000051a8c0000, 0x00000005296f5000, 0x00000007c0000000)
 Metaspace       used 111425K, capacity 112600K, committed 112872K, reserved 1146880K
  class space    used 15252K, capacity 15511K, committed 15604K, reserved 1048576K
}
Event: 249.226 GC heap before
{Heap before GC invocations=59 (full 12):
 par new generation   total 74944K, used 72494K [0x0000000505c00000, 0x000000050ad50000, 0x000000051a8c0000)
  eden space 66624K, 100% used [0x0000000505c00000, 0x0000000509d10000, 0x0000000509d10000)
  from space 8320K,  70% used [0x000000050a530000, 0x000000050aaeb898, 0x000000050ad50000)
  to   space 8320K,   0% used [0x0000000509d10000, 0x0000000509d10000, 0x000000050a530000)
 concurrent mark-sweep generation total 243924K, used 150846K [0x000000051a8c0000, 0x00000005296f5000, 0x00000007c0000000)
 Metaspace       used 112011K, capacity 113246K, committed 113384K, reserved 1146880K
  class space    used 15272K, capacity 15544K, committed 15604K, reserved 1048576K
Event: 249.234 GC heap after
Heap after GC invocations=60 (full 12):
 par new generation   total 74944K, used 6477K [0x0000000505c00000, 0x000000050ad50000, 0x000000051a8c0000)
  eden space 66624K,   0% used [0x0000000505c00000, 0x0000000505c00000, 0x0000000509d10000)
  from space 8320K,  77% used [0x0000000509d10000, 0x000000050a363798, 0x000000050a530000)
  to   space 8320K,   0% used [0x000000050a530000, 0x000000050a530000, 0x000000050ad50000)
 concurrent mark-sweep generation total 243924K, used 151349K [0x000000051a8c0000, 0x00000005296f5000, 0x00000007c0000000)
 Metaspace       used 112011K, capacity 113246K, committed 113384K, reserved 1146880K
  class space    used 15272K, capacity 15544K, committed 15604K, reserved 1048576K
}
Event: 326.230 GC heap before
{Heap before GC invocations=60 (full 12):
 par new generation   total 74944K, used 73101K [0x0000000505c00000, 0x000000050ad50000, 0x000000051a8c0000)
  eden space 66624K, 100% used [0x0000000505c00000, 0x0000000509d10000, 0x0000000509d10000)
  from space 8320K,  77% used [0x0000000509d10000, 0x000000050a363798, 0x000000050a530000)
  to   space 8320K,   0% used [0x000000050a530000, 0x000000050a530000, 0x000000050ad50000)
 concurrent mark-sweep generation total 243924K, used 151349K [0x000000051a8c0000, 0x00000005296f5000, 0x00000007c0000000)
 Metaspace       used 112261K, capacity 113548K, committed 113640K, reserved 1146880K
  class space    used 15298K, capacity 15577K, committed 15604K, reserved 1048576K
Event: 326.242 GC heap after
Heap after GC invocations=61 (full 12):
 par new generation   total 74944K, used 6218K [0x0000000505c00000, 0x000000050ad50000, 0x000000051a8c0000)
  eden space 66624K,   0% used [0x0000000505c00000, 0x0000000505c00000, 0x0000000509d10000)
  from space 8320K,  74% used [0x000000050a530000, 0x000000050ab42828, 0x000000050ad50000)
  to   space 8320K,   0% used [0x0000000509d10000, 0x0000000509d10000, 0x000000050a530000)
 concurrent mark-sweep generation total 243924K, used 152356K [0x000000051a8c0000, 0x00000005296f5000, 0x00000007c0000000)
 Metaspace       used 112261K, capacity 113548K, committed 113640K, reserved 1146880K
  class space    used 15298K, capacity 15577K, committed 15604K, reserved 1048576K
}
Event: 396.544 GC heap before
{Heap before GC invocations=61 (full 12):
 par new generation   total 74944K, used 72838K [0x0000000505c00000, 0x000000050ad50000, 0x000000051a8c0000)
  eden space 66624K,  99% used [0x0000000505c00000, 0x0000000509d0f1d8, 0x0000000509d10000)
  from space 8320K,  74% used [0x000000050a530000, 0x000000050ab42828, 0x000000050ad50000)
  to   space 8320K,   0% used [0x0000000509d10000, 0x0000000509d10000, 0x000000050a530000)
 concurrent mark-sweep generation total 243924K, used 152356K [0x000000051a8c0000, 0x00000005296f5000, 0x00000007c0000000)
 Metaspace       used 112691K, capacity 114092K, committed 114280K, reserved 1148928K
  class space    used 15325K, capacity 15625K, committed 15732K, reserved 1048576K
Event: 396.550 GC heap after
Heap after GC invocations=62 (full 12):
 par new generation   total 74944K, used 6948K [0x0000000505c00000, 0x000000050ad50000, 0x000000051a8c0000)
  eden space 66624K,   0% used [0x0000000505c00000, 0x0000000505c00000, 0x0000000509d10000)
  from space 8320K,  83% used [0x0000000509d10000, 0x000000050a3d9060, 0x000000050a530000)
  to   space 8320K,   0% used [0x000000050a530000, 0x000000050a530000, 0x000000050ad50000)
 concurrent mark-sweep generation total 243924K, used 152356K [0x000000051a8c0000, 0x00000005296f5000, 0x00000007c0000000)
 Metaspace       used 112691K, capacity 114092K, committed 114280K, reserved 1148928K
  class space    used 15325K, capacity 15625K, committed 15732K, reserved 1048576K
}
Event: 487.053 GC heap before
{Heap before GC invocations=62 (full 12):
 par new generation   total 74944K, used 73572K [0x0000000505c00000, 0x000000050ad50000, 0x000000051a8c0000)
  eden space 66624K, 100% used [0x0000000505c00000, 0x0000000509d10000, 0x0000000509d10000)
  from space 8320K,  83% used [0x0000000509d10000, 0x000000050a3d9060, 0x000000050a530000)
  to   space 8320K,   0% used [0x000000050a530000, 0x000000050a530000, 0x000000050ad50000)
 concurrent mark-sweep generation total 243924K, used 152356K [0x000000051a8c0000, 0x00000005296f5000, 0x00000007c0000000)
 Metaspace       used 112764K, capacity 114162K, committed 114280K, reserved 1148928K
  class space    used 15325K, capacity 15626K, committed 15732K, reserved 1048576K
Event: 487.060 GC heap after
Heap after GC invocations=63 (full 12):
 par new generation   total 74944K, used 6915K [0x0000000505c00000, 0x000000050ad50000, 0x000000051a8c0000)
  eden space 66624K,   0% used [0x0000000505c00000, 0x0000000505c00000, 0x0000000509d10000)
  from space 8320K,  83% used [0x000000050a530000, 0x000000050abf0cf0, 0x000000050ad50000)
  to   space 8320K,   0% used [0x0000000509d10000, 0x0000000509d10000, 0x000000050a530000)
 concurrent mark-sweep generation total 243924K, used 153281K [0x000000051a8c0000, 0x00000005296f5000, 0x00000007c0000000)
 Metaspace       used 112764K, capacity 114162K, committed 114280K, reserved 1148928K
  class space    used 15325K, capacity 15626K, committed 15732K, reserved 1048576K
}
Event: 539.481 GC heap before
{Heap before GC invocations=63 (full 12):
 par new generation   total 74944K, used 73539K [0x0000000505c00000, 0x000000050ad50000, 0x000000051a8c0000)
  eden space 66624K, 100% used [0x0000000505c00000, 0x0000000509d10000, 0x0000000509d10000)
  from space 8320K,  83% used [0x000000050a530000, 0x000000050abf0cf0, 0x000000050ad50000)
  to   space 8320K,   0% used [0x0000000509d10000, 0x0000000509d10000, 0x000000050a530000)
 concurrent mark-sweep generation total 243924K, used 153281K [0x000000051a8c0000, 0x00000005296f5000, 0x00000007c0000000)
 Metaspace       used 112871K, capacity 114296K, committed 114536K, reserved 1148928K
  class space    used 15326K, capacity 15627K, committed 15732K, reserved 1048576K
Event: 539.488 GC heap after
Heap after GC invocations=64 (full 12):
 par new generation   total 74944K, used 6907K [0x0000000505c00000, 0x000000050ad50000, 0x000000051a8c0000)
  eden space 66624K,   0% used [0x0000000505c00000, 0x0000000505c00000, 0x0000000509d10000)
  from space 8320K,  83% used [0x0000000509d10000, 0x000000050a3cecb8, 0x000000050a530000)
  to   space 8320K,   0% used [0x000000050a530000, 0x000000050a530000, 0x000000050ad50000)
 concurrent mark-sweep generation total 243924K, used 154501K [0x000000051a8c0000, 0x00000005296f5000, 0x00000007c0000000)
 Metaspace       used 112871K, capacity 114296K, committed 114536K, reserved 1148928K
  class space    used 15326K, capacity 15627K, committed 15732K, reserved 1048576K
}
Event: 539.681 GC heap before
{Heap before GC invocations=64 (full 12):
 par new generation   total 74944K, used 73531K [0x0000000505c00000, 0x000000050ad50000, 0x000000051a8c0000)
  eden space 66624K, 100% used [0x0000000505c00000, 0x0000000509d10000, 0x0000000509d10000)
  from space 8320K,  83% used [0x0000000509d10000, 0x000000050a3cecb8, 0x000000050a530000)
  to   space 8320K,   0% used [0x000000050a530000, 0x000000050a530000, 0x000000050ad50000)
 concurrent mark-sweep generation total 243924K, used 154501K [0x000000051a8c0000, 0x00000005296f5000, 0x00000007c0000000)
 Metaspace       used 112887K, capacity 114296K, committed 114536K, reserved 1148928K
  class space    used 15326K, capacity 15627K, committed 15732K, reserved 1048576K
Event: 539.687 GC heap after
Heap after GC invocations=65 (full 12):
 par new generation   total 74944K, used 4792K [0x0000000505c00000, 0x000000050ad50000, 0x000000051a8c0000)
  eden space 66624K,   0% used [0x0000000505c00000, 0x0000000505c00000, 0x0000000509d10000)
  from space 8320K,  57% used [0x000000050a530000, 0x000000050a9de350, 0x000000050ad50000)
  to   space 8320K,   0% used [0x0000000509d10000, 0x0000000509d10000, 0x000000050a530000)
 concurrent mark-sweep generation total 243924K, used 155232K [0x000000051a8c0000, 0x00000005296f5000, 0x00000007c0000000)
 Metaspace       used 112887K, capacity 114296K, committed 114536K, reserved 1148928K
  class space    used 15326K, capacity 15627K, committed 15732K, reserved 1048576K
}
Event: 586.395 GC heap before
{Heap before GC invocations=65 (full 12):
 par new generation   total 74944K, used 71416K [0x0000000505c00000, 0x000000050ad50000, 0x000000051a8c0000)
  eden space 66624K,  99% used [0x0000000505c00000, 0x0000000509d0ff98, 0x0000000509d10000)
  from space 8320K,  57% used [0x000000050a530000, 0x000000050a9de350, 0x000000050ad50000)
  to   space 8320K,   0% used [0x0000000509d10000, 0x0000000509d10000, 0x000000050a530000)
 concurrent mark-sweep generation total 243924K, used 155232K [0x000000051a8c0000, 0x00000005296f5000, 0x00000007c0000000)
 Metaspace       used 112974K, capacity 114366K, committed 114536K, reserved 1148928K
  class space    used 15328K, capacity 15628K, committed 15732K, reserved 1048576K
Event: 586.438 GC heap after
Heap after GC invocations=66 (full 12):
 par new generation   total 74944K, used 7002K [0x0000000505c00000, 0x000000050ad50000, 0x000000051a8c0000)
  eden space 66624K,   0% used [0x0000000505c00000, 0x0000000505c00000, 0x0000000509d10000)
  from space 8320K,  84% used [0x0000000509d10000, 0x000000050a3e69d0, 0x000000050a530000)
  to   space 8320K,   0% used [0x000000050a530000, 0x000000050a530000, 0x000000050ad50000)
 concurrent mark-sweep generation total 243924K, used 171616K [0x000000051a8c0000, 0x00000005296f5000, 0x00000007c0000000)
 Metaspace       used 112974K, capacity 114366K, committed 114536K, reserved 1148928K
  class space    used 15328K, capacity 15628K, committed 15732K, reserved 1048576K
}
Event: 635.175 GC heap before
{Heap before GC invocations=66 (full 13):
 par new generation   total 74944K, used 73626K [0x0000000505c00000, 0x000000050ad50000, 0x000000051a8c0000)
  eden space 66624K, 100% used [0x0000000505c00000, 0x0000000509d10000, 0x0000000509d10000)
  from space 8320K,  84% used [0x0000000509d10000, 0x000000050a3e69d0, 0x000000050a530000)
  to   space 8320K,   0% used [0x000000050a530000, 0x000000050a530000, 0x000000050ad50000)
 concurrent mark-sweep generation total 283216K, used 169928K [0x000000051a8c0000, 0x000000052bd54000, 0x00000007c0000000)
 Metaspace       used 113149K, capacity 114614K, committed 114792K, reserved 1148928K
  class space    used 15339K, capacity 15648K, committed 15732K, reserved 1048576K
Event: 635.182 GC heap after
Heap after GC invocations=67 (full 13):
 par new generation   total 74944K, used 5791K [0x0000000505c00000, 0x000000050ad50000, 0x000000051a8c0000)
  eden space 66624K,   0% used [0x0000000505c00000, 0x0000000505c00000, 0x0000000509d10000)
  from space 8320K,  69% used [0x000000050a530000, 0x000000050aad7c60, 0x000000050ad50000)
  to   space 8320K,   0% used [0x0000000509d10000, 0x0000000509d10000, 0x000000050a530000)
 concurrent mark-sweep generation total 283216K, used 171077K [0x000000051a8c0000, 0x000000052bd54000, 0x00000007c0000000)
 Metaspace       used 113149K, capacity 114614K, committed 114792K, reserved 1148928K
  class space    used 15339K, capacity 15648K, committed 15732K, reserved 1048576K
}
Event: 728.653 GC heap before
{Heap before GC invocations=67 (full 13):
 par new generation   total 74944K, used 72415K [0x0000000505c00000, 0x000000050ad50000, 0x000000051a8c0000)
  eden space 66624K, 100% used [0x0000000505c00000, 0x0000000509d10000, 0x0000000509d10000)
  from space 8320K,  69% used [0x000000050a530000, 0x000000050aad7c60, 0x000000050ad50000)
  to   space 8320K,   0% used [0x0000000509d10000, 0x0000000509d10000, 0x000000050a530000)
 concurrent mark-sweep generation total 283216K, used 171077K [0x000000051a8c0000, 0x000000052bd54000, 0x00000007c0000000)
 Metaspace       used 113187K, capacity 114678K, committed 114792K, reserved 1148928K
  class space    used 15339K, capacity 15648K, committed 15732K, reserved 1048576K
Event: 728.659 GC heap after
Heap after GC invocations=68 (full 13):
 par new generation   total 74944K, used 6976K [0x0000000505c00000, 0x000000050ad50000, 0x000000051a8c0000)
  eden space 66624K,   0% used [0x0000000505c00000, 0x0000000505c00000, 0x0000000509d10000)
  from space 8320K,  83% used [0x0000000509d10000, 0x000000050a3e00a0, 0x000000050a530000)
  to   space 8320K,   0% used [0x000000050a530000, 0x000000050a530000, 0x000000050ad50000)
 concurrent mark-sweep generation total 283216K, used 171077K [0x000000051a8c0000, 0x000000052bd54000, 0x00000007c0000000)
 Metaspace       used 113187K, capacity 114678K, committed 114792K, reserved 1148928K
  class space    used 15339K, capacity 15648K, committed 15732K, reserved 1048576K
}
Event: 799.246 GC heap before
{Heap before GC invocations=68 (full 13):
 par new generation   total 74944K, used 73600K [0x0000000505c00000, 0x000000050ad50000, 0x000000051a8c0000)
  eden space 66624K, 100% used [0x0000000505c00000, 0x0000000509d10000, 0x0000000509d10000)
  from space 8320K,  83% used [0x0000000509d10000, 0x000000050a3e00a0, 0x000000050a530000)
  to   space 8320K,   0% used [0x000000050a530000, 0x000000050a530000, 0x000000050ad50000)
 concurrent mark-sweep generation total 283216K, used 171077K [0x000000051a8c0000, 0x000000052bd54000, 0x00000007c0000000)
 Metaspace       used 113349K, capacity 114934K, committed 115048K, reserved 1148928K
  class space    used 15357K, capacity 15680K, committed 15732K, reserved 1048576K
Event: 799.253 GC heap after
Heap after GC invocations=69 (full 13):
 par new generation   total 74944K, used 5355K [0x0000000505c00000, 0x000000050ad50000, 0x000000051a8c0000)
  eden space 66624K,   0% used [0x0000000505c00000, 0x0000000505c00000, 0x0000000509d10000)
  from space 8320K,  64% used [0x000000050a530000, 0x000000050aa6ae28, 0x000000050ad50000)
  to   space 8320K,   0% used [0x0000000509d10000, 0x0000000509d10000, 0x000000050a530000)
 concurrent mark-sweep generation total 283216K, used 171673K [0x000000051a8c0000, 0x000000052bd54000, 0x00000007c0000000)
 Metaspace       used 113349K, capacity 114934K, committed 115048K, reserved 1148928K
  class space    used 15357K, capacity 15680K, committed 15732K, reserved 1048576K
}
Event: 861.264 GC heap before
{Heap before GC invocations=69 (full 13):
 par new generation   total 74944K, used 71979K [0x0000000505c00000, 0x000000050ad50000, 0x000000051a8c0000)
  eden space 66624K, 100% used [0x0000000505c00000, 0x0000000509d10000, 0x0000000509d10000)
  from space 8320K,  64% used [0x000000050a530000, 0x000000050aa6ae28, 0x000000050ad50000)
  to   space 8320K,   0% used [0x0000000509d10000, 0x0000000509d10000, 0x000000050a530000)
 concurrent mark-sweep generation total 283216K, used 171673K [0x000000051a8c0000, 0x000000052bd54000, 0x00000007c0000000)
 Metaspace       used 113426K, capacity 115014K, committed 115304K, reserved 1148928K
  class space    used 15357K, capacity 15680K, committed 15732K, reserved 1048576K
Event: 861.270 GC heap after
Heap after GC invocations=70 (full 13):
 par new generation   total 74944K, used 6599K [0x0000000505c00000, 0x000000050ad50000, 0x000000051a8c0000)
  eden space 66624K,   0% used [0x0000000505c00000, 0x0000000505c00000, 0x0000000509d10000)
  from space 8320K,  79% used [0x0000000509d10000, 0x000000050a381e20, 0x000000050a530000)
  to   space 8320K,   0% used [0x000000050a530000, 0x000000050a530000, 0x000000050ad50000)
 concurrent mark-sweep generation total 283216K, used 172248K [0x000000051a8c0000, 0x000000052bd54000, 0x00000007c0000000)
 Metaspace       used 113426K, capacity 115014K, committed 115304K, reserved 1148928K
  class space    used 15357K, capacity 15680K, committed 15732K, reserved 1048576K
}
Event: 953.572 GC heap before
{Heap before GC invocations=70 (full 13):
 par new generation   total 74944K, used 73223K [0x0000000505c00000, 0x000000050ad50000, 0x000000051a8c0000)
  eden space 66624K, 100% used [0x0000000505c00000, 0x0000000509d10000, 0x0000000509d10000)
  from space 8320K,  79% used [0x0000000509d10000, 0x000000050a381e20, 0x000000050a530000)
  to   space 8320K,   0% used [0x000000050a530000, 0x000000050a530000, 0x000000050ad50000)
 concurrent mark-sweep generation total 283216K, used 172248K [0x000000051a8c0000, 0x000000052bd54000, 0x00000007c0000000)
 Metaspace       used 113432K, capacity 115078K, committed 115304K, reserved 1148928K
  class space    used 15357K, capacity 15680K, committed 15732K, reserved 1048576K
Event: 953.580 GC heap after
Heap after GC invocations=71 (full 13):
 par new generation   total 74944K, used 5705K [0x0000000505c00000, 0x000000050ad50000, 0x000000051a8c0000)
  eden space 66624K,   0% used [0x0000000505c00000, 0x0000000505c00000, 0x0000000509d10000)
  from space 8320K,  68% used [0x000000050a530000, 0x000000050aac2400, 0x000000050ad50000)
  to   space 8320K,   0% used [0x0000000509d10000, 0x0000000509d10000, 0x000000050a530000)
 concurrent mark-sweep generation total 283216K, used 173646K [0x000000051a8c0000, 0x000000052bd54000, 0x00000007c0000000)
 Metaspace       used 113432K, capacity 115078K, committed 115304K, reserved 1148928K
  class space    used 15357K, capacity 15680K, committed 15732K, reserved 1048576K
}
Event: 1001.710 GC heap before
{Heap before GC invocations=71 (full 13):
 par new generation   total 74944K, used 72329K [0x0000000505c00000, 0x000000050ad50000, 0x000000051a8c0000)
  eden space 66624K, 100% used [0x0000000505c00000, 0x0000000509d10000, 0x0000000509d10000)
  from space 8320K,  68% used [0x000000050a530000, 0x000000050aac2400, 0x000000050ad50000)
  to   space 8320K,   0% used [0x0000000509d10000, 0x0000000509d10000, 0x000000050a530000)
 concurrent mark-sweep generation total 283216K, used 173646K [0x000000051a8c0000, 0x000000052bd54000, 0x00000007c0000000)
 Metaspace       used 113720K, capacity 115334K, committed 115560K, reserved 1148928K
  class space    used 15374K, capacity 15680K, committed 15732K, reserved 1048576K
Event: 1001.716 GC heap after
Heap after GC invocations=72 (full 13):
 par new generation   total 74944K, used 7395K [0x0000000505c00000, 0x000000050ad50000, 0x000000051a8c0000)
  eden space 66624K,   0% used [0x0000000505c00000, 0x0000000505c00000, 0x0000000509d10000)
  from space 8320K,  88% used [0x0000000509d10000, 0x000000050a448fc0, 0x000000050a530000)
  to   space 8320K,   0% used [0x000000050a530000, 0x000000050a530000, 0x000000050ad50000)
 concurrent mark-sweep generation total 283216K, used 173646K [0x000000051a8c0000, 0x000000052bd54000, 0x00000007c0000000)
 Metaspace       used 113720K, capacity 115334K, committed 115560K, reserved 1148928K
  class space    used 15374K, capacity 15680K, committed 15732K, reserved 1048576K
}
Event: 1001.992 GC heap before
{Heap before GC invocations=72 (full 13):
 par new generation   total 74944K, used 72779K [0x0000000505c00000, 0x000000050ad50000, 0x000000051a8c0000)
  eden space 66624K,  98% used [0x0000000505c00000, 0x0000000509bd9f90, 0x0000000509d10000)
  from space 8320K,  88% used [0x0000000509d10000, 0x000000050a448fc0, 0x000000050a530000)
  to   space 8320K,   0% used [0x000000050a530000, 0x000000050a530000, 0x000000050ad50000)
 concurrent mark-sweep generation total 283216K, used 173646K [0x000000051a8c0000, 0x000000052bd54000, 0x00000007c0000000)
 Metaspace       used 114283K, capacity 115918K, committed 116200K, reserved 1148928K
  class space    used 15458K, capacity 15784K, committed 15860K, reserved 1048576K
Event: 1002.002 GC heap after
Heap after GC invocations=73 (full 13):
 par new generation   total 74944K, used 7210K [0x0000000505c00000, 0x000000050ad50000, 0x000000051a8c0000)
  eden space 66624K,   0% used [0x0000000505c00000, 0x0000000505c00000, 0x0000000509d10000)
  from space 8320K,  86% used [0x000000050a530000, 0x000000050ac3aad0, 0x000000050ad50000)
  to   space 8320K,   0% used [0x0000000509d10000, 0x0000000509d10000, 0x000000050a530000)
 concurrent mark-sweep generation total 283216K, used 175092K [0x000000051a8c0000, 0x000000052bd54000, 0x00000007c0000000)
 Metaspace       used 114283K, capacity 115918K, committed 116200K, reserved 1148928K
  class space    used 15458K, capacity 15784K, committed 15860K, reserved 1048576K
}
Event: 1002.127 GC heap before
{Heap before GC invocations=73 (full 13):
 par new generation   total 74944K, used 73834K [0x0000000505c00000, 0x000000050ad50000, 0x000000051a8c0000)
  eden space 66624K, 100% used [0x0000000505c00000, 0x0000000509d10000, 0x0000000509d10000)
  from space 8320K,  86% used [0x000000050a530000, 0x000000050ac3aad0, 0x000000050ad50000)
  to   space 8320K,   0% used [0x0000000509d10000, 0x0000000509d10000, 0x000000050a530000)
 concurrent mark-sweep generation total 283216K, used 175092K [0x000000051a8c0000, 0x000000052bd54000, 0x00000007c0000000)
 Metaspace       used 114294K, capacity 115918K, committed 116200K, reserved 1148928K
  class space    used 15461K, capacity 15784K, committed 15860K, reserved 1048576K
Event: 1002.138 GC heap after
Heap after GC invocations=74 (full 13):
 par new generation   total 74944K, used 5432K [0x0000000505c00000, 0x000000050ad50000, 0x000000051a8c0000)
  eden space 66624K,   0% used [0x0000000505c00000, 0x0000000505c00000, 0x0000000509d10000)
  from space 8320K,  65% used [0x0000000509d10000, 0x000000050a25e110, 0x000000050a530000)
  to   space 8320K,   0% used [0x000000050a530000, 0x000000050a530000, 0x000000050ad50000)
 concurrent mark-sweep generation total 283216K, used 175811K [0x000000051a8c0000, 0x000000052bd54000, 0x00000007c0000000)
 Metaspace       used 114294K, capacity 115918K, committed 116200K, reserved 1148928K
  class space    used 15461K, capacity 15784K, committed 15860K, reserved 1048576K
}
Event: 1002.555 GC heap before
{Heap before GC invocations=74 (full 13):
 par new generation   total 74944K, used 72056K [0x0000000505c00000, 0x000000050ad50000, 0x000000051a8c0000)
  eden space 66624K, 100% used [0x0000000505c00000, 0x0000000509d10000, 0x0000000509d10000)
  from space 8320K,  65% used [0x0000000509d10000, 0x000000050a25e110, 0x000000050a530000)
  to   space 8320K,   0% used [0x000000050a530000, 0x000000050a530000, 0x000000050ad50000)
 concurrent mark-sweep generation total 283216K, used 175811K [0x000000051a8c0000, 0x000000052bd54000, 0x00000007c0000000)
 Metaspace       used 115176K, capacity 116842K, committed 117096K, reserved 1150976K
  class space    used 15638K, capacity 15955K, committed 15988K, reserved 1048576K
Event: 1002.561 GC heap after
Heap after GC invocations=75 (full 13):
 par new generation   total 74944K, used 6381K [0x0000000505c00000, 0x000000050ad50000, 0x000000051a8c0000)
  eden space 66624K,   0% used [0x0000000505c00000, 0x0000000505c00000, 0x0000000509d10000)
  from space 8320K,  76% used [0x000000050a530000, 0x000000050ab6b6b0, 0x000000050ad50000)
  to   space 8320K,   0% used [0x0000000509d10000, 0x0000000509d10000, 0x000000050a530000)
 concurrent mark-sweep generation total 283216K, used 175811K [0x000000051a8c0000, 0x000000052bd54000, 0x00000007c0000000)
 Metaspace       used 115176K, capacity 116842K, committed 117096K, reserved 1150976K
  class space    used 15638K, capacity 15955K, committed 15988K, reserved 1048576K
}
Event: 1002.803 GC heap before
{Heap before GC invocations=75 (full 13):
 par new generation   total 74944K, used 73005K [0x0000000505c00000, 0x000000050ad50000, 0x000000051a8c0000)
  eden space 66624K, 100% used [0x0000000505c00000, 0x0000000509d10000, 0x0000000509d10000)
  from space 8320K,  76% used [0x000000050a530000, 0x000000050ab6b6b0, 0x000000050ad50000)
  to   space 8320K,   0% used [0x0000000509d10000, 0x0000000509d10000, 0x000000050a530000)
 concurrent mark-sweep generation total 283216K, used 175811K [0x000000051a8c0000, 0x000000052bd54000, 0x00000007c0000000)
 Metaspace       used 115384K, capacity 117026K, committed 117224K, reserved 1150976K
  class space    used 15657K, capacity 15993K, committed 16116K, reserved 1048576K
Event: 1002.821 GC heap after
Heap after GC invocations=76 (full 13):
 par new generation   total 74944K, used 4516K [0x0000000505c00000, 0x000000050ad50000, 0x000000051a8c0000)
  eden space 66624K,   0% used [0x0000000505c00000, 0x0000000505c00000, 0x0000000509d10000)
  from space 8320K,  54% used [0x0000000509d10000, 0x000000050a179168, 0x000000050a530000)
  to   space 8320K,   0% used [0x000000050a530000, 0x000000050a530000, 0x000000050ad50000)
 concurrent mark-sweep generation total 283216K, used 176470K [0x000000051a8c0000, 0x000000052bd54000, 0x00000007c0000000)
 Metaspace       used 115384K, capacity 117026K, committed 117224K, reserved 1150976K
  class space    used 15657K, capacity 15993K, committed 16116K, reserved 1048576K
}
Event: 1017.438 GC heap before
{Heap before GC invocations=76 (full 13):
 par new generation   total 74944K, used 71140K [0x0000000505c00000, 0x000000050ad50000, 0x000000051a8c0000)
  eden space 66624K, 100% used [0x0000000505c00000, 0x0000000509d10000, 0x0000000509d10000)
  from space 8320K,  54% used [0x0000000509d10000, 0x000000050a179168, 0x000000050a530000)
  to   space 8320K,   0% used [0x000000050a530000, 0x000000050a530000, 0x000000050ad50000)
 concurrent mark-sweep generation total 283216K, used 176470K [0x000000051a8c0000, 0x000000052bd54000, 0x00000007c0000000)
 Metaspace       used 115732K, capacity 117478K, committed 117736K, reserved 1150976K
  class space    used 15715K, capacity 16063K, committed 16116K, reserved 1048576K
Event: 1017.445 GC heap after
Heap after GC invocations=77 (full 13):
 par new generation   total 74944K, used 4452K [0x0000000505c00000, 0x000000050ad50000, 0x000000051a8c0000)
  eden space 66624K,   0% used [0x0000000505c00000, 0x0000000505c00000, 0x0000000509d10000)
  from space 8320K,  53% used [0x000000050a530000, 0x000000050a9893f8, 0x000000050ad50000)
  to   space 8320K,   0% used [0x0000000509d10000, 0x0000000509d10000, 0x000000050a530000)
 concurrent mark-sweep generation total 283216K, used 177496K [0x000000051a8c0000, 0x000000052bd54000, 0x00000007c0000000)
 Metaspace       used 115732K, capacity 117478K, committed 117736K, reserved 1150976K
  class space    used 15715K, capacity 16063K, committed 16116K, reserved 1048576K
}
Event: 1061.235 GC heap before
{Heap before GC invocations=77 (full 13):
 par new generation   total 74944K, used 71076K [0x0000000505c00000, 0x000000050ad50000, 0x000000051a8c0000)
  eden space 66624K, 100% used [0x0000000505c00000, 0x0000000509d10000, 0x0000000509d10000)
  from space 8320K,  53% used [0x000000050a530000, 0x000000050a9893f8, 0x000000050ad50000)
  to   space 8320K,   0% used [0x0000000509d10000, 0x0000000509d10000, 0x000000050a530000)
 concurrent mark-sweep generation total 283216K, used 177496K [0x000000051a8c0000, 0x000000052bd54000, 0x00000007c0000000)
 Metaspace       used 115744K, capacity 117478K, committed 117736K, reserved 1150976K
  class space    used 15715K, capacity 16063K, committed 16116K, reserved 1048576K
Event: 1061.242 GC heap after
Heap after GC invocations=78 (full 13):
 par new generation   total 74944K, used 4992K [0x0000000505c00000, 0x000000050ad50000, 0x000000051a8c0000)
  eden space 66624K,   0% used [0x0000000505c00000, 0x0000000505c00000, 0x0000000509d10000)
  from space 8320K,  60% used [0x0000000509d10000, 0x000000050a1f0210, 0x000000050a530000)
  to   space 8320K,   0% used [0x000000050a530000, 0x000000050a530000, 0x000000050ad50000)
 concurrent mark-sweep generation total 283216K, used 178394K [0x000000051a8c0000, 0x000000052bd54000, 0x00000007c0000000)
 Metaspace       used 115744K, capacity 117478K, committed 117736K, reserved 1150976K
  class space    used 15715K, capacity 16063K, committed 16116K, reserved 1048576K
}
Event: 1094.599 GC heap before
{Heap before GC invocations=78 (full 13):
 par new generation   total 74944K, used 71616K [0x0000000505c00000, 0x000000050ad50000, 0x000000051a8c0000)
  eden space 66624K, 100% used [0x0000000505c00000, 0x0000000509d10000, 0x0000000509d10000)
  from space 8320K,  60% used [0x0000000509d10000, 0x000000050a1f0210, 0x000000050a530000)
  to   space 8320K,   0% used [0x000000050a530000, 0x000000050a530000, 0x000000050ad50000)
 concurrent mark-sweep generation total 283216K, used 178394K [0x000000051a8c0000, 0x000000052bd54000, 0x00000007c0000000)
 Metaspace       used 115787K, capacity 117542K, committed 117736K, reserved 1150976K
  class space    used 15715K, capacity 16063K, committed 16116K, reserved 1048576K
Event: 1094.613 GC heap after
Heap after GC invocations=79 (full 13):
 par new generation   total 74944K, used 5801K [0x0000000505c00000, 0x000000050ad50000, 0x000000051a8c0000)
  eden space 66624K,   0% used [0x0000000505c00000, 0x0000000505c00000, 0x0000000509d10000)
  from space 8320K,  69% used [0x000000050a530000, 0x000000050aada6f8, 0x000000050ad50000)
  to   space 8320K,   0% used [0x0000000509d10000, 0x0000000509d10000, 0x000000050a530000)
 concurrent mark-sweep generation total 283216K, used 178605K [0x000000051a8c0000, 0x000000052bd54000, 0x00000007c0000000)
 Metaspace       used 115787K, capacity 117542K, committed 117736K, reserved 1150976K
  class space    used 15715K, capacity 16063K, committed 16116K, reserved 1048576K
}
Event: 1119.576 GC heap before
{Heap before GC invocations=79 (full 13):
 par new generation   total 74944K, used 72425K [0x0000000505c00000, 0x000000050ad50000, 0x000000051a8c0000)
  eden space 66624K, 100% used [0x0000000505c00000, 0x0000000509d10000, 0x0000000509d10000)
  from space 8320K,  69% used [0x000000050a530000, 0x000000050aada6f8, 0x000000050ad50000)
  to   space 8320K,   0% used [0x0000000509d10000, 0x0000000509d10000, 0x000000050a530000)
 concurrent mark-sweep generation total 283216K, used 178605K [0x000000051a8c0000, 0x000000052bd54000, 0x00000007c0000000)
 Metaspace       used 115825K, capacity 117606K, committed 117736K, reserved 1150976K
  class space    used 15715K, capacity 16063K, committed 16116K, reserved 1048576K
Event: 1119.582 GC heap after
Heap after GC invocations=80 (full 13):
 par new generation   total 74944K, used 5838K [0x0000000505c00000, 0x000000050ad50000, 0x000000051a8c0000)
  eden space 66624K,   0% used [0x0000000505c00000, 0x0000000505c00000, 0x0000000509d10000)
  from space 8320K,  70% used [0x0000000509d10000, 0x000000050a2c3a70, 0x000000050a530000)
  to   space 8320K,   0% used [0x000000050a530000, 0x000000050a530000, 0x000000050ad50000)
 concurrent mark-sweep generation total 283216K, used 178705K [0x000000051a8c0000, 0x000000052bd54000, 0x00000007c0000000)
 Metaspace       used 115825K, capacity 117606K, committed 117736K, reserved 1150976K
  class space    used 15715K, capacity 16063K, committed 16116K, reserved 1048576K
}
Event: 1164.244 GC heap before
{Heap before GC invocations=80 (full 13):
 par new generation   total 74944K, used 72462K [0x0000000505c00000, 0x000000050ad50000, 0x000000051a8c0000)
  eden space 66624K, 100% used [0x0000000505c00000, 0x0000000509d10000, 0x0000000509d10000)
  from space 8320K,  70% used [0x0000000509d10000, 0x000000050a2c3a70, 0x000000050a530000)
  to   space 8320K,   0% used [0x000000050a530000, 0x000000050a530000, 0x000000050ad50000)
 concurrent mark-sweep generation total 283216K, used 178705K [0x000000051a8c0000, 0x000000052bd54000, 0x00000007c0000000)
 Metaspace       used 115829K, capacity 117606K, committed 117736K, reserved 1150976K
  class space    used 15715K, capacity 16063K, committed 16116K, reserved 1048576K
Event: 1164.274 GC heap after
Heap after GC invocations=81 (full 13):
 par new generation   total 74944K, used 7859K [0x0000000505c00000, 0x000000050ad50000, 0x000000051a8c0000)
  eden space 66624K,   0% used [0x0000000505c00000, 0x0000000505c00000, 0x0000000509d10000)
  from space 8320K,  94% used [0x000000050a530000, 0x000000050acdce18, 0x000000050ad50000)
  to   space 8320K,   0% used [0x0000000509d10000, 0x0000000509d10000, 0x000000050a530000)
 concurrent mark-sweep generation total 283216K, used 179331K [0x000000051a8c0000, 0x000000052bd54000, 0x00000007c0000000)
 Metaspace       used 115829K, capacity 117606K, committed 117736K, reserved 1150976K
  class space    used 15715K, capacity 16063K, committed 16116K, reserved 1048576K
}
Event: 1209.236 GC heap before
{Heap before GC invocations=81 (full 13):
 par new generation   total 74944K, used 74483K [0x0000000505c00000, 0x000000050ad50000, 0x000000051a8c0000)
  eden space 66624K, 100% used [0x0000000505c00000, 0x0000000509d10000, 0x0000000509d10000)
  from space 8320K,  94% used [0x000000050a530000, 0x000000050acdce18, 0x000000050ad50000)
  to   space 8320K,   0% used [0x0000000509d10000, 0x0000000509d10000, 0x000000050a530000)
 concurrent mark-sweep generation total 283216K, used 179331K [0x000000051a8c0000, 0x000000052bd54000, 0x00000007c0000000)
 Metaspace       used 115829K, capacity 117606K, committed 117736K, reserved 1150976K
  class space    used 15715K, capacity 16063K, committed 16116K, reserved 1048576K
Event: 1209.245 GC heap after
Heap after GC invocations=82 (full 13):
 par new generation   total 74944K, used 5710K [0x0000000505c00000, 0x000000050ad50000, 0x000000051a8c0000)
  eden space 66624K,   0% used [0x0000000505c00000, 0x0000000505c00000, 0x0000000509d10000)
  from space 8320K,  68% used [0x0000000509d10000, 0x000000050a2a3840, 0x000000050a530000)
  to   space 8320K,   0% used [0x000000050a530000, 0x000000050a530000, 0x000000050ad50000)
 concurrent mark-sweep generation total 283216K, used 180553K [0x000000051a8c0000, 0x000000052bd54000, 0x00000007c0000000)
 Metaspace       used 115829K, capacity 117606K, committed 117736K, reserved 1150976K
  class space    used 15715K, capacity 16063K, committed 16116K, reserved 1048576K
}
Event: 1231.815 GC heap before
{Heap before GC invocations=82 (full 13):
 par new generation   total 74944K, used 72334K [0x0000000505c00000, 0x000000050ad50000, 0x000000051a8c0000)
  eden space 66624K, 100% used [0x0000000505c00000, 0x0000000509d10000, 0x0000000509d10000)
  from space 8320K,  68% used [0x0000000509d10000, 0x000000050a2a3840, 0x000000050a530000)
  to   space 8320K,   0% used [0x000000050a530000, 0x000000050a530000, 0x000000050ad50000)
 concurrent mark-sweep generation total 283216K, used 180553K [0x000000051a8c0000, 0x000000052bd54000, 0x00000007c0000000)
 Metaspace       used 115897K, capacity 117606K, committed 117736K, reserved 1150976K
  class space    used 15715K, capacity 16063K, committed 16116K, reserved 1048576K
Event: 1231.822 GC heap after
Heap after GC invocations=83 (full 13):
 par new generation   total 74944K, used 6946K [0x0000000505c00000, 0x000000050ad50000, 0x000000051a8c0000)
  eden space 66624K,   0% used [0x0000000505c00000, 0x0000000505c00000, 0x0000000509d10000)
  from space 8320K,  83% used [0x000000050a530000, 0x000000050abf8b98, 0x000000050ad50000)
  to   space 8320K,   0% used [0x0000000509d10000, 0x0000000509d10000, 0x000000050a530000)
 concurrent mark-sweep generation total 283216K, used 181519K [0x000000051a8c0000, 0x000000052bd54000, 0x00000007c0000000)
 Metaspace       used 115897K, capacity 117606K, committed 117736K, reserved 1150976K
  class space    used 15715K, capacity 16063K, committed 16116K, reserved 1048576K
}
Event: 1276.511 GC heap before
{Heap before GC invocations=83 (full 13):
 par new generation   total 74944K, used 73570K [0x0000000505c00000, 0x000000050ad50000, 0x000000051a8c0000)
  eden space 66624K, 100% used [0x0000000505c00000, 0x0000000509d10000, 0x0000000509d10000)
  from space 8320K,  83% used [0x000000050a530000, 0x000000050abf8b98, 0x000000050ad50000)
  to   space 8320K,   0% used [0x0000000509d10000, 0x0000000509d10000, 0x000000050a530000)
 concurrent mark-sweep generation total 283216K, used 181519K [0x000000051a8c0000, 0x000000052bd54000, 0x00000007c0000000)
 Metaspace       used 115905K, capacity 117670K, committed 117736K, reserved 1150976K
  class space    used 15715K, capacity 16063K, committed 16116K, reserved 1048576K
Event: 1276.518 GC heap after
Heap after GC invocations=84 (full 13):
 par new generation   total 74944K, used 7294K [0x0000000505c00000, 0x000000050ad50000, 0x000000051a8c0000)
  eden space 66624K,   0% used [0x0000000505c00000, 0x0000000505c00000, 0x0000000509d10000)
  from space 8320K,  87% used [0x0000000509d10000, 0x000000050a42f8e0, 0x000000050a530000)
  to   space 8320K,   0% used [0x000000050a530000, 0x000000050a530000, 0x000000050ad50000)
 concurrent mark-sweep generation total 283216K, used 182252K [0x000000051a8c0000, 0x000000052bd54000, 0x00000007c0000000)
 Metaspace       used 115905K, capacity 117670K, committed 117736K, reserved 1150976K
  class space    used 15715K, capacity 16063K, committed 16116K, reserved 1048576K
}
Event: 1291.856 GC heap before
{Heap before GC invocations=84 (full 13):
 par new generation   total 74944K, used 73918K [0x0000000505c00000, 0x000000050ad50000, 0x000000051a8c0000)
  eden space 66624K, 100% used [0x0000000505c00000, 0x0000000509d10000, 0x0000000509d10000)
  from space 8320K,  87% used [0x0000000509d10000, 0x000000050a42f8e0, 0x000000050a530000)
  to   space 8320K,   0% used [0x000000050a530000, 0x000000050a530000, 0x000000050ad50000)
 concurrent mark-sweep generation total 283216K, used 182252K [0x000000051a8c0000, 0x000000052bd54000, 0x00000007c0000000)
 Metaspace       used 116024K, capacity 117808K, committed 117992K, reserved 1150976K
  class space    used 15737K, capacity 16102K, committed 16116K, reserved 1048576K
Event: 1291.863 GC heap after
Heap after GC invocations=85 (full 13):
 par new generation   total 74944K, used 5924K [0x0000000505c00000, 0x000000050ad50000, 0x000000051a8c0000)
  eden space 66624K,   0% used [0x0000000505c00000, 0x0000000505c00000, 0x0000000509d10000)
  from space 8320K,  71% used [0x000000050a530000, 0x000000050aaf92c8, 0x000000050ad50000)
  to   space 8320K,   0% used [0x0000000509d10000, 0x0000000509d10000, 0x000000050a530000)
 concurrent mark-sweep generation total 283216K, used 182810K [0x000000051a8c0000, 0x000000052bd54000, 0x00000007c0000000)
 Metaspace       used 116024K, capacity 117808K, committed 117992K, reserved 1150976K
  class space    used 15737K, capacity 16102K, committed 16116K, reserved 1048576K
}
Event: 1294.335 GC heap before
{Heap before GC invocations=85 (full 13):
 par new generation   total 74944K, used 72548K [0x0000000505c00000, 0x000000050ad50000, 0x000000051a8c0000)
  eden space 66624K,  99% used [0x0000000505c00000, 0x0000000509d0ffe8, 0x0000000509d10000)
  from space 8320K,  71% used [0x000000050a530000, 0x000000050aaf92c8, 0x000000050ad50000)
  to   space 8320K,   0% used [0x0000000509d10000, 0x0000000509d10000, 0x000000050a530000)
 concurrent mark-sweep generation total 283216K, used 182810K [0x000000051a8c0000, 0x000000052bd54000, 0x00000007c0000000)
 Metaspace       used 116031K, capacity 117808K, committed 117992K, reserved 1150976K
  class space    used 15738K, capacity 16102K, committed 16116K, reserved 1048576K
Event: 1294.342 GC heap after
Heap after GC invocations=86 (full 13):
 par new generation   total 74944K, used 5062K [0x0000000505c00000, 0x000000050ad50000, 0x000000051a8c0000)
  eden space 66624K,   0% used [0x0000000505c00000, 0x0000000505c00000, 0x0000000509d10000)
  from space 8320K,  60% used [0x0000000509d10000, 0x000000050a201830, 0x000000050a530000)
  to   space 8320K,   0% used [0x000000050a530000, 0x000000050a530000, 0x000000050ad50000)
 concurrent mark-sweep generation total 283216K, used 183769K [0x000000051a8c0000, 0x000000052bd54000, 0x00000007c0000000)
 Metaspace       used 116031K, capacity 117808K, committed 117992K, reserved 1150976K
  class space    used 15738K, capacity 16102K, committed 16116K, reserved 1048576K
}
Event: 1295.186 GC heap before
{Heap before GC invocations=86 (full 13):
 par new generation   total 74944K, used 71686K [0x0000000505c00000, 0x000000050ad50000, 0x000000051a8c0000)
  eden space 66624K, 100% used [0x0000000505c00000, 0x0000000509d10000, 0x0000000509d10000)
  from space 8320K,  60% used [0x0000000509d10000, 0x000000050a201830, 0x000000050a530000)
  to   space 8320K,   0% used [0x000000050a530000, 0x000000050a530000, 0x000000050ad50000)
 concurrent mark-sweep generation total 283216K, used 183769K [0x000000051a8c0000, 0x000000052bd54000, 0x00000007c0000000)
 Metaspace       used 117730K, capacity 119536K, committed 119784K, reserved 1153024K
  class space    used 15978K, capacity 16358K, committed 16372K, reserved 1048576K
Event: 1295.196 GC heap after
Heap after GC invocations=87 (full 13):
 par new generation   total 74944K, used 7783K [0x0000000505c00000, 0x000000050ad50000, 0x000000051a8c0000)
  eden space 66624K,   0% used [0x0000000505c00000, 0x0000000505c00000, 0x0000000509d10000)
  from space 8320K,  93% used [0x000000050a530000, 0x000000050acc9e60, 0x000000050ad50000)
  to   space 8320K,   0% used [0x0000000509d10000, 0x0000000509d10000, 0x000000050a530000)
 concurrent mark-sweep generation total 283216K, used 183769K [0x000000051a8c0000, 0x000000052bd54000, 0x00000007c0000000)
 Metaspace       used 117730K, capacity 119536K, committed 119784K, reserved 1153024K
  class space    used 15978K, capacity 16358K, committed 16372K, reserved 1048576K
}
Event: 1295.465 GC heap before
{Heap before GC invocations=87 (full 13):
 par new generation   total 74944K, used 74407K [0x0000000505c00000, 0x000000050ad50000, 0x000000051a8c0000)
  eden space 66624K, 100% used [0x0000000505c00000, 0x0000000509d10000, 0x0000000509d10000)
  from space 8320K,  93% used [0x000000050a530000, 0x000000050acc9e60, 0x000000050ad50000)
  to   space 8320K,   0% used [0x0000000509d10000, 0x0000000509d10000, 0x000000050a530000)
 concurrent mark-sweep generation total 283216K, used 183769K [0x000000051a8c0000, 0x000000052bd54000, 0x00000007c0000000)
 Metaspace       used 118270K, capacity 120066K, committed 120168K, reserved 1153024K
  class space    used 16043K, capacity 16427K, committed 16500K, reserved 1048576K
Event: 1295.476 GC heap after
Heap after GC invocations=88 (full 13):
 par new generation   total 74944K, used 6343K [0x0000000505c00000, 0x000000050ad50000, 0x000000051a8c0000)
  eden space 66624K,   0% used [0x0000000505c00000, 0x0000000505c00000, 0x0000000509d10000)
  from space 8320K,  76% used [0x0000000509d10000, 0x000000050a341ed0, 0x000000050a530000)
  to   space 8320K,   0% used [0x000000050a530000, 0x000000050a530000, 0x000000050ad50000)
 concurrent mark-sweep generation total 283216K, used 186572K [0x000000051a8c0000, 0x000000052bd54000, 0x00000007c0000000)
 Metaspace       used 118270K, capacity 120066K, committed 120168K, reserved 1153024K
  class space    used 16043K, capacity 16427K, committed 16500K, reserved 1048576K
}
Event: 1295.643 GC heap before
{Heap before GC invocations=88 (full 13):
 par new generation   total 74944K, used 72967K [0x0000000505c00000, 0x000000050ad50000, 0x000000051a8c0000)
  eden space 66624K, 100% used [0x0000000505c00000, 0x0000000509d10000, 0x0000000509d10000)
  from space 8320K,  76% used [0x0000000509d10000, 0x000000050a341ed0, 0x000000050a530000)
  to   space 8320K,   0% used [0x000000050a530000, 0x000000050a530000, 0x000000050ad50000)
 concurrent mark-sweep generation total 283216K, used 186572K [0x000000051a8c0000, 0x000000052bd54000, 0x00000007c0000000)
 Metaspace       used 118405K, capacity 120200K, committed 120424K, reserved 1153024K
  class space    used 16053K, capacity 16429K, committed 16500K, reserved 1048576K
Event: 1295.651 GC heap after
Heap after GC invocations=89 (full 13):
 par new generation   total 74944K, used 5772K [0x0000000505c00000, 0x000000050ad50000, 0x000000051a8c0000)
  eden space 66624K,   0% used [0x0000000505c00000, 0x0000000505c00000, 0x0000000509d10000)
  from space 8320K,  69% used [0x000000050a530000, 0x000000050aad33f8, 0x000000050ad50000)
  to   space 8320K,   0% used [0x0000000509d10000, 0x0000000509d10000, 0x000000050a530000)
 concurrent mark-sweep generation total 283216K, used 186572K [0x000000051a8c0000, 0x000000052bd54000, 0x00000007c0000000)
 Metaspace       used 118405K, capacity 120200K, committed 120424K, reserved 1153024K
  class space    used 16053K, capacity 16429K, committed 16500K, reserved 1048576K
}
Event: 1334.005 GC heap before
{Heap before GC invocations=89 (full 13):
 par new generation   total 74944K, used 72396K [0x0000000505c00000, 0x000000050ad50000, 0x000000051a8c0000)
  eden space 66624K, 100% used [0x0000000505c00000, 0x0000000509d10000, 0x0000000509d10000)
  from space 8320K,  69% used [0x000000050a530000, 0x000000050aad33f8, 0x000000050ad50000)
  to   space 8320K,   0% used [0x0000000509d10000, 0x0000000509d10000, 0x000000050a530000)
 concurrent mark-sweep generation total 283216K, used 186572K [0x000000051a8c0000, 0x000000052bd54000, 0x00000007c0000000)
 Metaspace       used 118458K, capacity 120318K, committed 120424K, reserved 1153024K
  class space    used 16058K, capacity 16438K, committed 16500K, reserved 1048576K
Event: 1334.011 GC heap after
Heap after GC invocations=90 (full 13):
 par new generation   total 74944K, used 6970K [0x0000000505c00000, 0x000000050ad50000, 0x000000051a8c0000)
  eden space 66624K,   0% used [0x0000000505c00000, 0x0000000505c00000, 0x0000000509d10000)
  from space 8320K,  83% used [0x0000000509d10000, 0x000000050a3de8d0, 0x000000050a530000)
  to   space 8320K,   0% used [0x000000050a530000, 0x000000050a530000, 0x000000050ad50000)
 concurrent mark-sweep generation total 283216K, used 186572K [0x000000051a8c0000, 0x000000052bd54000, 0x00000007c0000000)
 Metaspace       used 118458K, capacity 120318K, committed 120424K, reserved 1153024K
  class space    used 16058K, capacity 16438K, committed 16500K, reserved 1048576K
}
Event: 1339.147 GC heap before
{Heap before GC invocations=90 (full 13):
 par new generation   total 74944K, used 73594K [0x0000000505c00000, 0x000000050ad50000, 0x000000051a8c0000)
  eden space 66624K, 100% used [0x0000000505c00000, 0x0000000509d10000, 0x0000000509d10000)
  from space 8320K,  83% used [0x0000000509d10000, 0x000000050a3de8d0, 0x000000050a530000)
  to   space 8320K,   0% used [0x000000050a530000, 0x000000050a530000, 0x000000050ad50000)
 concurrent mark-sweep generation total 283216K, used 186572K [0x000000051a8c0000, 0x000000052bd54000, 0x00000007c0000000)
 Metaspace       used 118533K, capacity 120322K, committed 120424K, reserved 1153024K
  class space    used 16058K, capacity 16438K, committed 16500K, reserved 1048576K
Event: 1339.155 GC heap after
Heap after GC invocations=91 (full 13):
 par new generation   total 74944K, used 5761K [0x0000000505c00000, 0x000000050ad50000, 0x000000051a8c0000)
  eden space 66624K,   0% used [0x0000000505c00000, 0x0000000505c00000, 0x0000000509d10000)
  from space 8320K,  69% used [0x000000050a530000, 0x000000050aad0758, 0x000000050ad50000)
  to   space 8320K,   0% used [0x0000000509d10000, 0x0000000509d10000, 0x000000050a530000)
 concurrent mark-sweep generation total 283216K, used 187737K [0x000000051a8c0000, 0x000000052bd54000, 0x00000007c0000000)
 Metaspace       used 118533K, capacity 120322K, committed 120424K, reserved 1153024K
  class space    used 16058K, capacity 16438K, committed 16500K, reserved 1048576K
}
Event: 1394.056 GC heap before
{Heap before GC invocations=91 (full 13):
 par new generation   total 74944K, used 72385K [0x0000000505c00000, 0x000000050ad50000, 0x000000051a8c0000)
  eden space 66624K, 100% used [0x0000000505c00000, 0x0000000509d10000, 0x0000000509d10000)
  from space 8320K,  69% used [0x000000050a530000, 0x000000050aad0758, 0x000000050ad50000)
  to   space 8320K,   0% used [0x0000000509d10000, 0x0000000509d10000, 0x000000050a530000)
 concurrent mark-sweep generation total 283216K, used 187737K [0x000000051a8c0000, 0x000000052bd54000, 0x00000007c0000000)
 Metaspace       used 118535K, capacity 120322K, committed 120424K, reserved 1153024K
  class space    used 16058K, capacity 16438K, committed 16500K, reserved 1048576K
Event: 1394.063 GC heap after
Heap after GC invocations=92 (full 13):
 par new generation   total 74944K, used 6686K [0x0000000505c00000, 0x000000050ad50000, 0x000000051a8c0000)
  eden space 66624K,   0% used [0x0000000505c00000, 0x0000000505c00000, 0x0000000509d10000)
  from space 8320K,  80% used [0x0000000509d10000, 0x000000050a397bd0, 0x000000050a530000)
  to   space 8320K,   0% used [0x000000050a530000, 0x000000050a530000, 0x000000050ad50000)
 concurrent mark-sweep generation total 283216K, used 189036K [0x000000051a8c0000, 0x000000052bd54000, 0x00000007c0000000)
 Metaspace       used 118535K, capacity 120322K, committed 120424K, reserved 1153024K
  class space    used 16058K, capacity 16438K, committed 16500K, reserved 1048576K
}
Event: 1449.240 GC heap before
{Heap before GC invocations=92 (full 13):
 par new generation   total 74944K, used 73310K [0x0000000505c00000, 0x000000050ad50000, 0x000000051a8c0000)
  eden space 66624K, 100% used [0x0000000505c00000, 0x0000000509d10000, 0x0000000509d10000)
  from space 8320K,  80% used [0x0000000509d10000, 0x000000050a397bd0, 0x000000050a530000)
  to   space 8320K,   0% used [0x000000050a530000, 0x000000050a530000, 0x000000050ad50000)
 concurrent mark-sweep generation total 283216K, used 189036K [0x000000051a8c0000, 0x000000052bd54000, 0x00000007c0000000)
 Metaspace       used 118535K, capacity 120322K, committed 120424K, reserved 1153024K
  class space    used 16058K, capacity 16438K, committed 16500K, reserved 1048576K
Event: 1449.246 GC heap after
Heap after GC invocations=93 (full 13):
 par new generation   total 74944K, used 7252K [0x0000000505c00000, 0x000000050ad50000, 0x000000051a8c0000)
  eden space 66624K,   0% used [0x0000000505c00000, 0x0000000505c00000, 0x0000000509d10000)
  from space 8320K,  87% used [0x000000050a530000, 0x000000050ac45150, 0x000000050ad50000)
  to   space 8320K,   0% used [0x0000000509d10000, 0x0000000509d10000, 0x000000050a530000)
 concurrent mark-sweep generation total 283216K, used 189036K [0x000000051a8c0000, 0x000000052bd54000, 0x00000007c0000000)
 Metaspace       used 118535K, capacity 120322K, committed 120424K, reserved 1153024K
  class space    used 16058K, capacity 16438K, committed 16500K, reserved 1048576K
}
Event: 1470.650 GC heap before
{Heap before GC invocations=93 (full 13):
 par new generation   total 74944K, used 73876K [0x0000000505c00000, 0x000000050ad50000, 0x000000051a8c0000)
  eden space 66624K, 100% used [0x0000000505c00000, 0x0000000509d10000, 0x0000000509d10000)
  from space 8320K,  87% used [0x000000050a530000, 0x000000050ac45150, 0x000000050ad50000)
  to   space 8320K,   0% used [0x0000000509d10000, 0x0000000509d10000, 0x000000050a530000)
 concurrent mark-sweep generation total 283216K, used 189036K [0x000000051a8c0000, 0x000000052bd54000, 0x00000007c0000000)
 Metaspace       used 118600K, capacity 120450K, committed 120680K, reserved 1153024K
  class space    used 16058K, capacity 16438K, committed 16500K, reserved 1048576K
Event: 1470.662 GC heap after
Heap after GC invocations=94 (full 13):
 par new generation   total 74944K, used 8320K [0x0000000505c00000, 0x000000050ad50000, 0x000000051a8c0000)
  eden space 66624K,   0% used [0x0000000505c00000, 0x0000000505c00000, 0x0000000509d10000)
  from space 8320K, 100% used [0x0000000509d10000, 0x000000050a530000, 0x000000050a530000)
  to   space 8320K,   0% used [0x000000050a530000, 0x000000050a530000, 0x000000050ad50000)
 concurrent mark-sweep generation total 283216K, used 189544K [0x000000051a8c0000, 0x000000052bd54000, 0x00000007c0000000)
 Metaspace       used 118600K, capacity 120450K, committed 120680K, reserved 1153024K
  class space    used 16058K, capacity 16438K, committed 16500K, reserved 1048576K
}
Event: 1525.173 GC heap before
{Heap before GC invocations=94 (full 13):
 par new generation   total 74944K, used 74944K [0x0000000505c00000, 0x000000050ad50000, 0x000000051a8c0000)
  eden space 66624K, 100% used [0x0000000505c00000, 0x0000000509d10000, 0x0000000509d10000)
  from space 8320K, 100% used [0x0000000509d10000, 0x000000050a530000, 0x000000050a530000)
  to   space 8320K,   0% used [0x000000050a530000, 0x000000050a530000, 0x000000050ad50000)
 concurrent mark-sweep generation total 283216K, used 189544K [0x000000051a8c0000, 0x000000052bd54000, 0x00000007c0000000)
 Metaspace       used 118600K, capacity 120450K, committed 120680K, reserved 1153024K
  class space    used 16058K, capacity 16438K, committed 16500K, reserved 1048576K
Event: 1525.182 GC heap after
Heap after GC invocations=95 (full 13):
 par new generation   total 74944K, used 5874K [0x0000000505c00000, 0x000000050ad50000, 0x000000051a8c0000)
  eden space 66624K,   0% used [0x0000000505c00000, 0x0000000505c00000, 0x0000000509d10000)
  from space 8320K,  70% used [0x000000050a530000, 0x000000050aaecac0, 0x000000050ad50000)
  to   space 8320K,   0% used [0x0000000509d10000, 0x0000000509d10000, 0x000000050a530000)
 concurrent mark-sweep generation total 283216K, used 191421K [0x000000051a8c0000, 0x000000052bd54000, 0x00000007c0000000)
 Metaspace       used 118600K, capacity 120450K, committed 120680K, reserved 1153024K
  class space    used 16058K, capacity 16438K, committed 16500K, reserved 1048576K
}
Event: 1576.790 GC heap before
{Heap before GC invocations=95 (full 13):
 par new generation   total 74944K, used 72498K [0x0000000505c00000, 0x000000050ad50000, 0x000000051a8c0000)
  eden space 66624K, 100% used [0x0000000505c00000, 0x0000000509d10000, 0x0000000509d10000)
  from space 8320K,  70% used [0x000000050a530000, 0x000000050aaecac0, 0x000000050ad50000)
  to   space 8320K,   0% used [0x0000000509d10000, 0x0000000509d10000, 0x000000050a530000)
 concurrent mark-sweep generation total 283216K, used 191421K [0x000000051a8c0000, 0x000000052bd54000, 0x00000007c0000000)
 Metaspace       used 118620K, capacity 120450K, committed 120680K, reserved 1153024K
  class space    used 16058K, capacity 16438K, committed 16500K, reserved 1048576K
Event: 1576.796 GC heap after
Heap after GC invocations=96 (full 13):
 par new generation   total 74944K, used 6904K [0x0000000505c00000, 0x000000050ad50000, 0x000000051a8c0000)
  eden space 66624K,   0% used [0x0000000505c00000, 0x0000000505c00000, 0x0000000509d10000)
  from space 8320K,  82% used [0x0000000509d10000, 0x000000050a3ce2c0, 0x000000050a530000)
  to   space 8320K,   0% used [0x000000050a530000, 0x000000050a530000, 0x000000050ad50000)
 concurrent mark-sweep generation total 283216K, used 191421K [0x000000051a8c0000, 0x000000052bd54000, 0x00000007c0000000)
 Metaspace       used 118620K, capacity 120450K, committed 120680K, reserved 1153024K
  class space    used 16058K, capacity 16438K, committed 16500K, reserved 1048576K
}
Event: 1594.152 GC heap before
{Heap before GC invocations=96 (full 13):
 par new generation   total 74944K, used 73528K [0x0000000505c00000, 0x000000050ad50000, 0x000000051a8c0000)
  eden space 66624K, 100% used [0x0000000505c00000, 0x0000000509d10000, 0x0000000509d10000)
  from space 8320K,  82% used [0x0000000509d10000, 0x000000050a3ce2c0, 0x000000050a530000)
  to   space 8320K,   0% used [0x000000050a530000, 0x000000050a530000, 0x000000050ad50000)
 concurrent mark-sweep generation total 283216K, used 191421K [0x000000051a8c0000, 0x000000052bd54000, 0x00000007c0000000)
 Metaspace       used 118687K, capacity 120514K, committed 120680K, reserved 1153024K
  class space    used 16058K, capacity 16438K, committed 16500K, reserved 1048576K
Event: 1594.160 GC heap after
Heap after GC invocations=97 (full 13):
 par new generation   total 74944K, used 7454K [0x0000000505c00000, 0x000000050ad50000, 0x000000051a8c0000)
  eden space 66624K,   0% used [0x0000000505c00000, 0x0000000505c00000, 0x0000000509d10000)
  from space 8320K,  89% used [0x000000050a530000, 0x000000050ac77ae8, 0x000000050ad50000)
  to   space 8320K,   0% used [0x0000000509d10000, 0x0000000509d10000, 0x000000050a530000)
 concurrent mark-sweep generation total 283216K, used 192465K [0x000000051a8c0000, 0x000000052bd54000, 0x00000007c0000000)
 Metaspace       used 118687K, capacity 120514K, committed 120680K, reserved 1153024K
  class space    used 16058K, capacity 16438K, committed 16500K, reserved 1048576K
}
Event: 1649.851 GC heap before
{Heap before GC invocations=97 (full 13):
 par new generation   total 74944K, used 73830K [0x0000000505c00000, 0x000000050ad50000, 0x000000051a8c0000)
  eden space 66624K,  99% used [0x0000000505c00000, 0x0000000509cd1d88, 0x0000000509d10000)
  from space 8320K,  89% used [0x000000050a530000, 0x000000050ac77ae8, 0x000000050ad50000)
  to   space 8320K,   0% used [0x0000000509d10000, 0x0000000509d10000, 0x000000050a530000)
 concurrent mark-sweep generation total 283216K, used 192465K [0x000000051a8c0000, 0x000000052bd54000, 0x00000007c0000000)
 Metaspace       used 118694K, capacity 120520K, committed 120680K, reserved 1153024K
  class space    used 16058K, capacity 16439K, committed 16500K, reserved 1048576K
Event: 1649.858 GC heap after
Heap after GC invocations=98 (full 13):
 par new generation   total 74944K, used 5295K [0x0000000505c00000, 0x000000050ad50000, 0x000000051a8c0000)
  eden space 66624K,   0% used [0x0000000505c00000, 0x0000000505c00000, 0x0000000509d10000)
  from space 8320K,  63% used [0x0000000509d10000, 0x000000050a23bd00, 0x000000050a530000)
  to   space 8320K,   0% used [0x000000050a530000, 0x000000050a530000, 0x000000050ad50000)
 concurrent mark-sweep generation total 283216K, used 193430K [0x000000051a8c0000, 0x000000052bd54000, 0x00000007c0000000)
 Metaspace       used 118694K, capacity 120520K, committed 120680K, reserved 1153024K
  class space    used 16058K, capacity 16439K, committed 16500K, reserved 1048576K
}
Event: 1697.910 GC heap before
{Heap before GC invocations=98 (full 13):
 par new generation   total 74944K, used 71919K [0x0000000505c00000, 0x000000050ad50000, 0x000000051a8c0000)
  eden space 66624K, 100% used [0x0000000505c00000, 0x0000000509d10000, 0x0000000509d10000)
  from space 8320K,  63% used [0x0000000509d10000, 0x000000050a23bd00, 0x000000050a530000)
  to   space 8320K,   0% used [0x000000050a530000, 0x000000050a530000, 0x000000050ad50000)
 concurrent mark-sweep generation total 283216K, used 193430K [0x000000051a8c0000, 0x000000052bd54000, 0x00000007c0000000)
 Metaspace       used 118762K, capacity 120590K, committed 120680K, reserved 1153024K
  class space    used 16064K, capacity 16440K, committed 16500K, reserved 1048576K
Event: 1697.917 GC heap after
Heap after GC invocations=99 (full 13):
 par new generation   total 74944K, used 6202K [0x0000000505c00000, 0x000000050ad50000, 0x000000051a8c0000)
  eden space 66624K,   0% used [0x0000000505c00000, 0x0000000505c00000, 0x0000000509d10000)
  from space 8320K,  74% used [0x000000050a530000, 0x000000050ab3e9b0, 0x000000050ad50000)
  to   space 8320K,   0% used [0x0000000509d10000, 0x0000000509d10000, 0x000000050a530000)
 concurrent mark-sweep generation total 283216K, used 193430K [0x000000051a8c0000, 0x000000052bd54000, 0x00000007c0000000)
 Metaspace       used 118762K, capacity 120590K, committed 120680K, reserved 1153024K
  class space    used 16064K, capacity 16440K, committed 16500K, reserved 1048576K
}
Event: 1740.994 GC heap before
{Heap before GC invocations=99 (full 13):
 par new generation   total 74944K, used 72826K [0x0000000505c00000, 0x000000050ad50000, 0x000000051a8c0000)
  eden space 66624K, 100% used [0x0000000505c00000, 0x0000000509d10000, 0x0000000509d10000)
  from space 8320K,  74% used [0x000000050a530000, 0x000000050ab3e9b0, 0x000000050ad50000)
  to   space 8320K,   0% used [0x0000000509d10000, 0x0000000509d10000, 0x000000050a530000)
 concurrent mark-sweep generation total 283216K, used 193430K [0x000000051a8c0000, 0x000000052bd54000, 0x00000007c0000000)
 Metaspace       used 118910K, capacity 120730K, committed 120936K, reserved 1153024K
  class space    used 16066K, capacity 16444K, committed 16500K, reserved 1048576K
Event: 1741.001 GC heap after
Heap after GC invocations=100 (full 13):
 par new generation   total 74944K, used 6231K [0x0000000505c00000, 0x000000050ad50000, 0x000000051a8c0000)
  eden space 66624K,   0% used [0x0000000505c00000, 0x0000000505c00000, 0x0000000509d10000)
  from space 8320K,  74% used [0x0000000509d10000, 0x000000050a325fd8, 0x000000050a530000)
  to   space 8320K,   0% used [0x000000050a530000, 0x000000050a530000, 0x000000050ad50000)
 concurrent mark-sweep generation total 283216K, used 193833K [0x000000051a8c0000, 0x000000052bd54000, 0x00000007c0000000)
 Metaspace       used 118910K, capacity 120730K, committed 120936K, reserved 1153024K
  class space    used 16066K, capacity 16444K, committed 16500K, reserved 1048576K
}
Event: 1812.899 GC heap before
{Heap before GC invocations=100 (full 13):
 par new generation   total 74944K, used 43144K [0x0000000505c00000, 0x000000050ad50000, 0x000000051a8c0000)
  eden space 66624K,  55% used [0x0000000505c00000, 0x000000050800c248, 0x0000000509d10000)
  from space 8320K,  74% used [0x0000000509d10000, 0x000000050a325fd8, 0x000000050a530000)
  to   space 8320K,   0% used [0x000000050a530000, 0x000000050a530000, 0x000000050ad50000)
 concurrent mark-sweep generation total 283216K, used 193833K [0x000000051a8c0000, 0x000000052bd54000, 0x00000007c0000000)
 Metaspace       used 118919K, capacity 120730K, committed 120936K, reserved 1153024K
  class space    used 16066K, capacity 16444K, committed 16500K, reserved 1048576K
Event: 1813.141 GC heap after
Heap after GC invocations=101 (full 14):
 par new generation   total 131904K, used 0K [0x0000000505c00000, 0x000000050eb10000, 0x000000051a8c0000)
  eden space 117312K,   0% used [0x0000000505c00000, 0x0000000505c00000, 0x000000050ce90000)
  from space 14592K,   0% used [0x000000050ce90000, 0x000000050ce90000, 0x000000050dcd0000)
  to   space 14592K,   0% used [0x000000050dcd0000, 0x000000050dcd0000, 0x000000050eb10000)
 concurrent mark-sweep generation total 292816K, used 175687K [0x000000051a8c0000, 0x000000052c6b4000, 0x00000007c0000000)
 Metaspace       used 118915K, capacity 120724K, committed 120936K, reserved 1153024K
  class space    used 16066K, capacity 16443K, committed 16500K, reserved 1048576K
}
Event: 2041.794 GC heap before
{Heap before GC invocations=101 (full 14):
 par new generation   total 131904K, used 117312K [0x0000000505c00000, 0x000000050eb10000, 0x000000051a8c0000)
  eden space 117312K, 100% used [0x0000000505c00000, 0x000000050ce90000, 0x000000050ce90000)
  from space 14592K,   0% used [0x000000050ce90000, 0x000000050ce90000, 0x000000050dcd0000)
  to   space 14592K,   0% used [0x000000050dcd0000, 0x000000050dcd0000, 0x000000050eb10000)
 concurrent mark-sweep generation total 292816K, used 175687K [0x000000051a8c0000, 0x000000052c6b4000, 0x00000007c0000000)
 Metaspace       used 119365K, capacity 121214K, committed 121448K, reserved 1155072K
  class space    used 16118K, capacity 16499K, committed 16500K, reserved 1048576K
Event: 2041.799 GC heap after
Heap after GC invocations=102 (full 14):
 par new generation   total 131904K, used 2404K [0x0000000505c00000, 0x000000050eb10000, 0x000000051a8c0000)
  eden space 117312K,   0% used [0x0000000505c00000, 0x0000000505c00000, 0x000000050ce90000)
  from space 14592K,  16% used [0x000000050dcd0000, 0x000000050df29088, 0x000000050eb10000)
  to   space 14592K,   0% used [0x000000050ce90000, 0x000000050ce90000, 0x000000050dcd0000)
 concurrent mark-sweep generation total 292816K, used 175687K [0x000000051a8c0000, 0x000000052c6b4000, 0x00000007c0000000)
 Metaspace       used 119365K, capacity 121214K, committed 121448K, reserved 1155072K
  class space    used 16118K, capacity 16499K, committed 16500K, reserved 1048576K
}
Event: 2058.779 GC heap before
{Heap before GC invocations=102 (full 14):
 par new generation   total 131904K, used 118845K [0x0000000505c00000, 0x000000050eb10000, 0x000000051a8c0000)
  eden space 117312K,  99% used [0x0000000505c00000, 0x000000050cdb6428, 0x000000050ce90000)
  from space 14592K,  16% used [0x000000050dcd0000, 0x000000050df29088, 0x000000050eb10000)
  to   space 14592K,   0% used [0x000000050ce90000, 0x000000050ce90000, 0x000000050dcd0000)
 concurrent mark-sweep generation total 292816K, used 175687K [0x000000051a8c0000, 0x000000052c6b4000, 0x00000007c0000000)
 Metaspace       used 119583K, capacity 121468K, committed 121576K, reserved 1155072K
  class space    used 16155K, capacity 16536K, committed 16628K, reserved 1048576K
Event: 2058.786 GC heap after
Heap after GC invocations=103 (full 14):
 par new generation   total 131904K, used 5992K [0x0000000505c00000, 0x000000050eb10000, 0x000000051a8c0000)
  eden space 117312K,   0% used [0x0000000505c00000, 0x0000000505c00000, 0x000000050ce90000)
  from space 14592K,  41% used [0x000000050ce90000, 0x000000050d46a088, 0x000000050dcd0000)
  to   space 14592K,   0% used [0x000000050dcd0000, 0x000000050dcd0000, 0x000000050eb10000)
 concurrent mark-sweep generation total 292816K, used 192074K [0x000000051a8c0000, 0x000000052c6b4000, 0x00000007c0000000)
 Metaspace       used 119583K, capacity 121468K, committed 121576K, reserved 1155072K
  class space    used 16155K, capacity 16536K, committed 16628K, reserved 1048576K
}
Event: 2060.549 GC heap before
{Heap before GC invocations=103 (full 14):
 par new generation   total 131904K, used 110681K [0x0000000505c00000, 0x000000050eb10000, 0x000000051a8c0000)
  eden space 117312K,  89% used [0x0000000505c00000, 0x000000050c23c620, 0x000000050ce90000)
  from space 14592K,  41% used [0x000000050ce90000, 0x000000050d46a088, 0x000000050dcd0000)
  to   space 14592K,   0% used [0x000000050dcd0000, 0x000000050dcd0000, 0x000000050eb10000)
 concurrent mark-sweep generation total 292816K, used 192074K [0x000000051a8c0000, 0x000000052c6b4000, 0x00000007c0000000)
 Metaspace       used 119627K, capacity 121532K, committed 121832K, reserved 1155072K
  class space    used 16155K, capacity 16536K, committed 16628K, reserved 1048576K
Event: 2060.579 GC heap after
Heap after GC invocations=104 (full 14):
 par new generation   total 131904K, used 12426K [0x0000000505c00000, 0x000000050eb10000, 0x000000051a8c0000)
  eden space 117312K,   0% used [0x0000000505c00000, 0x0000000505c00000, 0x000000050ce90000)
  from space 14592K,  85% used [0x000000050dcd0000, 0x000000050e8f28f0, 0x000000050eb10000)
  to   space 14592K,   0% used [0x000000050ce90000, 0x000000050ce90000, 0x000000050dcd0000)
 concurrent mark-sweep generation total 292816K, used 224844K [0x000000051a8c0000, 0x000000052c6b4000, 0x00000007c0000000)
 Metaspace       used 119627K, capacity 121532K, committed 121832K, reserved 1155072K
  class space    used 16155K, capacity 16536K, committed 16628K, reserved 1048576K
}
Event: 2069.395 GC heap before
{Heap before GC invocations=104 (full 15):
 par new generation   total 131904K, used 129364K [0x0000000505c00000, 0x000000050eb10000, 0x000000051a8c0000)
  eden space 117312K,  99% used [0x0000000505c00000, 0x000000050ce327c8, 0x000000050ce90000)
  from space 14592K,  85% used [0x000000050dcd0000, 0x000000050e8f28f0, 0x000000050eb10000)
  to   space 14592K,   0% used [0x000000050ce90000, 0x000000050ce90000, 0x000000050dcd0000)
 concurrent mark-sweep generation total 372276K, used 223365K [0x000000051a8c0000, 0x000000053144d000, 0x00000007c0000000)
 Metaspace       used 119632K, capacity 121532K, committed 121832K, reserved 1155072K
  class space    used 16156K, capacity 16536K, committed 16628K, reserved 1048576K
Event: 2069.423 GC heap after
Heap after GC invocations=105 (full 15):
 par new generation   total 131904K, used 13753K [0x0000000505c00000, 0x000000050eb10000, 0x000000051a8c0000)
  eden space 117312K,   0% used [0x0000000505c00000, 0x0000000505c00000, 0x000000050ce90000)
  from space 14592K,  94% used [0x000000050ce90000, 0x000000050dbfe5f0, 0x000000050dcd0000)
  to   space 14592K,   0% used [0x000000050dcd0000, 0x000000050dcd0000, 0x000000050eb10000)
 concurrent mark-sweep generation total 372276K, used 262998K [0x000000051a8c0000, 0x000000053144d000, 0x00000007c0000000)
 Metaspace       used 119632K, capacity 121532K, committed 121832K, reserved 1155072K
  class space    used 16156K, capacity 16536K, committed 16628K, reserved 1048576K
}
Event: 2078.128 GC heap before
{Heap before GC invocations=105 (full 16):
 par new generation   total 131904K, used 130691K [0x0000000505c00000, 0x000000050eb10000, 0x000000051a8c0000)
  eden space 117312K,  99% used [0x0000000505c00000, 0x000000050ce32988, 0x000000050ce90000)
  from space 14592K,  94% used [0x000000050ce90000, 0x000000050dbfe5f0, 0x000000050dcd0000)
  to   space 14592K,   0% used [0x000000050dcd0000, 0x000000050dcd0000, 0x000000050eb10000)
 concurrent mark-sweep generation total 438144K, used 262884K [0x000000051a8c0000, 0x00000005354a0000, 0x00000007c0000000)
 Metaspace       used 119635K, capacity 121532K, committed 121832K, reserved 1155072K
  class space    used 16156K, capacity 16536K, committed 16628K, reserved 1048576K
Event: 2078.141 GC heap after
Heap after GC invocations=106 (full 16):
 par new generation   total 131904K, used 13706K [0x0000000505c00000, 0x000000050eb10000, 0x000000051a8c0000)
  eden space 117312K,   0% used [0x0000000505c00000, 0x0000000505c00000, 0x000000050ce90000)
  from space 14592K,  93% used [0x000000050dcd0000, 0x000000050ea328c0, 0x000000050eb10000)
  to   space 14592K,   0% used [0x000000050ce90000, 0x000000050ce90000, 0x000000050dcd0000)
 concurrent mark-sweep generation total 438144K, used 288195K [0x000000051a8c0000, 0x00000005354a0000, 0x00000007c0000000)
 Metaspace       used 119635K, capacity 121532K, committed 121832K, reserved 1155072K
  class space    used 16156K, capacity 16536K, committed 16628K, reserved 1048576K
}
Event: 2087.086 GC heap before
{Heap before GC invocations=106 (full 16):
 par new generation   total 131904K, used 131018K [0x0000000505c00000, 0x000000050eb10000, 0x000000051a8c0000)
  eden space 117312K, 100% used [0x0000000505c00000, 0x000000050ce90000, 0x000000050ce90000)
  from space 14592K,  93% used [0x000000050dcd0000, 0x000000050ea328c0, 0x000000050eb10000)
  to   space 14592K,   0% used [0x000000050ce90000, 0x000000050ce90000, 0x000000050dcd0000)
 concurrent mark-sweep generation total 438144K, used 288195K [0x000000051a8c0000, 0x00000005354a0000, 0x00000007c0000000)
 Metaspace       used 119637K, capacity 121532K, committed 121832K, reserved 1155072K
  class space    used 16156K, capacity 16536K, committed 16628K, reserved 1048576K
Event: 2087.109 GC heap after
Heap after GC invocations=107 (full 16):
 par new generation   total 131904K, used 14547K [0x0000000505c00000, 0x000000050eb10000, 0x000000051a8c0000)
  eden space 117312K,   0% used [0x0000000505c00000, 0x0000000505c00000, 0x000000050ce90000)
  from space 14592K,  99% used [0x000000050ce90000, 0x000000050dcc4d28, 0x000000050dcd0000)
  to   space 14592K,   0% used [0x000000050dcd0000, 0x000000050dcd0000, 0x000000050eb10000)
 concurrent mark-sweep generation total 438144K, used 313493K [0x000000051a8c0000, 0x00000005354a0000, 0x00000007c0000000)
 Metaspace       used 119637K, capacity 121532K, committed 121832K, reserved 1155072K
  class space    used 16156K, capacity 16536K, committed 16628K, reserved 1048576K
}
Event: 2095.662 GC heap before
{Heap before GC invocations=107 (full 17):
 par new generation   total 131904K, used 131731K [0x0000000505c00000, 0x000000050eb10000, 0x000000051a8c0000)
  eden space 117312K,  99% used [0x0000000505c00000, 0x000000050ce6ff28, 0x000000050ce90000)
  from space 14592K,  99% used [0x000000050ce90000, 0x000000050dcc4d28, 0x000000050dcd0000)
  to   space 14592K,   0% used [0x000000050dcd0000, 0x000000050dcd0000, 0x000000050eb10000)
 concurrent mark-sweep generation total 522120K, used 313270K [0x000000051a8c0000, 0x000000053a6a2000, 0x00000007c0000000)
 Metaspace       used 119634K, capacity 121526K, committed 121832K, reserved 1155072K
  class space    used 16155K, capacity 16535K, committed 16628K, reserved 1048576K
Event: 2095.676 GC heap after
Heap after GC invocations=108 (full 17):
 par new generation   total 131904K, used 14509K [0x0000000505c00000, 0x000000050eb10000, 0x000000051a8c0000)
  eden space 117312K,   0% used [0x0000000505c00000, 0x0000000505c00000, 0x000000050ce90000)
  from space 14592K,  99% used [0x000000050dcd0000, 0x000000050eafb670, 0x000000050eb10000)
  to   space 14592K,   0% used [0x000000050ce90000, 0x000000050ce90000, 0x000000050dcd0000)
 concurrent mark-sweep generation total 522120K, used 339621K [0x000000051a8c0000, 0x000000053a6a2000, 0x00000007c0000000)
 Metaspace       used 119634K, capacity 121526K, committed 121832K, reserved 1155072K
  class space    used 16155K, capacity 16535K, committed 16628K, reserved 1048576K
}
Event: 2104.529 GC heap before
{Heap before GC invocations=108 (full 17):
 par new generation   total 131904K, used 131614K [0x0000000505c00000, 0x000000050eb10000, 0x000000051a8c0000)
  eden space 117312K,  99% used [0x0000000505c00000, 0x000000050ce5c508, 0x000000050ce90000)
  from space 14592K,  99% used [0x000000050dcd0000, 0x000000050eafb670, 0x000000050eb10000)
  to   space 14592K,   0% used [0x000000050ce90000, 0x000000050ce90000, 0x000000050dcd0000)
 concurrent mark-sweep generation total 522120K, used 339621K [0x000000051a8c0000, 0x000000053a6a2000, 0x00000007c0000000)
 Metaspace       used 119636K, capacity 121526K, committed 121832K, reserved 1155072K
  class space    used 16155K, capacity 16535K, committed 16628K, reserved 1048576K
Event: 2104.541 GC heap after
Heap after GC invocations=109 (full 17):
 par new generation   total 131904K, used 14297K [0x0000000505c00000, 0x000000050eb10000, 0x000000051a8c0000)
  eden space 117312K,   0% used [0x0000000505c00000, 0x0000000505c00000, 0x000000050ce90000)
  from space 14592K,  97% used [0x000000050ce90000, 0x000000050dc86490, 0x000000050dcd0000)
  to   space 14592K,   0% used [0x000000050dcd0000, 0x000000050dcd0000, 0x000000050eb10000)
 concurrent mark-sweep generation total 522120K, used 366048K [0x000000051a8c0000, 0x000000053a6a2000, 0x00000007c0000000)
 Metaspace       used 119636K, capacity 121526K, committed 121832K, reserved 1155072K
  class space    used 16155K, capacity 16535K, committed 16628K, reserved 1048576K
}
Event: 2113.501 GC heap before
{Heap before GC invocations=109 (full 18):
 par new generation   total 131904K, used 131015K [0x0000000505c00000, 0x000000050eb10000, 0x000000051a8c0000)
  eden space 117312K,  99% used [0x0000000505c00000, 0x000000050cdfbb08, 0x000000050ce90000)
  from space 14592K,  97% used [0x000000050ce90000, 0x000000050dc86490, 0x000000050dcd0000)
  to   space 14592K,   0% used [0x000000050dcd0000, 0x000000050dcd0000, 0x000000050eb10000)
 concurrent mark-sweep generation total 609700K, used 365819K [0x000000051a8c0000, 0x000000053fc29000, 0x00000007c0000000)
 Metaspace       used 119656K, capacity 121526K, committed 121832K, reserved 1155072K
  class space    used 16155K, capacity 16535K, committed 16628K, reserved 1048576K
Event: 2113.514 GC heap after
Heap after GC invocations=110 (full 18):
 par new generation   total 131904K, used 14558K [0x0000000505c00000, 0x000000050eb10000, 0x000000051a8c0000)
  eden space 117312K,   0% used [0x0000000505c00000, 0x0000000505c00000, 0x000000050ce90000)
  from space 14592K,  99% used [0x000000050dcd0000, 0x000000050eb07908, 0x000000050eb10000)
  to   space 14592K,   0% used [0x000000050ce90000, 0x000000050ce90000, 0x000000050dcd0000)
 concurrent mark-sweep generation total 609700K, used 392989K [0x000000051a8c0000, 0x000000053fc29000, 0x00000007c0000000)
 Metaspace       used 119656K, capacity 121526K, committed 121832K, reserved 1155072K
  class space    used 16155K, capacity 16535K, committed 16628K, reserved 1048576K
}
Event: 2123.157 GC heap before
{Heap before GC invocations=110 (full 18):
 par new generation   total 131904K, used 130977K [0x0000000505c00000, 0x000000050eb10000, 0x000000051a8c0000)
  eden space 117312K,  99% used [0x0000000505c00000, 0x000000050cdb0d60, 0x000000050ce90000)
  from space 14592K,  99% used [0x000000050dcd0000, 0x000000050eb07908, 0x000000050eb10000)
  to   space 14592K,   0% used [0x000000050ce90000, 0x000000050ce90000, 0x000000050dcd0000)
 concurrent mark-sweep generation total 609700K, used 392989K [0x000000051a8c0000, 0x000000053fc29000, 0x00000007c0000000)
 Metaspace       used 119658K, capacity 121526K, committed 121832K, reserved 1155072K
  class space    used 16155K, capacity 16535K, committed 16628K, reserved 1048576K
Event: 2123.170 GC heap after
Heap after GC invocations=111 (full 18):
 par new generation   total 131904K, used 14501K [0x0000000505c00000, 0x000000050eb10000, 0x000000051a8c0000)
  eden space 117312K,   0% used [0x0000000505c00000, 0x0000000505c00000, 0x000000050ce90000)
  from space 14592K,  99% used [0x000000050ce90000, 0x000000050dcb9480, 0x000000050dcd0000)
  to   space 14592K,   0% used [0x000000050dcd0000, 0x000000050dcd0000, 0x000000050eb10000)
 concurrent mark-sweep generation total 609700K, used 418287K [0x000000051a8c0000, 0x000000053fc29000, 0x00000007c0000000)
 Metaspace       used 119658K, capacity 121526K, committed 121832K, reserved 1155072K
  class space    used 16155K, capacity 16535K, committed 16628K, reserved 1048576K
}
Event: 2132.735 GC heap before
{Heap before GC invocations=111 (full 18):
 par new generation   total 131904K, used 130832K [0x0000000505c00000, 0x000000050eb10000, 0x000000051a8c0000)
  eden space 117312K,  99% used [0x0000000505c00000, 0x000000050cd9af68, 0x000000050ce90000)
  from space 14592K,  99% used [0x000000050ce90000, 0x000000050dcb9480, 0x000000050dcd0000)
  to   space 14592K,   0% used [0x000000050dcd0000, 0x000000050dcd0000, 0x000000050eb10000)
 concurrent mark-sweep generation total 609700K, used 418287K [0x000000051a8c0000, 0x000000053fc29000, 0x00000007c0000000)
 Metaspace       used 119660K, capacity 121526K, committed 121832K, reserved 1155072K
  class space    used 16155K, capacity 16535K, committed 16628K, reserved 1048576K
Event: 2132.748 GC heap after
Heap after GC invocations=112 (full 18):
 par new generation   total 131904K, used 14562K [0x0000000505c00000, 0x000000050eb10000, 0x000000051a8c0000)
  eden space 117312K,   0% used [0x0000000505c00000, 0x0000000505c00000, 0x000000050ce90000)
  from space 14592K,  99% used [0x000000050dcd0000, 0x000000050eb08870, 0x000000050eb10000)
  to   space 14592K,   0% used [0x000000050ce90000, 0x000000050ce90000, 0x000000050dcd0000)
 concurrent mark-sweep generation total 609700K, used 444517K [0x000000051a8c0000, 0x000000053fc29000, 0x00000007c0000000)
 Metaspace       used 119660K, capacity 121526K, committed 121832K, reserved 1155072K
  class space    used 16155K, capacity 16535K, committed 16628K, reserved 1048576K
}
Event: 2144.612 GC heap before
{Heap before GC invocations=112 (full 19):
 par new generation   total 131904K, used 131296K [0x0000000505c00000, 0x000000050eb10000, 0x000000051a8c0000)
  eden space 117312K,  99% used [0x0000000505c00000, 0x000000050cdffaa8, 0x000000050ce90000)
  from space 14592K,  99% used [0x000000050dcd0000, 0x000000050eb08870, 0x000000050eb10000)
  to   space 14592K,   0% used [0x000000050ce90000, 0x000000050ce90000, 0x000000050dcd0000)
 concurrent mark-sweep generation total 739492K, used 443695K [0x000000051a8c0000, 0x0000000547ae9000, 0x00000007c0000000)
 Metaspace       used 119663K, capacity 121590K, committed 121832K, reserved 1155072K
  class space    used 16155K, capacity 16535K, committed 16628K, reserved 1048576K
Event: 2144.626 GC heap after
Heap after GC invocations=113 (full 19):
 par new generation   total 131904K, used 14540K [0x0000000505c00000, 0x000000050eb10000, 0x000000051a8c0000)
  eden space 117312K,   0% used [0x0000000505c00000, 0x0000000505c00000, 0x000000050ce90000)
  from space 14592K,  99% used [0x000000050ce90000, 0x000000050dcc3340, 0x000000050dcd0000)
  to   space 14592K,   0% used [0x000000050dcd0000, 0x000000050dcd0000, 0x000000050eb10000)
 concurrent mark-sweep generation total 739492K, used 470031K [0x000000051a8c0000, 0x0000000547ae9000, 0x00000007c0000000)
 Metaspace       used 119663K, capacity 121590K, committed 121832K, reserved 1155072K
  class space    used 16155K, capacity 16535K, committed 16628K, reserved 1048576K
}
Event: 2153.442 GC heap before
{Heap before GC invocations=113 (full 19):
 par new generation   total 131904K, used 131414K [0x0000000505c00000, 0x000000050eb10000, 0x000000051a8c0000)
  eden space 117312K,  99% used [0x0000000505c00000, 0x000000050ce22838, 0x000000050ce90000)
  from space 14592K,  99% used [0x000000050ce90000, 0x000000050dcc3340, 0x000000050dcd0000)
  to   space 14592K,   0% used [0x000000050dcd0000, 0x000000050dcd0000, 0x000000050eb10000)
 concurrent mark-sweep generation total 739492K, used 470031K [0x000000051a8c0000, 0x0000000547ae9000, 0x00000007c0000000)
 Metaspace       used 119666K, capacity 121590K, committed 121832K, reserved 1155072K
  class space    used 16155K, capacity 16535K, committed 16628K, reserved 1048576K
Event: 2153.458 GC heap after
Heap after GC invocations=114 (full 19):
 par new generation   total 131904K, used 14533K [0x0000000505c00000, 0x000000050eb10000, 0x000000051a8c0000)
  eden space 117312K,   0% used [0x0000000505c00000, 0x0000000505c00000, 0x000000050ce90000)
  from space 14592K,  99% used [0x000000050dcd0000, 0x000000050eb01698, 0x000000050eb10000)
  to   space 14592K,   0% used [0x000000050ce90000, 0x000000050ce90000, 0x000000050dcd0000)
 concurrent mark-sweep generation total 739492K, used 496368K [0x000000051a8c0000, 0x0000000547ae9000, 0x00000007c0000000)
 Metaspace       used 119666K, capacity 121590K, committed 121832K, reserved 1155072K
  class space    used 16155K, capacity 16535K, committed 16628K, reserved 1048576K
}
Event: 2162.629 GC heap before
{Heap before GC invocations=114 (full 19):
 par new generation   total 131904K, used 130828K [0x0000000505c00000, 0x000000050eb10000, 0x000000051a8c0000)
  eden space 117312K,  99% used [0x0000000505c00000, 0x000000050cd91af0, 0x000000050ce90000)
  from space 14592K,  99% used [0x000000050dcd0000, 0x000000050eb01698, 0x000000050eb10000)
  to   space 14592K,   0% used [0x000000050ce90000, 0x000000050ce90000, 0x000000050dcd0000)
 concurrent mark-sweep generation total 739492K, used 496368K [0x000000051a8c0000, 0x0000000547ae9000, 0x00000007c0000000)
 Metaspace       used 119672K, capacity 121590K, committed 121832K, reserved 1155072K
  class space    used 16155K, capacity 16535K, committed 16628K, reserved 1048576K
Event: 2162.642 GC heap after
Heap after GC invocations=115 (full 19):
 par new generation   total 131904K, used 14444K [0x0000000505c00000, 0x000000050eb10000, 0x000000051a8c0000)
  eden space 117312K,   0% used [0x0000000505c00000, 0x0000000505c00000, 0x000000050ce90000)
  from space 14592K,  98% used [0x000000050ce90000, 0x000000050dcab3f0, 0x000000050dcd0000)
  to   space 14592K,   0% used [0x000000050dcd0000, 0x000000050dcd0000, 0x000000050eb10000)
 concurrent mark-sweep generation total 739492K, used 522758K [0x000000051a8c0000, 0x0000000547ae9000, 0x00000007c0000000)
 Metaspace       used 119672K, capacity 121590K, committed 121832K, reserved 1155072K
  class space    used 16155K, capacity 16535K, committed 16628K, reserved 1048576K
}
Event: 2171.435 GC heap before
{Heap before GC invocations=115 (full 20):
 par new generation   total 131904K, used 130960K [0x0000000505c00000, 0x000000050eb10000, 0x000000051a8c0000)
  eden space 117312K,  99% used [0x0000000505c00000, 0x000000050cdc8f80, 0x000000050ce90000)
  from space 14592K,  98% used [0x000000050ce90000, 0x000000050dcab3f0, 0x000000050dcd0000)
  to   space 14592K,   0% used [0x000000050dcd0000, 0x000000050dcd0000, 0x000000050eb10000)
 concurrent mark-sweep generation total 870716K, used 522429K [0x000000051a8c0000, 0x000000054fb0f000, 0x00000007c0000000)
 Metaspace       used 119673K, capacity 121590K, committed 121832K, reserved 1155072K
  class space    used 16155K, capacity 16535K, committed 16628K, reserved 1048576K
Event: 2171.449 GC heap after
Heap after GC invocations=116 (full 20):
 par new generation   total 131904K, used 14441K [0x0000000505c00000, 0x000000050eb10000, 0x000000051a8c0000)
  eden space 117312K,   0% used [0x0000000505c00000, 0x0000000505c00000, 0x000000050ce90000)
  from space 14592K,  98% used [0x000000050dcd0000, 0x000000050eaea720, 0x000000050eb10000)
  to   space 14592K,   0% used [0x000000050ce90000, 0x000000050ce90000, 0x000000050dcd0000)
 concurrent mark-sweep generation total 870716K, used 548764K [0x000000051a8c0000, 0x000000054fb0f000, 0x00000007c0000000)
 Metaspace       used 119673K, capacity 121590K, committed 121832K, reserved 1155072K
  class space    used 16155K, capacity 16535K, committed 16628K, reserved 1048576K
}
Event: 2179.802 GC heap before
{Heap before GC invocations=116 (full 20):
 par new generation   total 131904K, used 131753K [0x0000000505c00000, 0x000000050eb10000, 0x000000051a8c0000)
  eden space 117312K, 100% used [0x0000000505c00000, 0x000000050ce90000, 0x000000050ce90000)
  from space 14592K,  98% used [0x000000050dcd0000, 0x000000050eaea720, 0x000000050eb10000)
  to   space 14592K,   0% used [0x000000050ce90000, 0x000000050ce90000, 0x000000050dcd0000)
 concurrent mark-sweep generation total 870716K, used 548764K [0x000000051a8c0000, 0x000000054fb0f000, 0x00000007c0000000)
 Metaspace       used 119692K, capacity 121654K, committed 121832K, reserved 1155072K
  class space    used 16155K, capacity 16535K, committed 16628K, reserved 1048576K
Event: 2179.816 GC heap after
Heap after GC invocations=117 (full 20):
 par new generation   total 131904K, used 14513K [0x0000000505c00000, 0x000000050eb10000, 0x000000051a8c0000)
  eden space 117312K,   0% used [0x0000000505c00000, 0x0000000505c00000, 0x000000050ce90000)
  from space 14592K,  99% used [0x000000050ce90000, 0x000000050dcbc658, 0x000000050dcd0000)
  to   space 14592K,   0% used [0x000000050dcd0000, 0x000000050dcd0000, 0x000000050eb10000)
 concurrent mark-sweep generation total 870716K, used 572020K [0x000000051a8c0000, 0x000000054fb0f000, 0x00000007c0000000)
 Metaspace       used 119692K, capacity 121654K, committed 121832K, reserved 1155072K
  class space    used 16155K, capacity 16535K, committed 16628K, reserved 1048576K
}
Event: 2186.372 GC heap before
{Heap before GC invocations=117 (full 20):
 par new generation   total 131904K, used 131157K [0x0000000505c00000, 0x000000050eb10000, 0x000000051a8c0000)
  eden space 117312K,  99% used [0x0000000505c00000, 0x000000050cde9198, 0x000000050ce90000)
  from space 14592K,  99% used [0x000000050ce90000, 0x000000050dcbc658, 0x000000050dcd0000)
  to   space 14592K,   0% used [0x000000050dcd0000, 0x000000050dcd0000, 0x000000050eb10000)
 concurrent mark-sweep generation total 870716K, used 572020K [0x000000051a8c0000, 0x000000054fb0f000, 0x00000007c0000000)
 Metaspace       used 119707K, capacity 121654K, committed 121832K, reserved 1155072K
  class space    used 16155K, capacity 16535K, committed 16628K, reserved 1048576K
Event: 2186.384 GC heap after
Heap after GC invocations=118 (full 20):
 par new generation   total 131904K, used 13810K [0x0000000505c00000, 0x000000050eb10000, 0x000000051a8c0000)
  eden space 117312K,   0% used [0x0000000505c00000, 0x0000000505c00000, 0x000000050ce90000)
  from space 14592K,  94% used [0x000000050dcd0000, 0x000000050ea4c940, 0x000000050eb10000)
  to   space 14592K,   0% used [0x000000050ce90000, 0x000000050ce90000, 0x000000050dcd0000)
 concurrent mark-sweep generation total 870716K, used 591357K [0x000000051a8c0000, 0x000000054fb0f000, 0x00000007c0000000)
 Metaspace       used 119707K, capacity 121654K, committed 121832K, reserved 1155072K
  class space    used 16155K, capacity 16535K, committed 16628K, reserved 1048576K
}
Event: 2195.201 GC heap before
{Heap before GC invocations=118 (full 20):
 par new generation   total 131904K, used 130801K [0x0000000505c00000, 0x000000050eb10000, 0x000000051a8c0000)
  eden space 117312K,  99% used [0x0000000505c00000, 0x000000050ce3feb0, 0x000000050ce90000)
  from space 14592K,  94% used [0x000000050dcd0000, 0x000000050ea4c940, 0x000000050eb10000)
  to   space 14592K,   0% used [0x000000050ce90000, 0x000000050ce90000, 0x000000050dcd0000)
 concurrent mark-sweep generation total 870716K, used 591357K [0x000000051a8c0000, 0x000000054fb0f000, 0x00000007c0000000)
 Metaspace       used 119713K, capacity 121654K, committed 121832K, reserved 1155072K
  class space    used 16155K, capacity 16535K, committed 16628K, reserved 1048576K
Event: 2195.215 GC heap after
Heap after GC invocations=119 (full 20):
 par new generation   total 131904K, used 13720K [0x0000000505c00000, 0x000000050eb10000, 0x000000051a8c0000)
  eden space 117312K,   0% used [0x0000000505c00000, 0x0000000505c00000, 0x000000050ce90000)
  from space 14592K,  94% used [0x000000050ce90000, 0x000000050dbf6008, 0x000000050dcd0000)
  to   space 14592K,   0% used [0x000000050dcd0000, 0x000000050dcd0000, 0x000000050eb10000)
 concurrent mark-sweep generation total 870716K, used 617999K [0x000000051a8c0000, 0x000000054fb0f000, 0x00000007c0000000)
 Metaspace       used 119713K, capacity 121654K, committed 121832K, reserved 1155072K
  class space    used 16155K, capacity 16535K, committed 16628K, reserved 1048576K
}
Event: 2204.758 GC heap before
{Heap before GC invocations=119 (full 21):
 par new generation   total 131904K, used 130942K [0x0000000505c00000, 0x000000050eb10000, 0x000000051a8c0000)
  eden space 117312K,  99% used [0x0000000505c00000, 0x000000050ce79a10, 0x000000050ce90000)
  from space 14592K,  94% used [0x000000050ce90000, 0x000000050dbf6008, 0x000000050dcd0000)
  to   space 14592K,   0% used [0x000000050dcd0000, 0x000000050dcd0000, 0x000000050eb10000)
 concurrent mark-sweep generation total 1029292K, used 617573K [0x000000051a8c0000, 0x00000005595eb000, 0x00000007c0000000)
 Metaspace       used 119714K, capacity 121654K, committed 121832K, reserved 1155072K
  class space    used 16155K, capacity 16535K, committed 16628K, reserved 1048576K
Event: 2204.772 GC heap after
Heap after GC invocations=120 (full 21):
 par new generation   total 131904K, used 14390K [0x0000000505c00000, 0x000000050eb10000, 0x000000051a8c0000)
  eden space 117312K,   0% used [0x0000000505c00000, 0x0000000505c00000, 0x000000050ce90000)
  from space 14592K,  98% used [0x000000050dcd0000, 0x000000050eadd9e0, 0x000000050eb10000)
  to   space 14592K,   0% used [0x000000050ce90000, 0x000000050ce90000, 0x000000050dcd0000)
 concurrent mark-sweep generation total 1029292K, used 643028K [0x000000051a8c0000, 0x00000005595eb000, 0x00000007c0000000)
 Metaspace       used 119714K, capacity 121654K, committed 121832K, reserved 1155072K
  class space    used 16155K, capacity 16535K, committed 16628K, reserved 1048576K
}
Event: 2213.981 GC heap before
{Heap before GC invocations=120 (full 21):
 par new generation   total 131904K, used 131385K [0x0000000505c00000, 0x000000050eb10000, 0x000000051a8c0000)
  eden space 117312K,  99% used [0x0000000505c00000, 0x000000050ce40a30, 0x000000050ce90000)
  from space 14592K,  98% used [0x000000050dcd0000, 0x000000050eadd9e0, 0x000000050eb10000)
  to   space 14592K,   0% used [0x000000050ce90000, 0x000000050ce90000, 0x000000050dcd0000)
 concurrent mark-sweep generation total 1029292K, used 643028K [0x000000051a8c0000, 0x00000005595eb000, 0x00000007c0000000)
 Metaspace       used 119715K, capacity 121654K, committed 121832K, reserved 1155072K
  class space    used 16155K, capacity 16535K, committed 16628K, reserved 1048576K
Event: 2214.000 GC heap after
Heap after GC invocations=121 (full 21):
 par new generation   total 131904K, used 14467K [0x0000000505c00000, 0x000000050eb10000, 0x000000051a8c0000)
  eden space 117312K,   0% used [0x0000000505c00000, 0x0000000505c00000, 0x000000050ce90000)
  from space 14592K,  99% used [0x000000050ce90000, 0x000000050dcb0fa8, 0x000000050dcd0000)
  to   space 14592K,   0% used [0x000000050dcd0000, 0x000000050dcd0000, 0x000000050eb10000)
 concurrent mark-sweep generation total 1029292K, used 669219K [0x000000051a8c0000, 0x00000005595eb000, 0x00000007c0000000)
 Metaspace       used 119715K, capacity 121654K, committed 121832K, reserved 1155072K
  class space    used 16155K, capacity 16535K, committed 16628K, reserved 1048576K
}
Event: 2223.601 GC heap before
{Heap before GC invocations=121 (full 21):
 par new generation   total 131904K, used 130946K [0x0000000505c00000, 0x000000050eb10000, 0x000000051a8c0000)
  eden space 117312K,  99% used [0x0000000505c00000, 0x000000050cdbfba8, 0x000000050ce90000)
  from space 14592K,  99% used [0x000000050ce90000, 0x000000050dcb0fa8, 0x000000050dcd0000)
  to   space 14592K,   0% used [0x000000050dcd0000, 0x000000050dcd0000, 0x000000050eb10000)
 concurrent mark-sweep generation total 1029292K, used 669219K [0x000000051a8c0000, 0x00000005595eb000, 0x00000007c0000000)
 Metaspace       used 119715K, capacity 121654K, committed 121832K, reserved 1155072K
  class space    used 16155K, capacity 16535K, committed 16628K, reserved 1048576K
Event: 2223.614 GC heap after
Heap after GC invocations=122 (full 21):
 par new generation   total 131904K, used 14455K [0x0000000505c00000, 0x000000050eb10000, 0x000000051a8c0000)
  eden space 117312K,   0% used [0x0000000505c00000, 0x0000000505c00000, 0x000000050ce90000)
  from space 14592K,  99% used [0x000000050dcd0000, 0x000000050eaedd38, 0x000000050eb10000)
  to   space 14592K,   0% used [0x000000050ce90000, 0x000000050ce90000, 0x000000050dcd0000)
 concurrent mark-sweep generation total 1029292K, used 695540K [0x000000051a8c0000, 0x00000005595eb000, 0x00000007c0000000)
 Metaspace       used 119715K, capacity 121654K, committed 121832K, reserved 1155072K
  class space    used 16155K, capacity 16535K, committed 16628K, reserved 1048576K
}
Event: 2232.362 GC heap before
{Heap before GC invocations=122 (full 21):
 par new generation   total 131904K, used 131767K [0x0000000505c00000, 0x000000050eb10000, 0x000000051a8c0000)
  eden space 117312K, 100% used [0x0000000505c00000, 0x000000050ce90000, 0x000000050ce90000)
  from space 14592K,  99% used [0x000000050dcd0000, 0x000000050eaedd38, 0x000000050eb10000)
  to   space 14592K,   0% used [0x000000050ce90000, 0x000000050ce90000, 0x000000050dcd0000)
 concurrent mark-sweep generation total 1029292K, used 695540K [0x000000051a8c0000, 0x00000005595eb000, 0x00000007c0000000)
 Metaspace       used 119717K, capacity 121654K, committed 121832K, reserved 1155072K
  class space    used 16155K, capacity 16535K, committed 16628K, reserved 1048576K
Event: 2232.376 GC heap after
Heap after GC invocations=123 (full 21):
 par new generation   total 131904K, used 14535K [0x0000000505c00000, 0x000000050eb10000, 0x000000051a8c0000)
  eden space 117312K,   0% used [0x0000000505c00000, 0x0000000505c00000, 0x000000050ce90000)
  from space 14592K,  99% used [0x000000050ce90000, 0x000000050dcc1dd0, 0x000000050dcd0000)
  to   space 14592K,   0% used [0x000000050dcd0000, 0x000000050dcd0000, 0x000000050eb10000)
 concurrent mark-sweep generation total 1029292K, used 721811K [0x000000051a8c0000, 0x00000005595eb000, 0x00000007c0000000)
 Metaspace       used 119717K, capacity 121654K, committed 121832K, reserved 1155072K
  class space    used 16155K, capacity 16535K, committed 16628K, reserved 1048576K
}
Event: 2241.640 GC heap before
{Heap before GC invocations=123 (full 22):
 par new generation   total 131904K, used 131844K [0x0000000505c00000, 0x000000050eb10000, 0x000000051a8c0000)
  eden space 117312K,  99% used [0x0000000505c00000, 0x000000050ce8f250, 0x000000050ce90000)
  from space 14592K,  99% used [0x000000050ce90000, 0x000000050dcc1dd0, 0x000000050dcd0000)
  to   space 14592K,   0% used [0x000000050dcd0000, 0x000000050dcd0000, 0x000000050eb10000)
 concurrent mark-sweep generation total 1202284K, used 721369K [0x000000051a8c0000, 0x0000000563edb000, 0x00000007c0000000)
 Metaspace       used 119718K, capacity 121654K, committed 121832K, reserved 1155072K
  class space    used 16155K, capacity 16535K, committed 16628K, reserved 1048576K
Event: 2241.660 GC heap after
Heap after GC invocations=124 (full 22):
 par new generation   total 131904K, used 14408K [0x0000000505c00000, 0x000000050eb10000, 0x000000051a8c0000)
  eden space 117312K,   0% used [0x0000000505c00000, 0x0000000505c00000, 0x000000050ce90000)
  from space 14592K,  98% used [0x000000050dcd0000, 0x000000050eae23d0, 0x000000050eb10000)
  to   space 14592K,   0% used [0x000000050ce90000, 0x000000050ce90000, 0x000000050dcd0000)
 concurrent mark-sweep generation total 1202284K, used 747757K [0x000000051a8c0000, 0x0000000563edb000, 0x00000007c0000000)
 Metaspace       used 119718K, capacity 121654K, committed 121832K, reserved 1155072K
  class space    used 16155K, capacity 16535K, committed 16628K, reserved 1048576K
}
Event: 2250.617 GC heap before
{Heap before GC invocations=124 (full 22):
 par new generation   total 131904K, used 130862K [0x0000000505c00000, 0x000000050eb10000, 0x000000051a8c0000)
  eden space 117312K,  99% used [0x0000000505c00000, 0x000000050cdb95a8, 0x000000050ce90000)
  from space 14592K,  98% used [0x000000050dcd0000, 0x000000050eae23d0, 0x000000050eb10000)
  to   space 14592K,   0% used [0x000000050ce90000, 0x000000050ce90000, 0x000000050dcd0000)
 concurrent mark-sweep generation total 1202284K, used 747757K [0x000000051a8c0000, 0x0000000563edb000, 0x00000007c0000000)
 Metaspace       used 119721K, capacity 121654K, committed 121832K, reserved 1155072K
  class space    used 16155K, capacity 16535K, committed 16628K, reserved 1048576K
Event: 2250.632 GC heap after
Heap after GC invocations=125 (full 22):
 par new generation   total 131904K, used 14328K [0x0000000505c00000, 0x000000050eb10000, 0x000000051a8c0000)
  eden space 117312K,   0% used [0x0000000505c00000, 0x0000000505c00000, 0x000000050ce90000)
  from space 14592K,  98% used [0x000000050ce90000, 0x000000050dc8e050, 0x000000050dcd0000)
  to   space 14592K,   0% used [0x000000050dcd0000, 0x000000050dcd0000, 0x000000050eb10000)
 concurrent mark-sweep generation total 1202284K, used 774138K [0x000000051a8c0000, 0x0000000563edb000, 0x00000007c0000000)
 Metaspace       used 119721K, capacity 121654K, committed 121832K, reserved 1155072K
  class space    used 16155K, capacity 16535K, committed 16628K, reserved 1048576K
}
Event: 2260.094 GC heap before
{Heap before GC invocations=125 (full 22):
 par new generation   total 131904K, used 131436K [0x0000000505c00000, 0x000000050eb10000, 0x000000051a8c0000)
  eden space 117312K,  99% used [0x0000000505c00000, 0x000000050ce5d040, 0x000000050ce90000)
  from space 14592K,  98% used [0x000000050ce90000, 0x000000050dc8e050, 0x000000050dcd0000)
  to   space 14592K,   0% used [0x000000050dcd0000, 0x000000050dcd0000, 0x000000050eb10000)
 concurrent mark-sweep generation total 1202284K, used 774138K [0x000000051a8c0000, 0x0000000563edb000, 0x00000007c0000000)
 Metaspace       used 119731K, capacity 121654K, committed 121832K, reserved 1155072K
  class space    used 16155K, capacity 16535K, committed 16628K, reserved 1048576K
Event: 2260.108 GC heap after
Heap after GC invocations=126 (full 22):
 par new generation   total 131904K, used 14467K [0x0000000505c00000, 0x000000050eb10000, 0x000000051a8c0000)
  eden space 117312K,   0% used [0x0000000505c00000, 0x0000000505c00000, 0x000000050ce90000)
  from space 14592K,  99% used [0x000000050dcd0000, 0x000000050eaf0e68, 0x000000050eb10000)
  to   space 14592K,   0% used [0x000000050ce90000, 0x000000050ce90000, 0x000000050dcd0000)
 concurrent mark-sweep generation total 1202284K, used 800281K [0x000000051a8c0000, 0x0000000563edb000, 0x00000007c0000000)
 Metaspace       used 119731K, capacity 121654K, committed 121832K, reserved 1155072K
  class space    used 16155K, capacity 16535K, committed 16628K, reserved 1048576K
}
Event: 2268.570 GC heap before
{Heap before GC invocations=126 (full 22):
 par new generation   total 131904K, used 131001K [0x0000000505c00000, 0x000000050eb10000, 0x000000051a8c0000)
  eden space 117312K,  99% used [0x0000000505c00000, 0x000000050cdcd7c0, 0x000000050ce90000)
  from space 14592K,  99% used [0x000000050dcd0000, 0x000000050eaf0e68, 0x000000050eb10000)
  to   space 14592K,   0% used [0x000000050ce90000, 0x000000050ce90000, 0x000000050dcd0000)
 concurrent mark-sweep generation total 1202284K, used 800281K [0x000000051a8c0000, 0x0000000563edb000, 0x00000007c0000000)
 Metaspace       used 119763K, capacity 121654K, committed 121832K, reserved 1155072K
  class space    used 16157K, capacity 16535K, committed 16628K, reserved 1048576K
Event: 2268.585 GC heap after
Heap after GC invocations=127 (full 22):
 par new generation   total 131904K, used 14538K [0x0000000505c00000, 0x000000050eb10000, 0x000000051a8c0000)
  eden space 117312K,   0% used [0x0000000505c00000, 0x0000000505c00000, 0x000000050ce90000)
  from space 14592K,  99% used [0x000000050ce90000, 0x000000050dcc2ab8, 0x000000050dcd0000)
  to   space 14592K,   0% used [0x000000050dcd0000, 0x000000050dcd0000, 0x000000050eb10000)
 concurrent mark-sweep generation total 1202284K, used 826676K [0x000000051a8c0000, 0x0000000563edb000, 0x00000007c0000000)
 Metaspace       used 119763K, capacity 121654K, committed 121832K, reserved 1155072K
  class space    used 16157K, capacity 16535K, committed 16628K, reserved 1048576K
}
Event: 2277.343 GC heap before
{Heap before GC invocations=127 (full 22):
 par new generation   total 131904K, used 131206K [0x0000000505c00000, 0x000000050eb10000, 0x000000051a8c0000)
  eden space 117312K,  99% used [0x0000000505c00000, 0x000000050cdef130, 0x000000050ce90000)
  from space 14592K,  99% used [0x000000050ce90000, 0x000000050dcc2ab8, 0x000000050dcd0000)
  to   space 14592K,   0% used [0x000000050dcd0000, 0x000000050dcd0000, 0x000000050eb10000)
 concurrent mark-sweep generation total 1202284K, used 826676K [0x000000051a8c0000, 0x0000000563edb000, 0x00000007c0000000)
 Metaspace       used 119765K, capacity 121654K, committed 121832K, reserved 1155072K
  class space    used 16157K, capacity 16535K, committed 16628K, reserved 1048576K
Event: 2277.358 GC heap after
Heap after GC invocations=128 (full 22):
 par new generation   total 131904K, used 14572K [0x0000000505c00000, 0x000000050eb10000, 0x000000051a8c0000)
  eden space 117312K,   0% used [0x0000000505c00000, 0x0000000505c00000, 0x000000050ce90000)
  from space 14592K,  99% used [0x000000050dcd0000, 0x000000050eb0b100, 0x000000050eb10000)
  to   space 14592K,   0% used [0x000000050ce90000, 0x000000050ce90000, 0x000000050dcd0000)
 concurrent mark-sweep generation total 1202284K, used 852963K [0x000000051a8c0000, 0x0000000563edb000, 0x00000007c0000000)
 Metaspace       used 119765K, capacity 121654K, committed 121832K, reserved 1155072K
  class space    used 16157K, capacity 16535K, committed 16628K, reserved 1048576K
}
Event: 2286.648 GC heap before
{Heap before GC invocations=128 (full 23):
 par new generation   total 131904K, used 131312K [0x0000000505c00000, 0x000000050eb10000, 0x000000051a8c0000)
  eden space 117312K,  99% used [0x0000000505c00000, 0x000000050ce00f18, 0x000000050ce90000)
  from space 14592K,  99% used [0x000000050dcd0000, 0x000000050eb0b100, 0x000000050eb10000)
  to   space 14592K,   0% used [0x000000050ce90000, 0x000000050ce90000, 0x000000050dcd0000)
 concurrent mark-sweep generation total 1419824K, used 851893K [0x000000051a8c0000, 0x000000057134c000, 0x00000007c0000000)
 Metaspace       used 119767K, capacity 121654K, committed 121832K, reserved 1155072K
  class space    used 16157K, capacity 16535K, committed 16628K, reserved 1048576K
Event: 2286.662 GC heap after
Heap after GC invocations=129 (full 23):
 par new generation   total 131904K, used 14439K [0x0000000505c00000, 0x000000050eb10000, 0x000000051a8c0000)
  eden space 117312K,   0% used [0x0000000505c00000, 0x0000000505c00000, 0x000000050ce90000)
  from space 14592K,  98% used [0x000000050ce90000, 0x000000050dca9dc8, 0x000000050dcd0000)
  to   space 14592K,   0% used [0x000000050dcd0000, 0x000000050dcd0000, 0x000000050eb10000)
 concurrent mark-sweep generation total 1419824K, used 877238K [0x000000051a8c0000, 0x000000057134c000, 0x00000007c0000000)
 Metaspace       used 119767K, capacity 121654K, committed 121832K, reserved 1155072K
  class space    used 16157K, capacity 16535K, committed 16628K, reserved 1048576K
}
Event: 2297.276 GC heap before
{Heap before GC invocations=129 (full 23):
 par new generation   total 131904K, used 131014K [0x0000000505c00000, 0x000000050eb10000, 0x000000051a8c0000)
  eden space 117312K,  99% used [0x0000000505c00000, 0x000000050cdd7bb8, 0x000000050ce90000)
  from space 14592K,  98% used [0x000000050ce90000, 0x000000050dca9dc8, 0x000000050dcd0000)
  to   space 14592K,   0% used [0x000000050dcd0000, 0x000000050dcd0000, 0x000000050eb10000)
 concurrent mark-sweep generation total 1419824K, used 877238K [0x000000051a8c0000, 0x000000057134c000, 0x00000007c0000000)
 Metaspace       used 119767K, capacity 121654K, committed 121832K, reserved 1155072K
  class space    used 16157K, capacity 16535K, committed 16628K, reserved 1048576K
Event: 2297.292 GC heap after
Heap after GC invocations=130 (full 23):
 par new generation   total 131904K, used 14539K [0x0000000505c00000, 0x000000050eb10000, 0x000000051a8c0000)
  eden space 117312K,   0% used [0x0000000505c00000, 0x0000000505c00000, 0x000000050ce90000)
  from space 14592K,  99% used [0x000000050dcd0000, 0x000000050eb02c38, 0x000000050eb10000)
  to   space 14592K,   0% used [0x000000050ce90000, 0x000000050ce90000, 0x000000050dcd0000)
 concurrent mark-sweep generation total 1419824K, used 904508K [0x000000051a8c0000, 0x000000057134c000, 0x00000007c0000000)
 Metaspace       used 119767K, capacity 121654K, committed 121832K, reserved 1155072K
  class space    used 16157K, capacity 16535K, committed 16628K, reserved 1048576K
}
Event: 2301.781 GC heap before
{Heap before GC invocations=130 (full 23):
 par new generation   total 131904K, used 131156K [0x0000000505c00000, 0x000000050eb10000, 0x000000051a8c0000)
  eden space 117312K,  99% used [0x0000000505c00000, 0x000000050cde2728, 0x000000050ce90000)
  from space 14592K,  99% used [0x000000050dcd0000, 0x000000050eb02c38, 0x000000050eb10000)
  to   space 14592K,   0% used [0x000000050ce90000, 0x000000050ce90000, 0x000000050dcd0000)
 concurrent mark-sweep generation total 1419824K, used 904508K [0x000000051a8c0000, 0x000000057134c000, 0x00000007c0000000)
 Metaspace       used 119805K, capacity 121718K, committed 121832K, reserved 1155072K
  class space    used 16157K, capacity 16535K, committed 16628K, reserved 1048576K
Event: 2301.793 GC heap after
Heap after GC invocations=131 (full 23):
 par new generation   total 131904K, used 14002K [0x0000000505c00000, 0x000000050eb10000, 0x000000051a8c0000)
  eden space 117312K,   0% used [0x0000000505c00000, 0x0000000505c00000, 0x000000050ce90000)
  from space 14592K,  95% used [0x000000050ce90000, 0x000000050dc3c868, 0x000000050dcd0000)
  to   space 14592K,   0% used [0x000000050dcd0000, 0x000000050dcd0000, 0x000000050eb10000)
 concurrent mark-sweep generation total 1419824K, used 917770K [0x000000051a8c0000, 0x000000057134c000, 0x00000007c0000000)
 Metaspace       used 119805K, capacity 121718K, committed 121832K, reserved 1155072K
  class space    used 16157K, capacity 16535K, committed 16628K, reserved 1048576K
}
Event: 2311.060 GC heap before
{Heap before GC invocations=131 (full 23):
 par new generation   total 131904K, used 131192K [0x0000000505c00000, 0x000000050eb10000, 0x000000051a8c0000)
  eden space 117312K,  99% used [0x0000000505c00000, 0x000000050ce718d0, 0x000000050ce90000)
  from space 14592K,  95% used [0x000000050ce90000, 0x000000050dc3c868, 0x000000050dcd0000)
  to   space 14592K,   0% used [0x000000050dcd0000, 0x000000050dcd0000, 0x000000050eb10000)
 concurrent mark-sweep generation total 1419824K, used 917770K [0x000000051a8c0000, 0x000000057134c000, 0x00000007c0000000)
 Metaspace       used 119810K, capacity 121718K, committed 121832K, reserved 1155072K
  class space    used 16157K, capacity 16535K, committed 16628K, reserved 1048576K
Event: 2311.075 GC heap after
Heap after GC invocations=132 (full 23):
 par new generation   total 131904K, used 14574K [0x0000000505c00000, 0x000000050eb10000, 0x000000051a8c0000)
  eden space 117312K,   0% used [0x0000000505c00000, 0x0000000505c00000, 0x000000050ce90000)
  from space 14592K,  99% used [0x000000050dcd0000, 0x000000050eb0b818, 0x000000050eb10000)
  to   space 14592K,   0% used [0x000000050ce90000, 0x000000050ce90000, 0x000000050dcd0000)
 concurrent mark-sweep generation total 1419824K, used 944649K [0x000000051a8c0000, 0x000000057134c000, 0x00000007c0000000)
 Metaspace       used 119810K, capacity 121718K, committed 121832K, reserved 1155072K
  class space    used 16157K, capacity 16535K, committed 16628K, reserved 1048576K
}
Event: 2319.753 GC heap before
{Heap before GC invocations=132 (full 23):
 par new generation   total 131904K, used 131592K [0x0000000505c00000, 0x000000050eb10000, 0x000000051a8c0000)
  eden space 117312K,  99% used [0x0000000505c00000, 0x000000050ce46a58, 0x000000050ce90000)
  from space 14592K,  99% used [0x000000050dcd0000, 0x000000050eb0b818, 0x000000050eb10000)
  to   space 14592K,   0% used [0x000000050ce90000, 0x000000050ce90000, 0x000000050dcd0000)
 concurrent mark-sweep generation total 1419824K, used 944649K [0x000000051a8c0000, 0x000000057134c000, 0x00000007c0000000)
 Metaspace       used 119814K, capacity 121718K, committed 121832K, reserved 1155072K
  class space    used 16157K, capacity 16535K, committed 16628K, reserved 1048576K
Event: 2319.769 GC heap after
Heap after GC invocations=133 (full 23):
 par new generation   total 131904K, used 14581K [0x0000000505c00000, 0x000000050eb10000, 0x000000051a8c0000)
  eden space 117312K,   0% used [0x0000000505c00000, 0x0000000505c00000, 0x000000050ce90000)
  from space 14592K,  99% used [0x000000050ce90000, 0x000000050dccd7b8, 0x000000050dcd0000)
  to   space 14592K,   0% used [0x000000050dcd0000, 0x000000050dcd0000, 0x000000050eb10000)
 concurrent mark-sweep generation total 1419824K, used 970873K [0x000000051a8c0000, 0x000000057134c000, 0x00000007c0000000)
 Metaspace       used 119814K, capacity 121718K, committed 121832K, reserved 1155072K
  class space    used 16157K, capacity 16535K, committed 16628K, reserved 1048576K
}
Event: 2329.979 GC heap before
{Heap before GC invocations=133 (full 23):
 par new generation   total 131904K, used 130895K [0x0000000505c00000, 0x000000050eb10000, 0x000000051a8c0000)
  eden space 117312K,  99% used [0x0000000505c00000, 0x000000050cd96750, 0x000000050ce90000)
  from space 14592K,  99% used [0x000000050ce90000, 0x000000050dccd7b8, 0x000000050dcd0000)
  to   space 14592K,   0% used [0x000000050dcd0000, 0x000000050dcd0000, 0x000000050eb10000)
 concurrent mark-sweep generation total 1419824K, used 970873K [0x000000051a8c0000, 0x000000057134c000, 0x00000007c0000000)
 Metaspace       used 119814K, capacity 121718K, committed 121832K, reserved 1155072K
  class space    used 16157K, capacity 16535K, committed 16628K, reserved 1048576K
Event: 2329.994 GC heap after
Heap after GC invocations=134 (full 23):
 par new generation   total 131904K, used 14237K [0x0000000505c00000, 0x000000050eb10000, 0x000000051a8c0000)
  eden space 117312K,   0% used [0x0000000505c00000, 0x0000000505c00000, 0x000000050ce90000)
  from space 14592K,  97% used [0x000000050dcd0000, 0x000000050eab75a8, 0x000000050eb10000)
  to   space 14592K,   0% used [0x000000050ce90000, 0x000000050ce90000, 0x000000050dcd0000)
 concurrent mark-sweep generation total 1419824K, used 997365K [0x000000051a8c0000, 0x000000057134c000, 0x00000007c0000000)
 Metaspace       used 119814K, capacity 121718K, committed 121832K, reserved 1155072K
  class space    used 16157K, capacity 16535K, committed 16628K, reserved 1048576K
}
Event: 2339.059 GC heap before
{Heap before GC invocations=134 (full 24):
 par new generation   total 131904K, used 131042K [0x0000000505c00000, 0x000000050eb10000, 0x000000051a8c0000)
  eden space 117312K,  99% used [0x0000000505c00000, 0x000000050ce11578, 0x000000050ce90000)
  from space 14592K,  97% used [0x000000050dcd0000, 0x000000050eab75a8, 0x000000050eb10000)
  to   space 14592K,   0% used [0x000000050ce90000, 0x000000050ce90000, 0x000000050dcd0000)
 concurrent mark-sweep generation total 1661104K, used 996661K [0x000000051a8c0000, 0x000000057feec000, 0x00000007c0000000)
 Metaspace       used 119815K, capacity 121718K, committed 121832K, reserved 1155072K
  class space    used 16157K, capacity 16535K, committed 16628K, reserved 1048576K
Event: 2339.077 GC heap after
Heap after GC invocations=135 (full 24):
 par new generation   total 131904K, used 14559K [0x0000000505c00000, 0x000000050eb10000, 0x000000051a8c0000)
  eden space 117312K,   0% used [0x0000000505c00000, 0x0000000505c00000, 0x000000050ce90000)
  from space 14592K,  99% used [0x000000050ce90000, 0x000000050dcc7c68, 0x000000050dcd0000)
  to   space 14592K,   0% used [0x000000050dcd0000, 0x000000050dcd0000, 0x000000050eb10000)
 concurrent mark-sweep generation total 1661104K, used 1022775K [0x000000051a8c0000, 0x000000057feec000, 0x00000007c0000000)
 Metaspace       used 119815K, capacity 121718K, committed 121832K, reserved 1155072K
  class space    used 16157K, capacity 16535K, committed 16628K, reserved 1048576K
}
Event: 2348.378 GC heap before
{Heap before GC invocations=135 (full 24):
 par new generation   total 131904K, used 131716K [0x0000000505c00000, 0x000000050eb10000, 0x000000051a8c0000)
  eden space 117312K,  99% used [0x0000000505c00000, 0x000000050ce694b8, 0x000000050ce90000)
  from space 14592K,  99% used [0x000000050ce90000, 0x000000050dcc7c68, 0x000000050dcd0000)
  to   space 14592K,   0% used [0x000000050dcd0000, 0x000000050dcd0000, 0x000000050eb10000)
 concurrent mark-sweep generation total 1661104K, used 1022775K [0x000000051a8c0000, 0x000000057feec000, 0x00000007c0000000)
 Metaspace       used 119816K, capacity 121718K, committed 121832K, reserved 1155072K
  class space    used 16157K, capacity 16535K, committed 16628K, reserved 1048576K
Event: 2348.393 GC heap after
Heap after GC invocations=136 (full 24):
 par new generation   total 131904K, used 14393K [0x0000000505c00000, 0x000000050eb10000, 0x000000051a8c0000)
  eden space 117312K,   0% used [0x0000000505c00000, 0x0000000505c00000, 0x000000050ce90000)
  from space 14592K,  98% used [0x000000050dcd0000, 0x000000050eade498, 0x000000050eb10000)
  to   space 14592K,   0% used [0x000000050ce90000, 0x000000050ce90000, 0x000000050dcd0000)
 concurrent mark-sweep generation total 1661104K, used 1049122K [0x000000051a8c0000, 0x000000057feec000, 0x00000007c0000000)
 Metaspace       used 119816K, capacity 121718K, committed 121832K, reserved 1155072K
  class space    used 16157K, capacity 16535K, committed 16628K, reserved 1048576K
}
Event: 2358.086 GC heap before
{Heap before GC invocations=136 (full 24):
 par new generation   total 131904K, used 131391K [0x0000000505c00000, 0x000000050eb10000, 0x000000051a8c0000)
  eden space 117312K,  99% used [0x0000000505c00000, 0x000000050ce417b0, 0x000000050ce90000)
  from space 14592K,  98% used [0x000000050dcd0000, 0x000000050eade498, 0x000000050eb10000)
  to   space 14592K,   0% used [0x000000050ce90000, 0x000000050ce90000, 0x000000050dcd0000)
 concurrent mark-sweep generation total 1661104K, used 1049122K [0x000000051a8c0000, 0x000000057feec000, 0x00000007c0000000)
 Metaspace       used 119816K, capacity 121718K, committed 121832K, reserved 1155072K
  class space    used 16157K, capacity 16535K, committed 16628K, reserved 1048576K
Event: 2358.101 GC heap after
Heap after GC invocations=137 (full 24):
 par new generation   total 131904K, used 14409K [0x0000000505c00000, 0x000000050eb10000, 0x000000051a8c0000)
  eden space 117312K,   0% used [0x0000000505c00000, 0x0000000505c00000, 0x000000050ce90000)
  from space 14592K,  98% used [0x000000050ce90000, 0x000000050dca27f0, 0x000000050dcd0000)
  to   space 14592K,   0% used [0x000000050dcd0000, 0x000000050dcd0000, 0x000000050eb10000)
 concurrent mark-sweep generation total 1661104K, used 1075399K [0x000000051a8c0000, 0x000000057feec000, 0x00000007c0000000)
 Metaspace       used 119816K, capacity 121718K, committed 121832K, reserved 1155072K
  class space    used 16157K, capacity 16535K, committed 16628K, reserved 1048576K
}
Event: 2367.368 GC heap before
{Heap before GC invocations=137 (full 24):
 par new generation   total 131904K, used 130722K [0x0000000505c00000, 0x000000050eb10000, 0x000000051a8c0000)
  eden space 117312K,  99% used [0x0000000505c00000, 0x000000050cd96378, 0x000000050ce90000)
  from space 14592K,  98% used [0x000000050ce90000, 0x000000050dca27f0, 0x000000050dcd0000)
  to   space 14592K,   0% used [0x000000050dcd0000, 0x000000050dcd0000, 0x000000050eb10000)
 concurrent mark-sweep generation total 1661104K, used 1075399K [0x000000051a8c0000, 0x000000057feec000, 0x00000007c0000000)
 Metaspace       used 119816K, capacity 121718K, committed 121832K, reserved 1155072K
  class space    used 16157K, capacity 16535K, committed 16628K, reserved 1048576K
Event: 2367.384 GC heap after
Heap after GC invocations=138 (full 24):
 par new generation   total 131904K, used 14390K [0x0000000505c00000, 0x000000050eb10000, 0x000000051a8c0000)
  eden space 117312K,   0% used [0x0000000505c00000, 0x0000000505c00000, 0x000000050ce90000)
  from space 14592K,  98% used [0x000000050dcd0000, 0x000000050eadd800, 0x000000050eb10000)
  to   space 14592K,   0% used [0x000000050ce90000, 0x000000050ce90000, 0x000000050dcd0000)
 concurrent mark-sweep generation total 1661104K, used 1101724K [0x000000051a8c0000, 0x000000057feec000, 0x00000007c0000000)
 Metaspace       used 119816K, capacity 121718K, committed 121832K, reserved 1155072K
  class space    used 16157K, capacity 16535K, committed 16628K, reserved 1048576K
}
Event: 2376.057 GC heap before
{Heap before GC invocations=138 (full 24):
 par new generation   total 131904K, used 130926K [0x0000000505c00000, 0x000000050eb10000, 0x000000051a8c0000)
  eden space 117312K,  99% used [0x0000000505c00000, 0x000000050cdce0a0, 0x000000050ce90000)
  from space 14592K,  98% used [0x000000050dcd0000, 0x000000050eadd800, 0x000000050eb10000)
  to   space 14592K,   0% used [0x000000050ce90000, 0x000000050ce90000, 0x000000050dcd0000)
 concurrent mark-sweep generation total 1661104K, used 1101724K [0x000000051a8c0000, 0x000000057feec000, 0x00000007c0000000)
 Metaspace       used 119816K, capacity 121718K, committed 121832K, reserved 1155072K
  class space    used 16157K, capacity 16535K, committed 16628K, reserved 1048576K
Event: 2376.074 GC heap after
Heap after GC invocations=139 (full 24):
 par new generation   total 131904K, used 14387K [0x0000000505c00000, 0x000000050eb10000, 0x000000051a8c0000)
  eden space 117312K,   0% used [0x0000000505c00000, 0x0000000505c00000, 0x000000050ce90000)
  from space 14592K,  98% used [0x000000050ce90000, 0x000000050dc9cf48, 0x000000050dcd0000)
  to   space 14592K,   0% used [0x000000050dcd0000, 0x000000050dcd0000, 0x000000050eb10000)
 concurrent mark-sweep generation total 1661104K, used 1128064K [0x000000051a8c0000, 0x000000057feec000, 0x00000007c0000000)
 Metaspace       used 119816K, capacity 121718K, committed 121832K, reserved 1155072K
  class space    used 16157K, capacity 16535K, committed 16628K, reserved 1048576K
}
Event: 2385.432 GC heap before
{Heap before GC invocations=139 (full 24):
 par new generation   total 131904K, used 131015K [0x0000000505c00000, 0x000000050eb10000, 0x000000051a8c0000)
  eden space 117312K,  99% used [0x0000000505c00000, 0x000000050cde5080, 0x000000050ce90000)
  from space 14592K,  98% used [0x000000050ce90000, 0x000000050dc9cf48, 0x000000050dcd0000)
  to   space 14592K,   0% used [0x000000050dcd0000, 0x000000050dcd0000, 0x000000050eb10000)
 concurrent mark-sweep generation total 1661104K, used 1128064K [0x000000051a8c0000, 0x000000057feec000, 0x00000007c0000000)
 Metaspace       used 119816K, capacity 121718K, committed 121832K, reserved 1155072K
  class space    used 16157K, capacity 16535K, committed 16628K, reserved 1048576K
Event: 2385.448 GC heap after
Heap after GC invocations=140 (full 24):
 par new generation   total 131904K, used 14585K [0x0000000505c00000, 0x000000050eb10000, 0x000000051a8c0000)
  eden space 117312K,   0% used [0x0000000505c00000, 0x0000000505c00000, 0x000000050ce90000)
  from space 14592K,  99% used [0x000000050dcd0000, 0x000000050eb0e510, 0x000000050eb10000)
  to   space 14592K,   0% used [0x000000050ce90000, 0x000000050ce90000, 0x000000050dcd0000)
 concurrent mark-sweep generation total 1661104K, used 1154292K [0x000000051a8c0000, 0x000000057feec000, 0x00000007c0000000)
 Metaspace       used 119816K, capacity 121718K, committed 121832K, reserved 1155072K
  class space    used 16157K, capacity 16535K, committed 16628K, reserved 1048576K
}
Event: 2394.547 GC heap before
{Heap before GC invocations=140 (full 24):
 par new generation   total 131904K, used 131602K [0x0000000505c00000, 0x000000050eb10000, 0x000000051a8c0000)
  eden space 117312K,  99% used [0x0000000505c00000, 0x000000050ce46570, 0x000000050ce90000)
  from space 14592K,  99% used [0x000000050dcd0000, 0x000000050eb0e510, 0x000000050eb10000)
  to   space 14592K,   0% used [0x000000050ce90000, 0x000000050ce90000, 0x000000050dcd0000)
 concurrent mark-sweep generation total 1661104K, used 1154292K [0x000000051a8c0000, 0x000000057feec000, 0x00000007c0000000)
 Metaspace       used 119819K, capacity 121718K, committed 121832K, reserved 1155072K
  class space    used 16157K, capacity 16535K, committed 16628K, reserved 1048576K
Event: 2394.562 GC heap after
Heap after GC invocations=141 (full 24):
 par new generation   total 131904K, used 14462K [0x0000000505c00000, 0x000000050eb10000, 0x000000051a8c0000)
  eden space 117312K,   0% used [0x0000000505c00000, 0x0000000505c00000, 0x000000050ce90000)
  from space 14592K,  99% used [0x000000050ce90000, 0x000000050dcaf8e8, 0x000000050dcd0000)
  to   space 14592K,   0% used [0x000000050dcd0000, 0x000000050dcd0000, 0x000000050eb10000)
 concurrent mark-sweep generation total 1661104K, used 1180628K [0x000000051a8c0000, 0x000000057feec000, 0x00000007c0000000)
 Metaspace       used 119819K, capacity 121718K, committed 121832K, reserved 1155072K
  class space    used 16157K, capacity 16535K, committed 16628K, reserved 1048576K
}
Event: 2403.444 GC heap before
{Heap before GC invocations=141 (full 25):
 par new generation   total 131904K, used 131545K [0x0000000505c00000, 0x000000050eb10000, 0x000000051a8c0000)
  eden space 117312K,  99% used [0x0000000505c00000, 0x000000050ce56eb8, 0x000000050ce90000)
  from space 14592K,  99% used [0x000000050ce90000, 0x000000050dcaf8e8, 0x000000050dcd0000)
  to   space 14592K,   0% used [0x000000050dcd0000, 0x000000050dcd0000, 0x000000050eb10000)
 concurrent mark-sweep generation total 1965616K, used 1179367K [0x000000051a8c0000, 0x000000059284c000, 0x00000007c0000000)
 Metaspace       used 119822K, capacity 121718K, committed 121832K, reserved 1155072K
  class space    used 16157K, capacity 16535K, committed 16628K, reserved 1048576K
Event: 2403.461 GC heap after
Heap after GC invocations=142 (full 25):
 par new generation   total 131904K, used 14221K [0x0000000505c00000, 0x000000050eb10000, 0x000000051a8c0000)
  eden space 117312K,   0% used [0x0000000505c00000, 0x0000000505c00000, 0x000000050ce90000)
  from space 14592K,  97% used [0x000000050dcd0000, 0x000000050eab3788, 0x000000050eb10000)
  to   space 14592K,   0% used [0x000000050ce90000, 0x000000050ce90000, 0x000000050dcd0000)
 concurrent mark-sweep generation total 1965616K, used 1207432K [0x000000051a8c0000, 0x000000059284c000, 0x00000007c0000000)
 Metaspace       used 119822K, capacity 121718K, committed 121832K, reserved 1155072K
  class space    used 16157K, capacity 16535K, committed 16628K, reserved 1048576K
}
Event: 2404.113 GC heap before
{Heap before GC invocations=142 (full 25):
 par new generation   total 131904K, used 131533K [0x0000000505c00000, 0x000000050eb10000, 0x000000051a8c0000)
  eden space 117312K, 100% used [0x0000000505c00000, 0x000000050ce90000, 0x000000050ce90000)
  from space 14592K,  97% used [0x000000050dcd0000, 0x000000050eab3788, 0x000000050eb10000)
  to   space 14592K,   0% used [0x000000050ce90000, 0x000000050ce90000, 0x000000050dcd0000)
 concurrent mark-sweep generation total 1965616K, used 1207432K [0x000000051a8c0000, 0x000000059284c000, 0x00000007c0000000)
 Metaspace       used 119838K, capacity 121718K, committed 121832K, reserved 1155072K
  class space    used 16157K, capacity 16535K, committed 16628K, reserved 1048576K
Event: 2404.465 GC heap after
Heap after GC invocations=143 (full 25):
 par new generation   total 131904K, used 14592K [0x0000000505c00000, 0x000000050eb10000, 0x000000051a8c0000)
  eden space 117312K,   0% used [0x0000000505c00000, 0x0000000505c00000, 0x000000050ce90000)
  from space 14592K, 100% used [0x000000050ce90000, 0x000000050dcd0000, 0x000000050dcd0000)
  to   space 14592K,   0% used [0x000000050dcd0000, 0x000000050dcd0000, 0x000000050eb10000)
 concurrent mark-sweep generation total 1965616K, used 1307166K [0x000000051a8c0000, 0x000000059284c000, 0x00000007c0000000)
 Metaspace       used 119838K, capacity 121718K, committed 121832K, reserved 1155072K
  class space    used 16157K, capacity 16535K, committed 16628K, reserved 1048576K
}
Event: 2404.549 GC heap before
{Heap before GC invocations=143 (full 25):
 par new generation   total 131904K, used 119292K [0x0000000505c00000, 0x000000050eb10000, 0x000000051a8c0000)
  eden space 117312K,  89% used [0x0000000505c00000, 0x000000050c23f098, 0x000000050ce90000)
  from space 14592K, 100% used [0x000000050ce90000, 0x000000050dcd0000, 0x000000050dcd0000)
  to   space 14592K,   0% used [0x000000050dcd0000, 0x000000050dcd0000, 0x000000050eb10000)
 concurrent mark-sweep generation total 1965616K, used 1307166K [0x000000051a8c0000, 0x000000059284c000, 0x00000007c0000000)
 Metaspace       used 119838K, capacity 121718K, committed 121832K, reserved 1155072K
  class space    used 16157K, capacity 16535K, committed 16628K, reserved 1048576K
Event: 2404.698 GC heap after
Heap after GC invocations=144 (full 25):
 par new generation   total 131904K, used 14592K [0x0000000505c00000, 0x000000050eb10000, 0x000000051a8c0000)
  eden space 117312K,   0% used [0x0000000505c00000, 0x0000000505c00000, 0x000000050ce90000)
  from space 14592K, 100% used [0x000000050dcd0000, 0x000000050eb10000, 0x000000050eb10000)
  to   space 14592K,   0% used [0x000000050ce90000, 0x000000050ce90000, 0x000000050dcd0000)
 concurrent mark-sweep generation total 1965616K, used 1408002K [0x000000051a8c0000, 0x000000059284c000, 0x00000007c0000000)
 Metaspace       used 119838K, capacity 121718K, committed 121832K, reserved 1155072K
  class space    used 16157K, capacity 16535K, committed 16628K, reserved 1048576K
}
Event: 2404.814 GC heap before
{Heap before GC invocations=144 (full 26):
 par new generation   total 131904K, used 131904K [0x0000000505c00000, 0x000000050eb10000, 0x000000051a8c0000)
  eden space 117312K, 100% used [0x0000000505c00000, 0x000000050ce90000, 0x000000050ce90000)
  from space 14592K, 100% used [0x000000050dcd0000, 0x000000050eb10000, 0x000000050eb10000)
  to   space 14592K,   0% used [0x000000050ce90000, 0x000000050ce90000, 0x000000050dcd0000)
 concurrent mark-sweep generation total 1965616K, used 1408002K [0x000000051a8c0000, 0x000000059284c000, 0x00000007c0000000)
 Metaspace       used 119841K, capacity 121718K, committed 121832K, reserved 1155072K
  class space    used 16157K, capacity 16535K, committed 16628K, reserved 1048576K
Event: 2405.001 GC heap after
Heap after GC invocations=145 (full 26):
 par new generation   total 131904K, used 14592K [0x0000000505c00000, 0x000000050eb10000, 0x000000051a8c0000)
  eden space 117312K,   0% used [0x0000000505c00000, 0x0000000505c00000, 0x000000050ce90000)
  from space 14592K, 100% used [0x000000050ce90000, 0x000000050dcd0000, 0x000000050dcd0000)
  to   space 14592K,   0% used [0x000000050dcd0000, 0x000000050dcd0000, 0x000000050eb10000)
 concurrent mark-sweep generation total 1965616K, used 1516827K [0x000000051a8c0000, 0x000000059284c000, 0x00000007c0000000)
 Metaspace       used 119841K, capacity 121718K, committed 121832K, reserved 1155072K
  class space    used 16157K, capacity 16535K, committed 16628K, reserved 1048576K
}
Event: 2405.079 GC heap before
{Heap before GC invocations=145 (full 26):
 par new generation   total 131904K, used 131904K [0x0000000505c00000, 0x000000050eb10000, 0x000000051a8c0000)
  eden space 117312K, 100% used [0x0000000505c00000, 0x000000050ce90000, 0x000000050ce90000)
  from space 14592K, 100% used [0x000000050ce90000, 0x000000050dcd0000, 0x000000050dcd0000)
  to   space 14592K,   0% used [0x000000050dcd0000, 0x000000050dcd0000, 0x000000050eb10000)
 concurrent mark-sweep generation total 1965616K, used 1516827K [0x000000051a8c0000, 0x000000059284c000, 0x00000007c0000000)
 Metaspace       used 119841K, capacity 121718K, committed 121832K, reserved 1155072K
  class space    used 16157K, capacity 16535K, committed 16628K, reserved 1048576K
Event: 2405.272 GC heap after
Heap after GC invocations=146 (full 26):
 par new generation   total 131904K, used 14592K [0x0000000505c00000, 0x000000050eb10000, 0x000000051a8c0000)
  eden space 117312K,   0% used [0x0000000505c00000, 0x0000000505c00000, 0x000000050ce90000)
  from space 14592K, 100% used [0x000000050dcd0000, 0x000000050eb10000, 0x000000050eb10000)
  to   space 14592K,   0% used [0x000000050ce90000, 0x000000050ce90000, 0x000000050dcd0000)
 concurrent mark-sweep generation total 1965616K, used 1633945K [0x000000051a8c0000, 0x000000059284c000, 0x00000007c0000000)
 Metaspace       used 119841K, capacity 121718K, committed 121832K, reserved 1155072K
  class space    used 16157K, capacity 16535K, committed 16628K, reserved 1048576K
}
Event: 2405.370 GC heap before
{Heap before GC invocations=146 (full 26):
 par new generation   total 131904K, used 131904K [0x0000000505c00000, 0x000000050eb10000, 0x000000051a8c0000)
  eden space 117312K, 100% used [0x0000000505c00000, 0x000000050ce90000, 0x000000050ce90000)
  from space 14592K, 100% used [0x000000050dcd0000, 0x000000050eb10000, 0x000000050eb10000)
  to   space 14592K,   0% used [0x000000050ce90000, 0x000000050ce90000, 0x000000050dcd0000)
 concurrent mark-sweep generation total 1965616K, used 1633945K [0x000000051a8c0000, 0x000000059284c000, 0x00000007c0000000)
 Metaspace       used 119841K, capacity 121718K, committed 121832K, reserved 1155072K
  class space    used 16157K, capacity 16535K, committed 16628K, reserved 1048576K
Event: 2405.570 GC heap after
Heap after GC invocations=147 (full 26):
 par new generation   total 131904K, used 14592K [0x0000000505c00000, 0x000000050eb10000, 0x000000051a8c0000)
  eden space 117312K,   0% used [0x0000000505c00000, 0x0000000505c00000, 0x000000050ce90000)
  from space 14592K, 100% used [0x000000050ce90000, 0x000000050dcd0000, 0x000000050dcd0000)
  to   space 14592K,   0% used [0x000000050dcd0000, 0x000000050dcd0000, 0x000000050eb10000)
 concurrent mark-sweep generation total 1965616K, used 1753257K [0x000000051a8c0000, 0x000000059284c000, 0x00000007c0000000)
 Metaspace       used 119841K, capacity 121718K, committed 121832K, reserved 1155072K
  class space    used 16157K, capacity 16535K, committed 16628K, reserved 1048576K
}
Event: 2405.668 GC heap before
{Heap before GC invocations=147 (full 26):
 par new generation   total 131904K, used 131904K [0x0000000505c00000, 0x000000050eb10000, 0x000000051a8c0000)
  eden space 117312K, 100% used [0x0000000505c00000, 0x000000050ce90000, 0x000000050ce90000)
  from space 14592K, 100% used [0x000000050ce90000, 0x000000050dcd0000, 0x000000050dcd0000)
  to   space 14592K,   0% used [0x000000050dcd0000, 0x000000050dcd0000, 0x000000050eb10000)
 concurrent mark-sweep generation total 1965616K, used 1753257K [0x000000051a8c0000, 0x000000059284c000, 0x00000007c0000000)
 Metaspace       used 119841K, capacity 121718K, committed 121832K, reserved 1155072K
  class space    used 16157K, capacity 16535K, committed 16628K, reserved 1048576K
Event: 2405.864 GC heap after
Heap after GC invocations=148 (full 26):
 par new generation   total 131904K, used 14592K [0x0000000505c00000, 0x000000050eb10000, 0x000000051a8c0000)
  eden space 117312K,   0% used [0x0000000505c00000, 0x0000000505c00000, 0x000000050ce90000)
  from space 14592K, 100% used [0x000000050dcd0000, 0x000000050eb10000, 0x000000050eb10000)
  to   space 14592K,   0% used [0x000000050ce90000, 0x000000050ce90000, 0x000000050dcd0000)
 concurrent mark-sweep generation total 1965616K, used 1871068K [0x000000051a8c0000, 0x000000059284c000, 0x00000007c0000000)
 Metaspace       used 119841K, capacity 121718K, committed 121832K, reserved 1155072K
  class space    used 16157K, capacity 16535K, committed 16628K, reserved 1048576K
}
Event: 2405.960 GC heap before
{Heap before GC invocations=148 (full 26):
 par new generation   total 131904K, used 131904K [0x0000000505c00000, 0x000000050eb10000, 0x000000051a8c0000)
  eden space 117312K, 100% used [0x0000000505c00000, 0x000000050ce90000, 0x000000050ce90000)
  from space 14592K, 100% used [0x000000050dcd0000, 0x000000050eb10000, 0x000000050eb10000)
  to   space 14592K,   0% used [0x000000050ce90000, 0x000000050ce90000, 0x000000050dcd0000)
 concurrent mark-sweep generation total 1965616K, used 1871068K [0x000000051a8c0000, 0x000000059284c000, 0x00000007c0000000)
 Metaspace       used 119841K, capacity 121718K, committed 121832K, reserved 1155072K
  class space    used 16157K, capacity 16535K, committed 16628K, reserved 1048576K
Event: 2406.160 GC heap after
Heap after GC invocations=149 (full 26):
 par new generation   total 131904K, used 14592K [0x0000000505c00000, 0x000000050eb10000, 0x000000051a8c0000)
  eden space 117312K,   0% used [0x0000000505c00000, 0x0000000505c00000, 0x000000050ce90000)
  from space 14592K, 100% used [0x000000050ce90000, 0x000000050dcd0000, 0x000000050dcd0000)
  to   space 14592K,   0% used [0x000000050dcd0000, 0x000000050dcd0000, 0x000000050eb10000)
 concurrent mark-sweep generation total 1989616K, used 1988497K [0x000000051a8c0000, 0x0000000593fbc000, 0x00000007c0000000)
 Metaspace       used 119841K, capacity 121718K, committed 121832K, reserved 1155072K
  class space    used 16157K, capacity 16535K, committed 16628K, reserved 1048576K
}
Event: 2406.214 GC heap before
{Heap before GC invocations=149 (full 26):
 par new generation   total 131904K, used 131904K [0x0000000505c00000, 0x000000050eb10000, 0x000000051a8c0000)
  eden space 117312K, 100% used [0x0000000505c00000, 0x000000050ce90000, 0x000000050ce90000)
  from space 14592K, 100% used [0x000000050ce90000, 0x000000050dcd0000, 0x000000050dcd0000)
  to   space 14592K,   0% used [0x000000050dcd0000, 0x000000050dcd0000, 0x000000050eb10000)
 concurrent mark-sweep generation total 1989616K, used 1988497K [0x000000051a8c0000, 0x0000000593fbc000, 0x00000007c0000000)
 Metaspace       used 119841K, capacity 121718K, committed 121832K, reserved 1155072K
  class space    used 16157K, capacity 16535K, committed 16628K, reserved 1048576K
Event: 2406.465 GC heap after
Heap after GC invocations=150 (full 26):
 par new generation   total 131904K, used 14592K [0x0000000505c00000, 0x000000050eb10000, 0x000000051a8c0000)
  eden space 117312K,   0% used [0x0000000505c00000, 0x0000000505c00000, 0x000000050ce90000)
  from space 14592K, 100% used [0x000000050dcd0000, 0x000000050eb10000, 0x000000050eb10000)
  to   space 14592K,   0% used [0x000000050ce90000, 0x000000050ce90000, 0x000000050dcd0000)
 concurrent mark-sweep generation total 2105844K, used 2104879K [0x000000051a8c0000, 0x000000059b13d000, 0x00000007c0000000)
 Metaspace       used 119841K, capacity 121718K, committed 121832K, reserved 1155072K
  class space    used 16157K, capacity 16535K, committed 16628K, reserved 1048576K
}
Event: 2406.560 GC heap before
{Heap before GC invocations=150 (full 26):
 par new generation   total 131904K, used 131904K [0x0000000505c00000, 0x000000050eb10000, 0x000000051a8c0000)
  eden space 117312K, 100% used [0x0000000505c00000, 0x000000050ce90000, 0x000000050ce90000)
  from space 14592K, 100% used [0x000000050dcd0000, 0x000000050eb10000, 0x000000050eb10000)
  to   space 14592K,   0% used [0x000000050ce90000, 0x000000050ce90000, 0x000000050dcd0000)
 concurrent mark-sweep generation total 2105844K, used 2104879K [0x000000051a8c0000, 0x000000059b13d000, 0x00000007c0000000)
 Metaspace       used 119841K, capacity 121718K, committed 121832K, reserved 1155072K
  class space    used 16157K, capacity 16535K, committed 16628K, reserved 1048576K
Event: 2406.780 GC heap after
Heap after GC invocations=151 (full 26):
 par new generation   total 131904K, used 14592K [0x0000000505c00000, 0x000000050eb10000, 0x000000051a8c0000)
  eden space 117312K,   0% used [0x0000000505c00000, 0x0000000505c00000, 0x000000050ce90000)
  from space 14592K, 100% used [0x000000050ce90000, 0x000000050dcd0000, 0x000000050dcd0000)
  to   space 14592K,   0% used [0x000000050dcd0000, 0x000000050dcd0000, 0x000000050eb10000)
 concurrent mark-sweep generation total 2223540K, used 2222489K [0x000000051a8c0000, 0x00000005a242d000, 0x00000007c0000000)
 Metaspace       used 119841K, capacity 121718K, committed 121832K, reserved 1155072K
  class space    used 16157K, capacity 16535K, committed 16628K, reserved 1048576K
}
Event: 2406.883 GC heap before
{Heap before GC invocations=151 (full 26):
 par new generation   total 131904K, used 131904K [0x0000000505c00000, 0x000000050eb10000, 0x000000051a8c0000)
  eden space 117312K, 100% used [0x0000000505c00000, 0x000000050ce90000, 0x000000050ce90000)
  from space 14592K, 100% used [0x000000050ce90000, 0x000000050dcd0000, 0x000000050dcd0000)
  to   space 14592K,   0% used [0x000000050dcd0000, 0x000000050dcd0000, 0x000000050eb10000)
 concurrent mark-sweep generation total 2223540K, used 2222489K [0x000000051a8c0000, 0x00000005a242d000, 0x00000007c0000000)
 Metaspace       used 119841K, capacity 121718K, committed 121832K, reserved 1155072K
  class space    used 16157K, capacity 16535K, committed 16628K, reserved 1048576K
Event: 2407.095 GC heap after
Heap after GC invocations=152 (full 26):
 par new generation   total 131904K, used 14591K [0x0000000505c00000, 0x000000050eb10000, 0x000000051a8c0000)
  eden space 117312K,   0% used [0x0000000505c00000, 0x0000000505c00000, 0x000000050ce90000)
  from space 14592K,  99% used [0x000000050dcd0000, 0x000000050eb0fce0, 0x000000050eb10000)
  to   space 14592K,   0% used [0x000000050ce90000, 0x000000050ce90000, 0x000000050dcd0000)
 concurrent mark-sweep generation total 2340660K, used 2339535K [0x000000051a8c0000, 0x00000005a968d000, 0x00000007c0000000)
 Metaspace       used 119841K, capacity 121718K, committed 121832K, reserved 1155072K
  class space    used 16157K, capacity 16535K, committed 16628K, reserved 1048576K
}
Event: 2407.193 GC heap before
{Heap before GC invocations=152 (full 26):
 par new generation   total 131904K, used 131903K [0x0000000505c00000, 0x000000050eb10000, 0x000000051a8c0000)
  eden space 117312K, 100% used [0x0000000505c00000, 0x000000050ce90000, 0x000000050ce90000)
  from space 14592K,  99% used [0x000000050dcd0000, 0x000000050eb0fce0, 0x000000050eb10000)
  to   space 14592K,   0% used [0x000000050ce90000, 0x000000050ce90000, 0x000000050dcd0000)
 concurrent mark-sweep generation total 2340660K, used 2339535K [0x000000051a8c0000, 0x00000005a968d000, 0x00000007c0000000)
 Metaspace       used 119841K, capacity 121718K, committed 121832K, reserved 1155072K
  class space    used 16157K, capacity 16535K, committed 16628K, reserved 1048576K
Event: 2407.405 GC heap after
Heap after GC invocations=153 (full 26):
 par new generation   total 131904K, used 14591K [0x0000000505c00000, 0x000000050eb10000, 0x000000051a8c0000)
  eden space 117312K,   0% used [0x0000000505c00000, 0x0000000505c00000, 0x000000050ce90000)
  from space 14592K,  99% used [0x000000050ce90000, 0x000000050dccfc60, 0x000000050dcd0000)
  to   space 14592K,   0% used [0x000000050dcd0000, 0x000000050dcd0000, 0x000000050eb10000)
 concurrent mark-sweep generation total 2457972K, used 2456830K [0x000000051a8c0000, 0x00000005b091d000, 0x00000007c0000000)
 Metaspace       used 119841K, capacity 121718K, committed 121832K, reserved 1155072K
  class space    used 16157K, capacity 16535K, committed 16628K, reserved 1048576K
}
Event: 2407.502 GC heap before
{Heap before GC invocations=153 (full 26):
 par new generation   total 131904K, used 131903K [0x0000000505c00000, 0x000000050eb10000, 0x000000051a8c0000)
  eden space 117312K, 100% used [0x0000000505c00000, 0x000000050ce90000, 0x000000050ce90000)
  from space 14592K,  99% used [0x000000050ce90000, 0x000000050dccfc60, 0x000000050dcd0000)
  to   space 14592K,   0% used [0x000000050dcd0000, 0x000000050dcd0000, 0x000000050eb10000)
 concurrent mark-sweep generation total 2457972K, used 2456830K [0x000000051a8c0000, 0x00000005b091d000, 0x00000007c0000000)
 Metaspace       used 119841K, capacity 121718K, committed 121832K, reserved 1155072K
  class space    used 16157K, capacity 16535K, committed 16628K, reserved 1048576K
Event: 2407.730 GC heap after
Heap after GC invocations=154 (full 26):
 par new generation   total 131904K, used 14591K [0x0000000505c00000, 0x000000050eb10000, 0x000000051a8c0000)
  eden space 117312K,   0% used [0x0000000505c00000, 0x0000000505c00000, 0x000000050ce90000)
  from space 14592K,  99% used [0x000000050dcd0000, 0x000000050eb0fc00, 0x000000050eb10000)
  to   space 14592K,   0% used [0x000000050ce90000, 0x000000050ce90000, 0x000000050dcd0000)
 concurrent mark-sweep generation total 2575284K, used 2574135K [0x000000051a8c0000, 0x00000005b7bad000, 0x00000007c0000000)
 Metaspace       used 119841K, capacity 121718K, committed 121832K, reserved 1155072K
  class space    used 16157K, capacity 16535K, committed 16628K, reserved 1048576K
}
Event: 2407.826 GC heap before
{Heap before GC invocations=154 (full 26):
 par new generation   total 131904K, used 131903K [0x0000000505c00000, 0x000000050eb10000, 0x000000051a8c0000)
  eden space 117312K, 100% used [0x0000000505c00000, 0x000000050ce90000, 0x000000050ce90000)
  from space 14592K,  99% used [0x000000050dcd0000, 0x000000050eb0fc00, 0x000000050eb10000)
  to   space 14592K,   0% used [0x000000050ce90000, 0x000000050ce90000, 0x000000050dcd0000)
 concurrent mark-sweep generation total 2575284K, used 2574135K [0x000000051a8c0000, 0x00000005b7bad000, 0x00000007c0000000)
 Metaspace       used 119841K, capacity 121718K, committed 121832K, reserved 1155072K
  class space    used 16157K, capacity 16535K, committed 16628K, reserved 1048576K
Event: 2408.045 GC heap after
Heap after GC invocations=155 (full 26):
 par new generation   total 131904K, used 14590K [0x0000000505c00000, 0x000000050eb10000, 0x000000051a8c0000)
  eden space 117312K,   0% used [0x0000000505c00000, 0x0000000505c00000, 0x000000050ce90000)
  from space 14592K,  99% used [0x000000050ce90000, 0x000000050dccfb80, 0x000000050dcd0000)
  to   space 14592K,   0% used [0x000000050dcd0000, 0x000000050dcd0000, 0x000000050eb10000)
 concurrent mark-sweep generation total 2692788K, used 2691647K [0x000000051a8c0000, 0x00000005bee6d000, 0x00000007c0000000)
 Metaspace       used 119841K, capacity 121718K, committed 121832K, reserved 1155072K
  class space    used 16157K, capacity 16535K, committed 16628K, reserved 1048576K
}
Event: 2408.117 GC heap before
{Heap before GC invocations=155 (full 26):
 par new generation   total 131904K, used 103440K [0x0000000505c00000, 0x000000050eb10000, 0x000000051a8c0000)
  eden space 117312K,  75% used [0x0000000505c00000, 0x000000050b2c4540, 0x000000050ce90000)
  from space 14592K,  99% used [0x000000050ce90000, 0x000000050dccfb80, 0x000000050dcd0000)
  to   space 14592K,   0% used [0x000000050dcd0000, 0x000000050dcd0000, 0x000000050eb10000)
 concurrent mark-sweep generation total 2692788K, used 2691647K [0x000000051a8c0000, 0x00000005bee6d000, 0x00000007c0000000)
 Metaspace       used 119841K, capacity 121718K, committed 121832K, reserved 1155072K
  class space    used 16157K, capacity 16535K, committed 16628K, reserved 1048576K
Event: 2410.931 GC heap after
Heap after GC invocations=156 (full 27):
 par new generation   total 306688K, used 0K [0x0000000505c00000, 0x000000051a8c0000, 0x000000051a8c0000)
  eden space 272640K,   0% used [0x0000000505c00000, 0x0000000505c00000, 0x0000000516640000)
  from space 34048K,   0% used [0x0000000516640000, 0x0000000516640000, 0x0000000518780000)
  to   space 34048K,   0% used [0x0000000518780000, 0x0000000518780000, 0x000000051a8c0000)
 concurrent mark-sweep generation total 4550368K, used 2730218K [0x000000051a8c0000, 0x0000000630478000, 0x00000007c0000000)
 Metaspace       used 119841K, capacity 121718K, committed 121832K, reserved 1155072K
  class space    used 16157K, capacity 16535K, committed 16628K, reserved 1048576K
}
Event: 2411.113 GC heap before
{Heap before GC invocations=156 (full 27):
 par new generation   total 306688K, used 272640K [0x0000000505c00000, 0x000000051a8c0000, 0x000000051a8c0000)
  eden space 272640K, 100% used [0x0000000505c00000, 0x0000000516640000, 0x0000000516640000)
  from space 34048K,   0% used [0x0000000516640000, 0x0000000516640000, 0x0000000518780000)
  to   space 34048K,   0% used [0x0000000518780000, 0x0000000518780000, 0x000000051a8c0000)
 concurrent mark-sweep generation total 4550368K, used 2730218K [0x000000051a8c0000, 0x0000000630478000, 0x00000007c0000000)
 Metaspace       used 119850K, capacity 121782K, committed 122088K, reserved 1155072K
  class space    used 16157K, capacity 16535K, committed 16628K, reserved 1048576K
Event: 2411.531 GC heap after
Heap after GC invocations=157 (full 27):
 par new generation   total 306688K, used 34048K [0x0000000505c00000, 0x000000051a8c0000, 0x000000051a8c0000)
  eden space 272640K,   0% used [0x0000000505c00000, 0x0000000505c00000, 0x0000000516640000)
  from space 34048K, 100% used [0x0000000518780000, 0x000000051a8c0000, 0x000000051a8c0000)
  to   space 34048K,   0% used [0x0000000516640000, 0x0000000516640000, 0x0000000518780000)
 concurrent mark-sweep generation total 4550368K, used 2948806K [0x000000051a8c0000, 0x0000000630478000, 0x00000007c0000000)
 Metaspace       used 119850K, capacity 121782K, committed 122088K, reserved 1155072K
  class space    used 16157K, capacity 16535K, committed 16628K, reserved 1048576K
}
Event: 2411.759 GC heap before
{Heap before GC invocations=157 (full 27):
 par new generation   total 306688K, used 306688K [0x0000000505c00000, 0x000000051a8c0000, 0x000000051a8c0000)
  eden space 272640K, 100% used [0x0000000505c00000, 0x0000000516640000, 0x0000000516640000)
  from space 34048K, 100% used [0x0000000518780000, 0x000000051a8c0000, 0x000000051a8c0000)
  to   space 34048K,   0% used [0x0000000516640000, 0x0000000516640000, 0x0000000518780000)
 concurrent mark-sweep generation total 4550368K, used 2948806K [0x000000051a8c0000, 0x0000000630478000, 0x00000007c0000000)
 Metaspace       used 119850K, capacity 121782K, committed 122088K, reserved 1155072K
  class space    used 16157K, capacity 16535K, committed 16628K, reserved 1048576K
Event: 2412.177 GC heap after
Heap after GC invocations=158 (full 27):
 par new generation   total 306688K, used 34048K [0x0000000505c00000, 0x000000051a8c0000, 0x000000051a8c0000)
  eden space 272640K,   0% used [0x0000000505c00000, 0x0000000505c00000, 0x0000000516640000)
  from space 34048K, 100% used [0x0000000516640000, 0x0000000518780000, 0x0000000518780000)
  to   space 34048K,   0% used [0x0000000518780000, 0x0000000518780000, 0x000000051a8c0000)
 concurrent mark-sweep generation total 4550368K, used 3239327K [0x000000051a8c0000, 0x0000000630478000, 0x00000007c0000000)
 Metaspace       used 119850K, capacity 121782K, committed 122088K, reserved 1155072K
  class space    used 16157K, capacity 16535K, committed 16628K, reserved 1048576K
}
Event: 2412.422 GC heap before
{Heap before GC invocations=158 (full 28):
 par new generation   total 306688K, used 306688K [0x0000000505c00000, 0x000000051a8c0000, 0x000000051a8c0000)
  eden space 272640K, 100% used [0x0000000505c00000, 0x0000000516640000, 0x0000000516640000)
  from space 34048K, 100% used [0x0000000516640000, 0x0000000518780000, 0x0000000518780000)
  to   space 34048K,   0% used [0x0000000518780000, 0x0000000518780000, 0x000000051a8c0000)
 concurrent mark-sweep generation total 4550368K, used 3239327K [0x000000051a8c0000, 0x0000000630478000, 0x00000007c0000000)
 Metaspace       used 119850K, capacity 121782K, committed 122088K, reserved 1155072K
  class space    used 16157K, capacity 16535K, committed 16628K, reserved 1048576K
Event: 2412.872 GC heap after
Heap after GC invocations=159 (full 28):
 par new generation   total 306688K, used 34048K [0x0000000505c00000, 0x000000051a8c0000, 0x000000051a8c0000)
  eden space 272640K,   0% used [0x0000000505c00000, 0x0000000505c00000, 0x0000000516640000)
  from space 34048K, 100% used [0x0000000518780000, 0x000000051a8c0000, 0x000000051a8c0000)
  to   space 34048K,   0% used [0x0000000516640000, 0x0000000516640000, 0x0000000518780000)
 concurrent mark-sweep generation total 4550368K, used 3512259K [0x000000051a8c0000, 0x0000000630478000, 0x00000007c0000000)
 Metaspace       used 119850K, capacity 121782K, committed 122088K, reserved 1155072K
  class space    used 16157K, capacity 16535K, committed 16628K, reserved 1048576K
}
Event: 2413.096 GC heap before
{Heap before GC invocations=159 (full 28):
 par new generation   total 306688K, used 306688K [0x0000000505c00000, 0x000000051a8c0000, 0x000000051a8c0000)
  eden space 272640K, 100% used [0x0000000505c00000, 0x0000000516640000, 0x0000000516640000)
  from space 34048K, 100% used [0x0000000518780000, 0x000000051a8c0000, 0x000000051a8c0000)
  to   space 34048K,   0% used [0x0000000516640000, 0x0000000516640000, 0x0000000518780000)
 concurrent mark-sweep generation total 4550368K, used 3512259K [0x000000051a8c0000, 0x0000000630478000, 0x00000007c0000000)
 Metaspace       used 119850K, capacity 121782K, committed 122088K, reserved 1155072K
  class space    used 16157K, capacity 16535K, committed 16628K, reserved 1048576K
Event: 2413.546 GC heap after
Heap after GC invocations=160 (full 28):
 par new generation   total 306688K, used 34048K [0x0000000505c00000, 0x000000051a8c0000, 0x000000051a8c0000)
  eden space 272640K,   0% used [0x0000000505c00000, 0x0000000505c00000, 0x0000000516640000)
  from space 34048K, 100% used [0x0000000516640000, 0x0000000518780000, 0x0000000518780000)
  to   space 34048K,   0% used [0x0000000518780000, 0x0000000518780000, 0x000000051a8c0000)
 concurrent mark-sweep generation total 4550368K, used 3784609K [0x000000051a8c0000, 0x0000000630478000, 0x00000007c0000000)
 Metaspace       used 119850K, capacity 121782K, committed 122088K, reserved 1155072K
  class space    used 16157K, capacity 16535K, committed 16628K, reserved 1048576K
}
Event: 2413.768 GC heap before
{Heap before GC invocations=160 (full 28):
 par new generation   total 306688K, used 306688K [0x0000000505c00000, 0x000000051a8c0000, 0x000000051a8c0000)
  eden space 272640K, 100% used [0x0000000505c00000, 0x0000000516640000, 0x0000000516640000)
  from space 34048K, 100% used [0x0000000516640000, 0x0000000518780000, 0x0000000518780000)
  to   space 34048K,   0% used [0x0000000518780000, 0x0000000518780000, 0x000000051a8c0000)
 concurrent mark-sweep generation total 4550368K, used 3784609K [0x000000051a8c0000, 0x0000000630478000, 0x00000007c0000000)
 Metaspace       used 119850K, capacity 121782K, committed 122088K, reserved 1155072K
  class space    used 16157K, capacity 16535K, committed 16628K, reserved 1048576K
Event: 2414.218 GC heap after
Heap after GC invocations=161 (full 28):
 par new generation   total 306688K, used 34048K [0x0000000505c00000, 0x000000051a8c0000, 0x000000051a8c0000)
  eden space 272640K,   0% used [0x0000000505c00000, 0x0000000505c00000, 0x0000000516640000)
  from space 34048K, 100% used [0x0000000518780000, 0x000000051a8c0000, 0x000000051a8c0000)
  to   space 34048K,   0% used [0x0000000516640000, 0x0000000516640000, 0x0000000518780000)
 concurrent mark-sweep generation total 4550368K, used 4056941K [0x000000051a8c0000, 0x0000000630478000, 0x00000007c0000000)
 Metaspace       used 119850K, capacity 121782K, committed 122088K, reserved 1155072K
  class space    used 16157K, capacity 16535K, committed 16628K, reserved 1048576K
}
Event: 2414.416 GC heap before
{Heap before GC invocations=161 (full 28):
 par new generation   total 306688K, used 277471K [0x0000000505c00000, 0x000000051a8c0000, 0x000000051a8c0000)
  eden space 272640K,  89% used [0x0000000505c00000, 0x00000005149b7d20, 0x0000000516640000)
  from space 34048K, 100% used [0x0000000518780000, 0x000000051a8c0000, 0x000000051a8c0000)
  to   space 34048K,   0% used [0x0000000516640000, 0x0000000516640000, 0x0000000518780000)
 concurrent mark-sweep generation total 4550368K, used 4056941K [0x000000051a8c0000, 0x0000000630478000, 0x00000007c0000000)
 Metaspace       used 119850K, capacity 121782K, committed 122088K, reserved 1155072K
  class space    used 16157K, capacity 16535K, committed 16628K, reserved 1048576K
Event: 2414.823 GC heap after
Heap after GC invocations=162 (full 28):
 par new generation   total 306688K, used 34048K [0x0000000505c00000, 0x000000051a8c0000, 0x000000051a8c0000)
  eden space 272640K,   0% used [0x0000000505c00000, 0x0000000505c00000, 0x0000000516640000)
  from space 34048K, 100% used [0x0000000516640000, 0x0000000518780000, 0x0000000518780000)
  to   space 34048K,   0% used [0x0000000518780000, 0x0000000518780000, 0x000000051a8c0000)
 concurrent mark-sweep generation total 4550368K, used 4295532K [0x000000051a8c0000, 0x0000000630478000, 0x00000007c0000000)
 Metaspace       used 119850K, capacity 121782K, committed 122088K, reserved 1155072K
  class space    used 16157K, capacity 16535K, committed 16628K, reserved 1048576K
}
Event: 2414.881 GC heap before
{Heap before GC invocations=162 (full 28):
 par new generation   total 306688K, used 306688K [0x0000000505c00000, 0x000000051a8c0000, 0x000000051a8c0000)
  eden space 272640K, 100% used [0x0000000505c00000, 0x0000000516640000, 0x0000000516640000)
  from space 34048K, 100% used [0x0000000516640000, 0x0000000518780000, 0x0000000518780000)
  to   space 34048K,   0% used [0x0000000518780000, 0x0000000518780000, 0x000000051a8c0000)
 concurrent mark-sweep generation total 4550368K, used 4295532K [0x000000051a8c0000, 0x0000000630478000, 0x00000007c0000000)
 Metaspace       used 119850K, capacity 121782K, committed 122088K, reserved 1155072K
  class space    used 16157K, capacity 16535K, committed 16628K, reserved 1048576K
Event: 2415.542 GC heap after
Heap after GC invocations=163 (full 28):
 par new generation   total 306688K, used 34043K [0x0000000505c00000, 0x000000051a8c0000, 0x000000051a8c0000)
  eden space 272640K,   0% used [0x0000000505c00000, 0x0000000505c00000, 0x0000000516640000)
  from space 34048K,  99% used [0x0000000518780000, 0x000000051a8bec40, 0x000000051a8c0000)
  to   space 34048K,   0% used [0x0000000516640000, 0x0000000516640000, 0x0000000518780000)
 concurrent mark-sweep generation total 4812516K, used 4591723K [0x000000051a8c0000, 0x0000000640479000, 0x00000007c0000000)
 Metaspace       used 119850K, capacity 121782K, committed 122088K, reserved 1155072K
  class space    used 16157K, capacity 16535K, committed 16628K, reserved 1048576K
}
Event: 2415.764 GC heap before
{Heap before GC invocations=163 (full 28):
 par new generation   total 306688K, used 306683K [0x0000000505c00000, 0x000000051a8c0000, 0x000000051a8c0000)
  eden space 272640K, 100% used [0x0000000505c00000, 0x0000000516640000, 0x0000000516640000)
  from space 34048K,  99% used [0x0000000518780000, 0x000000051a8bec40, 0x000000051a8c0000)
  to   space 34048K,   0% used [0x0000000516640000, 0x0000000516640000, 0x0000000518780000)
 concurrent mark-sweep generation total 4812516K, used 4591723K [0x000000051a8c0000, 0x0000000640479000, 0x00000007c0000000)
 Metaspace       used 119850K, capacity 121782K, committed 122088K, reserved 1155072K
  class space    used 16157K, capacity 16535K, committed 16628K, reserved 1048576K
Event: 2416.183 GC heap after
Heap after GC invocations=164 (full 28):
 par new generation   total 306688K, used 34048K [0x0000000505c00000, 0x000000051a8c0000, 0x000000051a8c0000)
  eden space 272640K,   0% used [0x0000000505c00000, 0x0000000505c00000, 0x0000000516640000)
  from space 34048K, 100% used [0x0000000516640000, 0x0000000518780000, 0x0000000518780000)
  to   space 34048K,   0% used [0x0000000518780000, 0x0000000518780000, 0x000000051a8c0000)
 concurrent mark-sweep generation total 4840932K, used 4840399K [0x000000051a8c0000, 0x0000000642039000, 0x00000007c0000000)
 Metaspace       used 119850K, capacity 121782K, committed 122088K, reserved 1155072K
  class space    used 16157K, capacity 16535K, committed 16628K, reserved 1048576K
}
Event: 2416.405 GC heap before
{Heap before GC invocations=164 (full 28):
 par new generation   total 306688K, used 306688K [0x0000000505c00000, 0x000000051a8c0000, 0x000000051a8c0000)
  eden space 272640K, 100% used [0x0000000505c00000, 0x0000000516640000, 0x0000000516640000)
  from space 34048K, 100% used [0x0000000516640000, 0x0000000518780000, 0x0000000518780000)
  to   space 34048K,   0% used [0x0000000518780000, 0x0000000518780000, 0x000000051a8c0000)
 concurrent mark-sweep generation total 4840932K, used 4840399K [0x000000051a8c0000, 0x0000000642039000, 0x00000007c0000000)
 Metaspace       used 119850K, capacity 121782K, committed 122088K, reserved 1155072K
  class space    used 16157K, capacity 16535K, committed 16628K, reserved 1048576K
Event: 2416.895 GC heap after
Heap after GC invocations=165 (full 28):
 par new generation   total 306688K, used 34048K [0x0000000505c00000, 0x000000051a8c0000, 0x000000051a8c0000)
  eden space 272640K,   0% used [0x0000000505c00000, 0x0000000505c00000, 0x0000000516640000)
  from space 34048K, 100% used [0x0000000518780000, 0x000000051a8c0000, 0x000000051a8c0000)
  to   space 34048K,   0% used [0x0000000516640000, 0x0000000516640000, 0x0000000518780000)
 concurrent mark-sweep generation total 5113572K, used 5113060K [0x000000051a8c0000, 0x0000000652a79000, 0x00000007c0000000)
 Metaspace       used 119850K, capacity 121782K, committed 122088K, reserved 1155072K
  class space    used 16157K, capacity 16535K, committed 16628K, reserved 1048576K
}
Event: 2417.177 GC heap before
{Heap before GC invocations=165 (full 28):
 par new generation   total 306688K, used 306688K [0x0000000505c00000, 0x000000051a8c0000, 0x000000051a8c0000)
  eden space 272640K, 100% used [0x0000000505c00000, 0x0000000516640000, 0x0000000516640000)
  from space 34048K, 100% used [0x0000000518780000, 0x000000051a8c0000, 0x000000051a8c0000)
  to   space 34048K,   0% used [0x0000000516640000, 0x0000000516640000, 0x0000000518780000)
 concurrent mark-sweep generation total 5113572K, used 5113060K [0x000000051a8c0000, 0x0000000652a79000, 0x00000007c0000000)
 Metaspace       used 119850K, capacity 121782K, committed 122088K, reserved 1155072K
  class space    used 16157K, capacity 16535K, committed 16628K, reserved 1048576K
Event: 2417.662 GC heap after
Heap after GC invocations=166 (full 28):
 par new generation   total 306688K, used 34048K [0x0000000505c00000, 0x000000051a8c0000, 0x000000051a8c0000)
  eden space 272640K,   0% used [0x0000000505c00000, 0x0000000505c00000, 0x0000000516640000)
  from space 34048K, 100% used [0x0000000516640000, 0x0000000518780000, 0x0000000518780000)
  to   space 34048K,   0% used [0x0000000518780000, 0x0000000518780000, 0x000000051a8c0000)
 concurrent mark-sweep generation total 5385636K, used 5385288K [0x000000051a8c0000, 0x0000000663429000, 0x00000007c0000000)
 Metaspace       used 119850K, capacity 121782K, committed 122088K, reserved 1155072K
  class space    used 16157K, capacity 16535K, committed 16628K, reserved 1048576K
}
Event: 2417.891 GC heap before
{Heap before GC invocations=166 (full 28):
 par new generation   total 306688K, used 306688K [0x0000000505c00000, 0x000000051a8c0000, 0x000000051a8c0000)
  eden space 272640K, 100% used [0x0000000505c00000, 0x0000000516640000, 0x0000000516640000)
  from space 34048K, 100% used [0x0000000516640000, 0x0000000518780000, 0x0000000518780000)
  to   space 34048K,   0% used [0x0000000518780000, 0x0000000518780000, 0x000000051a8c0000)
 concurrent mark-sweep generation total 5385636K, used 5385288K [0x000000051a8c0000, 0x0000000663429000, 0x00000007c0000000)
 Metaspace       used 119850K, capacity 121782K, committed 122088K, reserved 1155072K
  class space    used 16157K, capacity 16535K, committed 16628K, reserved 1048576K
Event: 2418.382 GC heap after
Heap after GC invocations=167 (full 28):
 par new generation   total 306688K, used 34048K [0x0000000505c00000, 0x000000051a8c0000, 0x000000051a8c0000)
  eden space 272640K,   0% used [0x0000000505c00000, 0x0000000505c00000, 0x0000000516640000)
  from space 34048K, 100% used [0x0000000518780000, 0x000000051a8c0000, 0x000000051a8c0000)
  to   space 34048K,   0% used [0x0000000516640000, 0x0000000516640000, 0x0000000518780000)
 concurrent mark-sweep generation total 5658084K, used 5657505K [0x000000051a8c0000, 0x0000000673e39000, 0x00000007c0000000)
 Metaspace       used 119850K, capacity 121782K, committed 122088K, reserved 1155072K
  class space    used 16157K, capacity 16535K, committed 16628K, reserved 1048576K
}
Event: 2418.604 GC heap before
{Heap before GC invocations=167 (full 28):
 par new generation   total 306688K, used 306688K [0x0000000505c00000, 0x000000051a8c0000, 0x000000051a8c0000)
  eden space 272640K, 100% used [0x0000000505c00000, 0x0000000516640000, 0x0000000516640000)
  from space 34048K, 100% used [0x0000000518780000, 0x000000051a8c0000, 0x000000051a8c0000)
  to   space 34048K,   0% used [0x0000000516640000, 0x0000000516640000, 0x0000000518780000)
 concurrent mark-sweep generation total 5658084K, used 5657505K [0x000000051a8c0000, 0x0000000673e39000, 0x00000007c0000000)
 Metaspace       used 119850K, capacity 121782K, committed 122088K, reserved 1155072K
  class space    used 16157K, capacity 16535K, committed 16628K, reserved 1048576K
Event: 2419.094 GC heap after
Heap after GC invocations=168 (full 28):
 par new generation   total 306688K, used 34048K [0x0000000505c00000, 0x000000051a8c0000, 0x000000051a8c0000)
  eden space 272640K,   0% used [0x0000000505c00000, 0x0000000505c00000, 0x0000000516640000)
  from space 34048K, 100% used [0x0000000516640000, 0x0000000518780000, 0x0000000518780000)
  to   space 34048K,   0% used [0x0000000518780000, 0x0000000518780000, 0x000000051a8c0000)
 concurrent mark-sweep generation total 5930532K, used 5930092K [0x000000051a8c0000, 0x0000000684849000, 0x00000007c0000000)
 Metaspace       used 119850K, capacity 121782K, committed 122088K, reserved 1155072K
  class space    used 16157K, capacity 16535K, committed 16628K, reserved 1048576K
}
Event: 2419.318 GC heap before
{Heap before GC invocations=168 (full 28):
 par new generation   total 306688K, used 306688K [0x0000000505c00000, 0x000000051a8c0000, 0x000000051a8c0000)
  eden space 272640K, 100% used [0x0000000505c00000, 0x0000000516640000, 0x0000000516640000)
  from space 34048K, 100% used [0x0000000516640000, 0x0000000518780000, 0x0000000518780000)
  to   space 34048K,   0% used [0x0000000518780000, 0x0000000518780000, 0x000000051a8c0000)
 concurrent mark-sweep generation total 5930532K, used 5930092K [0x000000051a8c0000, 0x0000000684849000, 0x00000007c0000000)
 Metaspace       used 119850K, capacity 121782K, committed 122088K, reserved 1155072K
  class space    used 16157K, capacity 16535K, committed 16628K, reserved 1048576K
Event: 2419.800 GC heap after
Heap after GC invocations=169 (full 28):
 par new generation   total 306688K, used 34048K [0x0000000505c00000, 0x000000051a8c0000, 0x000000051a8c0000)
  eden space 272640K,   0% used [0x0000000505c00000, 0x0000000505c00000, 0x0000000516640000)
  from space 34048K, 100% used [0x0000000518780000, 0x000000051a8c0000, 0x000000051a8c0000)
  to   space 34048K,   0% used [0x0000000516640000, 0x0000000516640000, 0x0000000518780000)
 concurrent mark-sweep generation total 6203172K, used 6202641K [0x000000051a8c0000, 0x0000000695289000, 0x00000007c0000000)
 Metaspace       used 119850K, capacity 121782K, committed 122088K, reserved 1155072K
  class space    used 16157K, capacity 16535K, committed 16628K, reserved 1048576K
}
Event: 2420.035 GC heap before
{Heap before GC invocations=169 (full 28):
 par new generation   total 306688K, used 306688K [0x0000000505c00000, 0x000000051a8c0000, 0x000000051a8c0000)
  eden space 272640K, 100% used [0x0000000505c00000, 0x0000000516640000, 0x0000000516640000)
  from space 34048K, 100% used [0x0000000518780000, 0x000000051a8c0000, 0x000000051a8c0000)
  to   space 34048K,   0% used [0x0000000516640000, 0x0000000516640000, 0x0000000518780000)
 concurrent mark-sweep generation total 6203172K, used 6202641K [0x000000051a8c0000, 0x0000000695289000, 0x00000007c0000000)
 Metaspace       used 119850K, capacity 121782K, committed 122088K, reserved 1155072K
  class space    used 16157K, capacity 16535K, committed 16628K, reserved 1048576K
Event: 2420.522 GC heap after
Heap after GC invocations=170 (full 28):
 par new generation   total 306688K, used 34048K [0x0000000505c00000, 0x000000051a8c0000, 0x000000051a8c0000)
  eden space 272640K,   0% used [0x0000000505c00000, 0x0000000505c00000, 0x0000000516640000)
  from space 34048K, 100% used [0x0000000516640000, 0x0000000518780000, 0x0000000518780000)
  to   space 34048K,   0% used [0x0000000518780000, 0x0000000518780000, 0x000000051a8c0000)
 concurrent mark-sweep generation total 6475620K, used 6475065K [0x000000051a8c0000, 0x00000006a5c99000, 0x00000007c0000000)
 Metaspace       used 119850K, capacity 121782K, committed 122088K, reserved 1155072K
  class space    used 16157K, capacity 16535K, committed 16628K, reserved 1048576K
}
Event: 2420.749 GC heap before
{Heap before GC invocations=170 (full 28):
 par new generation   total 306688K, used 306688K [0x0000000505c00000, 0x000000051a8c0000, 0x000000051a8c0000)
  eden space 272640K, 100% used [0x0000000505c00000, 0x0000000516640000, 0x0000000516640000)
  from space 34048K, 100% used [0x0000000516640000, 0x0000000518780000, 0x0000000518780000)
  to   space 34048K,   0% used [0x0000000518780000, 0x0000000518780000, 0x000000051a8c0000)
 concurrent mark-sweep generation total 6475620K, used 6475065K [0x000000051a8c0000, 0x00000006a5c99000, 0x00000007c0000000)
 Metaspace       used 119850K, capacity 121782K, committed 122088K, reserved 1155072K
  class space    used 16157K, capacity 16535K, committed 16628K, reserved 1048576K
Event: 2421.254 GC heap after
Heap after GC invocations=171 (full 28):
 par new generation   total 306688K, used 34046K [0x0000000505c00000, 0x000000051a8c0000, 0x000000051a8c0000)
  eden space 272640K,   0% used [0x0000000505c00000, 0x0000000505c00000, 0x0000000516640000)
  from space 34048K,  99% used [0x0000000518780000, 0x000000051a8bf9a0, 0x000000051a8c0000)
  to   space 34048K,   0% used [0x0000000516640000, 0x0000000516640000, 0x0000000518780000)
 concurrent mark-sweep generation total 6748068K, used 6747605K [0x000000051a8c0000, 0x00000006b66a9000, 0x00000007c0000000)
 Metaspace       used 119850K, capacity 121782K, committed 122088K, reserved 1155072K
  class space    used 16157K, capacity 16535K, committed 16628K, reserved 1048576K
}
Event: 2421.567 GC heap before
{Heap before GC invocations=171 (full 28):
 par new generation   total 306688K, used 306686K [0x0000000505c00000, 0x000000051a8c0000, 0x000000051a8c0000)
  eden space 272640K, 100% used [0x0000000505c00000, 0x0000000516640000, 0x0000000516640000)
  from space 34048K,  99% used [0x0000000518780000, 0x000000051a8bf9a0, 0x000000051a8c0000)
  to   space 34048K,   0% used [0x0000000516640000, 0x0000000516640000, 0x0000000518780000)
 concurrent mark-sweep generation total 6748068K, used 6747605K [0x000000051a8c0000, 0x00000006b66a9000, 0x00000007c0000000)
 Metaspace       used 119884K, capacity 121782K, committed 122088K, reserved 1155072K
  class space    used 16157K, capacity 16535K, committed 16628K, reserved 1048576K
Event: 2422.023 GC heap after
Heap after GC invocations=172 (full 28):
 par new generation   total 306688K, used 34046K [0x0000000505c00000, 0x000000051a8c0000, 0x000000051a8c0000)
  eden space 272640K,   0% used [0x0000000505c00000, 0x0000000505c00000, 0x0000000516640000)
  from space 34048K,  99% used [0x0000000516640000, 0x000000051877f900, 0x0000000518780000)
  to   space 34048K,   0% used [0x0000000518780000, 0x0000000518780000, 0x000000051a8c0000)
 concurrent mark-sweep generation total 6986148K, used 6985555K [0x000000051a8c0000, 0x00000006c4f29000, 0x00000007c0000000)
 Metaspace       used 119884K, capacity 121782K, committed 122088K, reserved 1155072K
  class space    used 16157K, capacity 16535K, committed 16628K, reserved 1048576K
}
Event: 2422.316 GC heap before
{Heap before GC invocations=172 (full 28):
 par new generation   total 306688K, used 306686K [0x0000000505c00000, 0x000000051a8c0000, 0x000000051a8c0000)
  eden space 272640K, 100% used [0x0000000505c00000, 0x0000000516640000, 0x0000000516640000)
  from space 34048K,  99% used [0x0000000516640000, 0x000000051877f900, 0x0000000518780000)
  to   space 34048K,   0% used [0x0000000518780000, 0x0000000518780000, 0x000000051a8c0000)
 concurrent mark-sweep generation total 6986148K, used 6985555K [0x000000051a8c0000, 0x00000006c4f29000, 0x00000007c0000000)
 Metaspace       used 119920K, capacity 121846K, committed 122088K, reserved 1155072K
  class space    used 16157K, capacity 16535K, committed 16628K, reserved 1048576K
Event: 2422.765 GC heap after
Heap after GC invocations=173 (full 28):
 par new generation   total 306688K, used 34046K [0x0000000505c00000, 0x000000051a8c0000, 0x000000051a8c0000)
  eden space 272640K,   0% used [0x0000000505c00000, 0x0000000505c00000, 0x0000000516640000)
  from space 34048K,  99% used [0x0000000518780000, 0x000000051a8bf8a0, 0x000000051a8c0000)
  to   space 34048K,   0% used [0x0000000516640000, 0x0000000516640000, 0x0000000518780000)
 concurrent mark-sweep generation total 7232484K, used 7231880K [0x000000051a8c0000, 0x00000006d3fb9000, 0x00000007c0000000)
 Metaspace       used 119920K, capacity 121846K, committed 122088K, reserved 1155072K
  class space    used 16157K, capacity 16535K, committed 16628K, reserved 1048576K
}
Event: 2423.133 GC heap before
{Heap before GC invocations=173 (full 28):
 par new generation   total 306688K, used 251518K [0x0000000505c00000, 0x000000051a8c0000, 0x000000051a8c0000)
  eden space 272640K,  79% used [0x0000000505c00000, 0x0000000513060050, 0x0000000516640000)
  from space 34048K,  99% used [0x0000000518780000, 0x000000051a8bf8a0, 0x000000051a8c0000)
  to   space 34048K,   0% used [0x0000000516640000, 0x0000000516640000, 0x0000000518780000)
 concurrent mark-sweep generation total 7232484K, used 7231880K [0x000000051a8c0000, 0x00000006d3fb9000, 0x00000007c0000000)
 Metaspace       used 119921K, capacity 121846K, committed 122088K, reserved 1155072K
  class space    used 16157K, capacity 16535K, committed 16628K, reserved 1048576K

